INFO:root:Epoch 1/500
INFO:root:----------
INFO:root:Training:   Loss: 11.2957 RMSE: 3.3609
INFO:root:Validation: Loss: 9.1612 RMSE: 3.0267
INFO:root:Epoch complete in 1m 29s
INFO:root:Epoch 2/500
INFO:root:----------
INFO:root:Training:   Loss: 4.9376 RMSE: 2.2221
INFO:root:Validation: Loss: 9.7983 RMSE: 3.1302
INFO:root:Epoch complete in 1m 28s
INFO:root:Epoch 3/500
INFO:root:----------
INFO:root:Training:   Loss: 3.7351 RMSE: 1.9326
INFO:root:Validation: Loss: 7.8367 RMSE: 2.7994
INFO:root:Epoch complete in 1m 29s
INFO:root:Epoch 4/500
INFO:root:----------
INFO:root:Training:   Loss: 3.0217 RMSE: 1.7383
INFO:root:Validation: Loss: 8.2684 RMSE: 2.8755
INFO:root:Epoch complete in 1m 28s
INFO:root:Epoch 5/500
INFO:root:----------
INFO:root:Training:   Loss: 2.4960 RMSE: 1.5799
INFO:root:Validation: Loss: 7.1101 RMSE: 2.6665
INFO:root:Epoch complete in 1m 28s
INFO:root:Epoch 6/500
INFO:root:----------
