INFO:root:Epoch 1/500
INFO:root:----------
INFO:root:Training:   Loss: 18.9201 RMSE: 4.3497
INFO:root:Validation: Loss: 9.4477 RMSE: 3.0737
INFO:root:Epoch complete in 1m 28s
INFO:root:Epoch 2/500
INFO:root:----------
INFO:root:Training:   Loss: 8.5083 RMSE: 2.9169
INFO:root:Validation: Loss: 8.7553 RMSE: 2.9589
INFO:root:Epoch complete in 1m 29s
INFO:root:Epoch 3/500
INFO:root:----------
INFO:root:Training:   Loss: 6.0051 RMSE: 2.4505
INFO:root:Validation: Loss: 7.3931 RMSE: 2.7190
INFO:root:Epoch complete in 1m 30s
INFO:root:Epoch 4/500
INFO:root:----------
INFO:root:Training:   Loss: 4.4663 RMSE: 2.1134
INFO:root:Validation: Loss: 7.6768 RMSE: 2.7707
INFO:root:Epoch complete in 1m 29s
INFO:root:Epoch 5/500
INFO:root:----------
INFO:root:Training:   Loss: 3.4475 RMSE: 1.8567
INFO:root:Validation: Loss: 6.4096 RMSE: 2.5317
INFO:root:Epoch complete in 1m 29s
INFO:root:Epoch 6/500
INFO:root:----------
INFO:root:Training:   Loss: 2.7680 RMSE: 1.6637
INFO:root:Validation: Loss: 7.6741 RMSE: 2.7702
INFO:root:Epoch complete in 1m 28s
INFO:root:Epoch 7/500
INFO:root:----------
INFO:root:Training:   Loss: 2.3103 RMSE: 1.5200
INFO:root:Validation: Loss: 6.3440 RMSE: 2.5187
INFO:root:Epoch complete in 1m 29s
INFO:root:Epoch 8/500
INFO:root:----------
INFO:root:Training:   Loss: 1.9878 RMSE: 1.4099
INFO:root:Validation: Loss: 6.6528 RMSE: 2.5793
INFO:root:Epoch complete in 1m 29s
INFO:root:Epoch 9/500
INFO:root:----------
INFO:root:Training:   Loss: 1.7874 RMSE: 1.3369
INFO:root:Validation: Loss: 6.5112 RMSE: 2.5517
INFO:root:Epoch complete in 1m 28s
INFO:root:Epoch 10/500
INFO:root:----------
INFO:root:Training:   Loss: 1.5985 RMSE: 1.2643
INFO:root:Validation: Loss: 6.4130 RMSE: 2.5324
INFO:root:Epoch complete in 1m 29s
INFO:root:Epoch 11/500
INFO:root:----------
INFO:root:Training:   Loss: 1.4899 RMSE: 1.2206
INFO:root:Validation: Loss: 6.3157 RMSE: 2.5131
INFO:root:Epoch complete in 1m 28s
INFO:root:Epoch 12/500
INFO:root:----------
INFO:root:Training:   Loss: 1.4254 RMSE: 1.1939
INFO:root:Validation: Loss: 6.3148 RMSE: 2.5129
INFO:root:Epoch complete in 1m 29s
INFO:root:Epoch 13/500
INFO:root:----------
INFO:root:Training:   Loss: 1.3425 RMSE: 1.1587
INFO:root:Validation: Loss: 6.1451 RMSE: 2.4789
INFO:root:Epoch complete in 1m 29s
INFO:root:Epoch 14/500
INFO:root:----------
INFO:root:Training:   Loss: 1.3062 RMSE: 1.1429
INFO:root:Validation: Loss: 6.1827 RMSE: 2.4865
INFO:root:Epoch complete in 1m 28s
INFO:root:Epoch 15/500
INFO:root:----------
INFO:root:Training:   Loss: 1.2817 RMSE: 1.1321
INFO:root:Validation: Loss: 6.2606 RMSE: 2.5021
INFO:root:Epoch complete in 1m 28s
INFO:root:Epoch 16/500
INFO:root:----------
INFO:root:Training:   Loss: 1.2383 RMSE: 1.1128
INFO:root:Validation: Loss: 6.0322 RMSE: 2.4561
INFO:root:Epoch complete in 1m 29s
INFO:root:Epoch 17/500
INFO:root:----------
INFO:root:Training:   Loss: 1.2166 RMSE: 1.1030
INFO:root:Validation: Loss: 5.8751 RMSE: 2.4239
INFO:root:Epoch complete in 1m 30s
INFO:root:Epoch 18/500
INFO:root:----------
INFO:root:Training:   Loss: 1.1987 RMSE: 1.0948
INFO:root:Validation: Loss: 6.0130 RMSE: 2.4521
INFO:root:Epoch complete in 1m 28s
INFO:root:Epoch 19/500
INFO:root:----------
INFO:root:Training:   Loss: 1.2030 RMSE: 1.0968
INFO:root:Validation: Loss: 5.8839 RMSE: 2.4257
INFO:root:Epoch complete in 1m 28s
INFO:root:Epoch 20/500
INFO:root:----------
INFO:root:Training:   Loss: 1.1671 RMSE: 1.0803
INFO:root:Validation: Loss: 6.1771 RMSE: 2.4854
INFO:root:Epoch complete in 1m 28s
INFO:root:Epoch 21/500
INFO:root:----------
INFO:root:Training:   Loss: 1.1670 RMSE: 1.0803
INFO:root:Validation: Loss: 5.8929 RMSE: 2.4275
INFO:root:Epoch complete in 1m 28s
INFO:root:Epoch 22/500
INFO:root:----------
INFO:root:Training:   Loss: 1.1691 RMSE: 1.0813
INFO:root:Validation: Loss: 6.1642 RMSE: 2.4828
INFO:root:Epoch complete in 1m 29s
INFO:root:Epoch 23/500
INFO:root:----------
INFO:root:Training:   Loss: 1.1778 RMSE: 1.0853
INFO:root:Validation: Loss: 5.9950 RMSE: 2.4485
INFO:root:Epoch complete in 1m 29s
INFO:root:Epoch 24/500
INFO:root:----------
INFO:root:Training:   Loss: 1.1708 RMSE: 1.0820
INFO:root:Validation: Loss: 5.9886 RMSE: 2.4472
INFO:root:Epoch complete in 1m 30s
INFO:root:Epoch 25/500
INFO:root:----------
INFO:root:Training:   Loss: 1.1515 RMSE: 1.0731
INFO:root:Validation: Loss: 5.9569 RMSE: 2.4407
INFO:root:Epoch complete in 1m 31s
INFO:root:Epoch 26/500
INFO:root:----------
INFO:root:Training:   Loss: 1.1446 RMSE: 1.0699
INFO:root:Validation: Loss: 6.0440 RMSE: 2.4585
INFO:root:Epoch complete in 1m 31s
INFO:root:Epoch 27/500
INFO:root:----------
INFO:root:Training:   Loss: 1.1454 RMSE: 1.0703
INFO:root:Validation: Loss: 5.9757 RMSE: 2.4445
INFO:root:Epoch complete in 1m 31s
INFO:root:Epoch 28/500
INFO:root:----------
INFO:root:Training:   Loss: 1.1395 RMSE: 1.0675
INFO:root:Validation: Loss: 5.7329 RMSE: 2.3943
INFO:root:Epoch complete in 1m 31s
INFO:root:Epoch 29/500
INFO:root:----------
INFO:root:Training:   Loss: 1.1361 RMSE: 1.0659
INFO:root:Validation: Loss: 5.7180 RMSE: 2.3912
INFO:root:Epoch complete in 1m 31s
INFO:root:Epoch 30/500
INFO:root:----------
INFO:root:Training:   Loss: 1.1355 RMSE: 1.0656
INFO:root:Validation: Loss: 5.7440 RMSE: 2.3967
INFO:root:Epoch complete in 1m 31s
INFO:root:Epoch 31/500
INFO:root:----------
INFO:root:Training:   Loss: 1.1163 RMSE: 1.0566
INFO:root:Validation: Loss: 5.9477 RMSE: 2.4388
INFO:root:Epoch complete in 1m 31s
INFO:root:Epoch 32/500
INFO:root:----------
INFO:root:Training:   Loss: 1.1116 RMSE: 1.0543
INFO:root:Validation: Loss: 5.8813 RMSE: 2.4251
INFO:root:Epoch complete in 1m 30s
INFO:root:Epoch 33/500
INFO:root:----------
INFO:root:Training:   Loss: 1.1431 RMSE: 1.0692
INFO:root:Validation: Loss: 5.9658 RMSE: 2.4425
INFO:root:Epoch complete in 1m 29s
INFO:root:Epoch 34/500
INFO:root:----------
INFO:root:Training:   Loss: 1.1050 RMSE: 1.0512
INFO:root:Validation: Loss: 5.7588 RMSE: 2.3997
INFO:root:Epoch complete in 1m 31s
INFO:root:Epoch 35/500
INFO:root:----------
INFO:root:Training:   Loss: 1.1234 RMSE: 1.0599
INFO:root:Validation: Loss: 6.2647 RMSE: 2.5029
INFO:root:Epoch complete in 1m 30s
INFO:root:Epoch 36/500
INFO:root:----------
INFO:root:Training:   Loss: 1.1242 RMSE: 1.0603
INFO:root:Validation: Loss: 5.9566 RMSE: 2.4406
INFO:root:Epoch complete in 1m 31s
INFO:root:Epoch 37/500
INFO:root:----------
INFO:root:Training:   Loss: 1.1310 RMSE: 1.0635
INFO:root:Validation: Loss: 5.9075 RMSE: 2.4305
INFO:root:Epoch complete in 1m 31s
INFO:root:Epoch 38/500
INFO:root:----------
INFO:root:Training:   Loss: 1.0834 RMSE: 1.0409
INFO:root:Validation: Loss: 5.7391 RMSE: 2.3956
INFO:root:Epoch complete in 1m 29s
INFO:root:Epoch 39/500
INFO:root:----------
INFO:root:Training:   Loss: 1.1057 RMSE: 1.0515
INFO:root:Validation: Loss: 5.9400 RMSE: 2.4372
INFO:root:Epoch complete in 1m 29s
INFO:root:Epoch 40/500
INFO:root:----------
INFO:root:Training:   Loss: 1.1099 RMSE: 1.0535
INFO:root:Validation: Loss: 5.9430 RMSE: 2.4378
INFO:root:Epoch complete in 1m 30s
INFO:root:Epoch 41/500
INFO:root:----------
INFO:root:Training:   Loss: 1.1197 RMSE: 1.0582
INFO:root:Validation: Loss: 5.8607 RMSE: 2.4209
INFO:root:Epoch complete in 1m 30s
INFO:root:Epoch 42/500
INFO:root:----------
INFO:root:Training:   Loss: 1.1169 RMSE: 1.0568
INFO:root:Validation: Loss: 5.7747 RMSE: 2.4031
INFO:root:Epoch complete in 1m 30s
INFO:root:Epoch 43/500
INFO:root:----------
INFO:root:Training:   Loss: 1.1119 RMSE: 1.0545
INFO:root:Validation: Loss: 5.8585 RMSE: 2.4204
INFO:root:Epoch complete in 1m 31s
INFO:root:Epoch 44/500
INFO:root:----------
INFO:root:Training:   Loss: 1.1247 RMSE: 1.0605
INFO:root:Validation: Loss: 5.8492 RMSE: 2.4185
INFO:root:Epoch complete in 1m 30s
INFO:root:Epoch 45/500
INFO:root:----------
INFO:root:Training:   Loss: 1.1140 RMSE: 1.0555
INFO:root:Validation: Loss: 5.7930 RMSE: 2.4069
INFO:root:Epoch complete in 1m 30s
INFO:root:Epoch 46/500
INFO:root:----------
INFO:root:Training:   Loss: 1.1073 RMSE: 1.0523
INFO:root:Validation: Loss: 5.6462 RMSE: 2.3762
INFO:root:Epoch complete in 1m 30s
INFO:root:Epoch 47/500
INFO:root:----------
INFO:root:Training:   Loss: 1.0900 RMSE: 1.0441
INFO:root:Validation: Loss: 6.0333 RMSE: 2.4563
INFO:root:Epoch complete in 1m 31s
INFO:root:Epoch 48/500
INFO:root:----------
INFO:root:Training:   Loss: 1.0810 RMSE: 1.0397
INFO:root:Validation: Loss: 5.8792 RMSE: 2.4247
INFO:root:Epoch complete in 1m 30s
INFO:root:Epoch 49/500
INFO:root:----------
INFO:root:Training:   Loss: 1.0852 RMSE: 1.0417
INFO:root:Validation: Loss: 6.0650 RMSE: 2.4627
INFO:root:Epoch complete in 1m 28s
INFO:root:Epoch 50/500
INFO:root:----------
INFO:root:Training:   Loss: 1.0884 RMSE: 1.0433
INFO:root:Validation: Loss: 6.1283 RMSE: 2.4755
INFO:root:Epoch complete in 1m 28s
INFO:root:Epoch 51/500
INFO:root:----------
INFO:root:Training:   Loss: 1.1031 RMSE: 1.0503
INFO:root:Validation: Loss: 6.1116 RMSE: 2.4722
INFO:root:Epoch complete in 1m 28s
INFO:root:Epoch 52/500
INFO:root:----------
INFO:root:Training:   Loss: 1.0700 RMSE: 1.0344
INFO:root:Validation: Loss: 5.8429 RMSE: 2.4172
INFO:root:Epoch complete in 1m 29s
INFO:root:Epoch 53/500
INFO:root:----------
INFO:root:Training:   Loss: 1.0984 RMSE: 1.0481
INFO:root:Validation: Loss: 5.8964 RMSE: 2.4283
INFO:root:Epoch complete in 1m 28s
INFO:root:Epoch 54/500
INFO:root:----------
INFO:root:Training:   Loss: 1.0665 RMSE: 1.0327
INFO:root:Validation: Loss: 5.9818 RMSE: 2.4458
INFO:root:Epoch complete in 1m 29s
INFO:root:Epoch 55/500
INFO:root:----------
INFO:root:Training:   Loss: 1.0618 RMSE: 1.0304
INFO:root:Validation: Loss: 5.9268 RMSE: 2.4345
INFO:root:Epoch complete in 1m 28s
INFO:root:Epoch 56/500
INFO:root:----------
INFO:root:Training:   Loss: 1.0958 RMSE: 1.0468
INFO:root:Validation: Loss: 5.8346 RMSE: 2.4155
INFO:root:Epoch complete in 1m 28s
INFO:root:Epoch 57/500
INFO:root:----------
INFO:root:Training:   Loss: 1.0781 RMSE: 1.0383
INFO:root:Validation: Loss: 6.0042 RMSE: 2.4503
INFO:root:Epoch complete in 1m 29s
INFO:root:Epoch 58/500
INFO:root:----------
INFO:root:Training:   Loss: 1.1086 RMSE: 1.0529
INFO:root:Validation: Loss: 5.8347 RMSE: 2.4155
INFO:root:Epoch complete in 1m 28s
INFO:root:Epoch 59/500
INFO:root:----------
INFO:root:Training:   Loss: 1.0879 RMSE: 1.0430
INFO:root:Validation: Loss: 5.8529 RMSE: 2.4193
INFO:root:Epoch complete in 1m 29s
INFO:root:Epoch 60/500
INFO:root:----------
INFO:root:Training:   Loss: 1.0719 RMSE: 1.0353
INFO:root:Validation: Loss: 5.7466 RMSE: 2.3972
INFO:root:Epoch complete in 1m 27s
INFO:root:Epoch 61/500
INFO:root:----------
INFO:root:Training:   Loss: 1.0783 RMSE: 1.0384
INFO:root:Validation: Loss: 6.0936 RMSE: 2.4685
INFO:root:Epoch complete in 1m 27s
INFO:root:Epoch 62/500
INFO:root:----------
INFO:root:Training:   Loss: 1.0860 RMSE: 1.0421
INFO:root:Validation: Loss: 5.8243 RMSE: 2.4134
INFO:root:Epoch complete in 1m 28s
INFO:root:Epoch 63/500
INFO:root:----------
INFO:root:Training:   Loss: 1.0567 RMSE: 1.0280
INFO:root:Validation: Loss: 6.1194 RMSE: 2.4737
INFO:root:Epoch complete in 1m 29s
INFO:root:Epoch 64/500
INFO:root:----------
INFO:root:Training:   Loss: 1.0715 RMSE: 1.0352
INFO:root:Validation: Loss: 6.2293 RMSE: 2.4958
INFO:root:Epoch complete in 1m 29s
INFO:root:Epoch 65/500
INFO:root:----------
INFO:root:Training:   Loss: 1.0605 RMSE: 1.0298
INFO:root:Validation: Loss: 5.7976 RMSE: 2.4078
INFO:root:Epoch complete in 1m 28s
INFO:root:Epoch 66/500
INFO:root:----------
INFO:root:Training:   Loss: 1.0683 RMSE: 1.0336
INFO:root:Validation: Loss: 5.7655 RMSE: 2.4011
INFO:root:Epoch complete in 1m 30s
INFO:root:Epoch 67/500
INFO:root:----------
INFO:root:Training:   Loss: 1.0653 RMSE: 1.0321
INFO:root:Validation: Loss: 6.0800 RMSE: 2.4658
INFO:root:Epoch complete in 1m 29s
INFO:root:Epoch 68/500
INFO:root:----------
INFO:root:Training:   Loss: 1.0700 RMSE: 1.0344
INFO:root:Validation: Loss: 5.9709 RMSE: 2.4435
INFO:root:Epoch complete in 1m 28s
INFO:root:Epoch 69/500
INFO:root:----------
INFO:root:Training:   Loss: 1.0641 RMSE: 1.0315
INFO:root:Validation: Loss: 5.7095 RMSE: 2.3895
INFO:root:Epoch complete in 1m 29s
INFO:root:Epoch 70/500
INFO:root:----------
INFO:root:Training:   Loss: 1.0345 RMSE: 1.0171
INFO:root:Validation: Loss: 6.0316 RMSE: 2.4559
INFO:root:Epoch complete in 1m 29s
INFO:root:Epoch 71/500
INFO:root:----------
INFO:root:Training:   Loss: 1.0609 RMSE: 1.0300
INFO:root:Validation: Loss: 6.1056 RMSE: 2.4710
INFO:root:Epoch complete in 1m 28s
INFO:root:Epoch 72/500
INFO:root:----------
INFO:root:Training:   Loss: 1.0746 RMSE: 1.0366
INFO:root:Validation: Loss: 5.9325 RMSE: 2.4357
INFO:root:Epoch complete in 1m 30s
INFO:root:Epoch 73/500
INFO:root:----------
INFO:root:Training:   Loss: 1.0855 RMSE: 1.0419
INFO:root:Validation: Loss: 5.7987 RMSE: 2.4080
INFO:root:Epoch complete in 1m 29s
INFO:root:Epoch 74/500
INFO:root:----------
INFO:root:Training:   Loss: 1.0498 RMSE: 1.0246
INFO:root:Validation: Loss: 6.1454 RMSE: 2.4790
INFO:root:Epoch complete in 1m 29s
INFO:root:Epoch 75/500
INFO:root:----------
INFO:root:Training:   Loss: 1.0890 RMSE: 1.0435
INFO:root:Validation: Loss: 5.9538 RMSE: 2.4400
INFO:root:Epoch complete in 1m 29s
INFO:root:Epoch 76/500
INFO:root:----------
INFO:root:Training:   Loss: 1.0369 RMSE: 1.0183
INFO:root:Validation: Loss: 5.9363 RMSE: 2.4364
INFO:root:Epoch complete in 1m 28s
INFO:root:Epoch 77/500
INFO:root:----------
INFO:root:Training:   Loss: 1.0263 RMSE: 1.0131
INFO:root:Validation: Loss: 6.1218 RMSE: 2.4742
INFO:root:Epoch complete in 1m 28s
INFO:root:Epoch 78/500
INFO:root:----------
INFO:root:Training:   Loss: 1.0463 RMSE: 1.0229
INFO:root:Validation: Loss: 5.9688 RMSE: 2.4431
INFO:root:Epoch complete in 1m 27s
INFO:root:Epoch 79/500
INFO:root:----------
INFO:root:Training:   Loss: 1.0371 RMSE: 1.0184
INFO:root:Validation: Loss: 6.1420 RMSE: 2.4783
INFO:root:Epoch complete in 1m 28s
INFO:root:Epoch 80/500
INFO:root:----------
INFO:root:Training:   Loss: 1.0562 RMSE: 1.0277
INFO:root:Validation: Loss: 6.1387 RMSE: 2.4776
INFO:root:Epoch complete in 1m 30s
INFO:root:Epoch 81/500
INFO:root:----------
INFO:root:Training:   Loss: 1.0522 RMSE: 1.0258
INFO:root:Validation: Loss: 5.8975 RMSE: 2.4285
INFO:root:Epoch complete in 1m 29s
INFO:root:Epoch 82/500
INFO:root:----------
INFO:root:Training:   Loss: 1.0334 RMSE: 1.0166
INFO:root:Validation: Loss: 5.9407 RMSE: 2.4374
INFO:root:Epoch complete in 1m 28s
INFO:root:Epoch 83/500
INFO:root:----------
INFO:root:Training:   Loss: 1.0498 RMSE: 1.0246
INFO:root:Validation: Loss: 6.1108 RMSE: 2.4720
INFO:root:Epoch complete in 1m 28s
INFO:root:Epoch 84/500
INFO:root:----------
INFO:root:Training:   Loss: 1.0406 RMSE: 1.0201
INFO:root:Validation: Loss: 6.3165 RMSE: 2.5133
INFO:root:Epoch complete in 1m 27s
INFO:root:Epoch 85/500
INFO:root:----------
INFO:root:Training:   Loss: 1.0380 RMSE: 1.0188
INFO:root:Validation: Loss: 5.9378 RMSE: 2.4368
INFO:root:Epoch complete in 1m 28s
INFO:root:Epoch 86/500
INFO:root:----------
INFO:root:Training:   Loss: 1.0277 RMSE: 1.0138
INFO:root:Validation: Loss: 5.9398 RMSE: 2.4372
INFO:root:Epoch complete in 1m 29s
INFO:root:Epoch 87/500
INFO:root:----------
INFO:root:Training:   Loss: 1.0501 RMSE: 1.0247
INFO:root:Validation: Loss: 5.8900 RMSE: 2.4269
INFO:root:Epoch complete in 1m 28s
INFO:root:Epoch 88/500
INFO:root:----------
INFO:root:Training:   Loss: 1.0507 RMSE: 1.0250
INFO:root:Validation: Loss: 5.9722 RMSE: 2.4438
INFO:root:Epoch complete in 1m 28s
INFO:root:Epoch 89/500
INFO:root:----------
INFO:root:Training:   Loss: 1.0493 RMSE: 1.0244
INFO:root:Validation: Loss: 5.7899 RMSE: 2.4062
INFO:root:Epoch complete in 1m 28s
INFO:root:Epoch 90/500
INFO:root:----------
INFO:root:Training:   Loss: 1.0557 RMSE: 1.0275
INFO:root:Validation: Loss: 5.6703 RMSE: 2.3812
INFO:root:Epoch complete in 1m 28s
INFO:root:Epoch 91/500
INFO:root:----------
INFO:root:Training:   Loss: 1.0605 RMSE: 1.0298
INFO:root:Validation: Loss: 5.8695 RMSE: 2.4227
INFO:root:Epoch complete in 1m 28s
INFO:root:Epoch 92/500
INFO:root:----------
INFO:root:Training:   Loss: 1.0234 RMSE: 1.0117
INFO:root:Validation: Loss: 5.8650 RMSE: 2.4218
INFO:root:Epoch complete in 1m 28s
INFO:root:Epoch 93/500
INFO:root:----------
INFO:root:Training:   Loss: 1.0462 RMSE: 1.0229
INFO:root:Validation: Loss: 5.8220 RMSE: 2.4129
INFO:root:Epoch complete in 1m 28s
INFO:root:Epoch 94/500
INFO:root:----------
INFO:root:Training:   Loss: 1.0310 RMSE: 1.0154
INFO:root:Validation: Loss: 5.9975 RMSE: 2.4490
INFO:root:Epoch complete in 1m 29s
INFO:root:Epoch 95/500
INFO:root:----------
INFO:root:Training:   Loss: 1.0334 RMSE: 1.0166
INFO:root:Validation: Loss: 5.9446 RMSE: 2.4382
INFO:root:Epoch complete in 1m 29s
INFO:root:Epoch 96/500
INFO:root:----------
INFO:root:Training:   Loss: 1.0531 RMSE: 1.0262
INFO:root:Validation: Loss: 5.8261 RMSE: 2.4137
INFO:root:Early stopping...
INFO:root:Training complete in 2h 22m 21s
INFO:root:Best Val Loss: 5.6462 RMSE: 2.3762
