INFO:root:Epoch 1/250
INFO:root:----------
INFO:root:Training:   Loss: 21.6096 RMSE: 4.6486
INFO:root:Validation: Loss: 16.1965 RMSE: 4.0245
INFO:root:Epoch complete in 2m 53s
INFO:root:Epoch 2/250
INFO:root:----------
INFO:root:Training:   Loss: 10.5597 RMSE: 3.2496
INFO:root:Validation: Loss: 15.0117 RMSE: 3.8745
INFO:root:Epoch complete in 2m 53s
INFO:root:Epoch 3/250
INFO:root:----------
INFO:root:Training:   Loss: 9.8221 RMSE: 3.1340
INFO:root:Validation: Loss: 13.7881 RMSE: 3.7132
INFO:root:Epoch complete in 2m 52s
INFO:root:Epoch 4/250
INFO:root:----------
INFO:root:Training:   Loss: 8.5595 RMSE: 2.9257
INFO:root:Validation: Loss: 17.3758 RMSE: 4.1684
INFO:root:Epoch complete in 2m 51s
INFO:root:Epoch 5/250
INFO:root:----------
INFO:root:Training:   Loss: 8.5230 RMSE: 2.9194
INFO:root:Validation: Loss: 12.9719 RMSE: 3.6016
INFO:root:Epoch complete in 2m 52s
INFO:root:Epoch 6/250
INFO:root:----------
INFO:root:Training:   Loss: 8.9470 RMSE: 2.9912
INFO:root:Validation: Loss: 13.2348 RMSE: 3.6380
INFO:root:Epoch complete in 2m 51s
INFO:root:Epoch 7/250
INFO:root:----------
INFO:root:Training:   Loss: 7.0370 RMSE: 2.6527
INFO:root:Validation: Loss: 11.9027 RMSE: 3.4500
INFO:root:Epoch complete in 2m 52s
INFO:root:Epoch 8/250
INFO:root:----------
INFO:root:Training:   Loss: 7.5247 RMSE: 2.7431
INFO:root:Validation: Loss: 12.0658 RMSE: 3.4736
INFO:root:Epoch complete in 2m 52s
INFO:root:Epoch 9/250
INFO:root:----------
INFO:root:Training:   Loss: 7.3181 RMSE: 2.7052
INFO:root:Validation: Loss: 12.0685 RMSE: 3.4740
INFO:root:Epoch complete in 2m 51s
INFO:root:Epoch 10/250
INFO:root:----------
INFO:root:Training:   Loss: 6.9974 RMSE: 2.6453
INFO:root:Validation: Loss: 11.2987 RMSE: 3.3614
INFO:root:Epoch complete in 2m 51s
INFO:root:Epoch 11/250
INFO:root:----------
INFO:root:Training:   Loss: 6.9233 RMSE: 2.6312
INFO:root:Validation: Loss: 12.2008 RMSE: 3.4930
INFO:root:Epoch complete in 2m 51s
INFO:root:Epoch 12/250
INFO:root:----------
INFO:root:Training:   Loss: 6.6588 RMSE: 2.5805
INFO:root:Validation: Loss: 13.9873 RMSE: 3.7400
INFO:root:Epoch complete in 2m 51s
INFO:root:Epoch 13/250
INFO:root:----------
INFO:root:Training:   Loss: 6.7717 RMSE: 2.6022
INFO:root:Validation: Loss: 12.8400 RMSE: 3.5833
INFO:root:Epoch complete in 2m 52s
INFO:root:Epoch 14/250
INFO:root:----------
INFO:root:Training:   Loss: 6.3143 RMSE: 2.5128
INFO:root:Validation: Loss: 11.5491 RMSE: 3.3984
INFO:root:Epoch complete in 2m 54s
INFO:root:Epoch 15/250
INFO:root:----------
INFO:root:Training:   Loss: 6.2404 RMSE: 2.4981
INFO:root:Validation: Loss: 14.7836 RMSE: 3.8449
INFO:root:Epoch complete in 2m 54s
INFO:root:Epoch 16/250
INFO:root:----------
INFO:root:Training:   Loss: 6.5453 RMSE: 2.5584
INFO:root:Validation: Loss: 13.4369 RMSE: 3.6656
INFO:root:Epoch complete in 2m 55s
INFO:root:Epoch 17/250
INFO:root:----------
INFO:root:Training:   Loss: 7.0160 RMSE: 2.6488
INFO:root:Validation: Loss: 14.3491 RMSE: 3.7880
INFO:root:Epoch complete in 2m 53s
INFO:root:Epoch 18/250
INFO:root:----------
INFO:root:Training:   Loss: 5.8946 RMSE: 2.4279
INFO:root:Validation: Loss: 11.0913 RMSE: 3.3304
INFO:root:Epoch complete in 2m 52s
INFO:root:Epoch 19/250
INFO:root:----------
INFO:root:Training:   Loss: 6.0577 RMSE: 2.4612
INFO:root:Validation: Loss: 11.6464 RMSE: 3.4127
INFO:root:Epoch complete in 2m 52s
INFO:root:Epoch 20/250
INFO:root:----------
INFO:root:Training:   Loss: 6.0688 RMSE: 2.4635
INFO:root:Validation: Loss: 11.0947 RMSE: 3.3309
INFO:root:Epoch complete in 2m 52s
INFO:root:Epoch 21/250
INFO:root:----------
INFO:root:Training:   Loss: 5.8809 RMSE: 2.4251
INFO:root:Validation: Loss: 11.1451 RMSE: 3.3384
INFO:root:Epoch complete in 2m 52s
INFO:root:Epoch 22/250
INFO:root:----------
INFO:root:Training:   Loss: 5.7081 RMSE: 2.3892
INFO:root:Validation: Loss: 11.8639 RMSE: 3.4444
INFO:root:Epoch complete in 2m 51s
INFO:root:Epoch 23/250
INFO:root:----------
INFO:root:Training:   Loss: 5.7122 RMSE: 2.3900
INFO:root:Validation: Loss: 11.3124 RMSE: 3.3634
INFO:root:Epoch complete in 2m 52s
INFO:root:Epoch 24/250
INFO:root:----------
INFO:root:Training:   Loss: 5.2139 RMSE: 2.2834
INFO:root:Validation: Loss: 11.0337 RMSE: 3.3217
INFO:root:Epoch complete in 2m 52s
INFO:root:Epoch 25/250
INFO:root:----------
INFO:root:Training:   Loss: 5.1694 RMSE: 2.2736
INFO:root:Validation: Loss: 13.4259 RMSE: 3.6641
INFO:root:Epoch complete in 2m 52s
INFO:root:Epoch 26/250
INFO:root:----------
INFO:root:Training:   Loss: 5.0387 RMSE: 2.2447
INFO:root:Validation: Loss: 13.8541 RMSE: 3.7221
INFO:root:Epoch complete in 2m 53s
INFO:root:Epoch 27/250
INFO:root:----------
INFO:root:Training:   Loss: 4.9928 RMSE: 2.2344
INFO:root:Validation: Loss: 11.3379 RMSE: 3.3672
INFO:root:Epoch complete in 2m 55s
INFO:root:Epoch 28/250
INFO:root:----------
INFO:root:Training:   Loss: 4.7325 RMSE: 2.1754
INFO:root:Validation: Loss: 13.4644 RMSE: 3.6694
INFO:root:Epoch complete in 2m 57s
INFO:root:Epoch 29/250
INFO:root:----------
INFO:root:Training:   Loss: 5.3897 RMSE: 2.3216
INFO:root:Validation: Loss: 11.3608 RMSE: 3.3706
INFO:root:Epoch complete in 2m 57s
INFO:root:Epoch 30/250
INFO:root:----------
INFO:root:Training:   Loss: 5.0894 RMSE: 2.2560
INFO:root:Validation: Loss: 10.2039 RMSE: 3.1943
INFO:root:Epoch complete in 2m 57s
INFO:root:Epoch 31/250
INFO:root:----------
INFO:root:Training:   Loss: 5.1510 RMSE: 2.2696
INFO:root:Validation: Loss: 9.8299 RMSE: 3.1353
INFO:root:Epoch complete in 2m 55s
INFO:root:Epoch 32/250
INFO:root:----------
INFO:root:Training:   Loss: 4.6655 RMSE: 2.1600
INFO:root:Validation: Loss: 9.2088 RMSE: 3.0346
INFO:root:Epoch complete in 2m 53s
INFO:root:Epoch 33/250
INFO:root:----------
INFO:root:Training:   Loss: 4.7079 RMSE: 2.1698
INFO:root:Validation: Loss: 9.1914 RMSE: 3.0317
INFO:root:Epoch complete in 2m 54s
INFO:root:Epoch 34/250
INFO:root:----------
INFO:root:Training:   Loss: 4.7228 RMSE: 2.1732
INFO:root:Validation: Loss: 9.0138 RMSE: 3.0023
INFO:root:Epoch complete in 2m 53s
INFO:root:Epoch 35/250
INFO:root:----------
INFO:root:Training:   Loss: 4.9784 RMSE: 2.2312
INFO:root:Validation: Loss: 10.3939 RMSE: 3.2240
INFO:root:Epoch complete in 2m 53s
INFO:root:Epoch 36/250
INFO:root:----------
INFO:root:Training:   Loss: 5.1418 RMSE: 2.2676
INFO:root:Validation: Loss: 8.7807 RMSE: 2.9632
INFO:root:Epoch complete in 2m 54s
INFO:root:Epoch 37/250
INFO:root:----------
INFO:root:Training:   Loss: 4.5634 RMSE: 2.1362
INFO:root:Validation: Loss: 10.5105 RMSE: 3.2420
INFO:root:Epoch complete in 2m 54s
INFO:root:Epoch 38/250
INFO:root:----------
INFO:root:Training:   Loss: 4.4080 RMSE: 2.0995
INFO:root:Validation: Loss: 9.3493 RMSE: 3.0577
INFO:root:Epoch complete in 2m 54s
INFO:root:Epoch 39/250
INFO:root:----------
INFO:root:Training:   Loss: 4.4150 RMSE: 2.1012
INFO:root:Validation: Loss: 9.9334 RMSE: 3.1517
INFO:root:Epoch complete in 2m 52s
INFO:root:Epoch 40/250
INFO:root:----------
INFO:root:Training:   Loss: 4.6524 RMSE: 2.1569
INFO:root:Validation: Loss: 10.8787 RMSE: 3.2983
INFO:root:Epoch complete in 2m 53s
INFO:root:Epoch 41/250
INFO:root:----------
INFO:root:Training:   Loss: 4.1743 RMSE: 2.0431
INFO:root:Validation: Loss: 10.8615 RMSE: 3.2957
INFO:root:Epoch complete in 2m 54s
INFO:root:Epoch 42/250
INFO:root:----------
INFO:root:Training:   Loss: 4.1338 RMSE: 2.0332
INFO:root:Validation: Loss: 8.6141 RMSE: 2.9350
INFO:root:Epoch complete in 2m 56s
INFO:root:Epoch 43/250
INFO:root:----------
INFO:root:Training:   Loss: 4.1873 RMSE: 2.0463
INFO:root:Validation: Loss: 11.0115 RMSE: 3.3184
INFO:root:Epoch complete in 2m 57s
INFO:root:Epoch 44/250
INFO:root:----------
INFO:root:Training:   Loss: 5.0339 RMSE: 2.2436
INFO:root:Validation: Loss: 10.4353 RMSE: 3.2304
INFO:root:Epoch complete in 2m 55s
INFO:root:Epoch 45/250
INFO:root:----------
INFO:root:Training:   Loss: 4.2224 RMSE: 2.0548
INFO:root:Validation: Loss: 9.7071 RMSE: 3.1156
INFO:root:Epoch complete in 2m 54s
INFO:root:Epoch 46/250
INFO:root:----------
INFO:root:Training:   Loss: 4.2557 RMSE: 2.0629
INFO:root:Validation: Loss: 8.7420 RMSE: 2.9567
INFO:root:Epoch complete in 2m 52s
INFO:root:Epoch 47/250
INFO:root:----------
INFO:root:Training:   Loss: 4.5645 RMSE: 2.1365
INFO:root:Validation: Loss: 10.4912 RMSE: 3.2390
INFO:root:Epoch complete in 2m 51s
INFO:root:Epoch 48/250
INFO:root:----------
INFO:root:Training:   Loss: 4.4056 RMSE: 2.0990
INFO:root:Validation: Loss: 11.0298 RMSE: 3.3211
INFO:root:Epoch complete in 2m 52s
INFO:root:Epoch 49/250
INFO:root:----------
INFO:root:Training:   Loss: 5.1121 RMSE: 2.2610
INFO:root:Validation: Loss: 12.5949 RMSE: 3.5489
INFO:root:Epoch complete in 2m 52s
INFO:root:Epoch 50/250
INFO:root:----------
INFO:root:Training:   Loss: 4.1660 RMSE: 2.0411
INFO:root:Validation: Loss: 8.7396 RMSE: 2.9563
INFO:root:Epoch complete in 2m 52s
INFO:root:Epoch 51/250
INFO:root:----------
INFO:root:Training:   Loss: 3.9018 RMSE: 1.9753
INFO:root:Validation: Loss: 8.3178 RMSE: 2.8841
INFO:root:Epoch complete in 2m 55s
INFO:root:Epoch 52/250
INFO:root:----------
INFO:root:Training:   Loss: 4.2020 RMSE: 2.0499
INFO:root:Validation: Loss: 8.1710 RMSE: 2.8585
INFO:root:Epoch complete in 2m 55s
INFO:root:Epoch 53/250
INFO:root:----------
INFO:root:Training:   Loss: 4.1042 RMSE: 2.0259
INFO:root:Validation: Loss: 8.8385 RMSE: 2.9730
INFO:root:Epoch complete in 2m 56s
INFO:root:Epoch 54/250
INFO:root:----------
INFO:root:Training:   Loss: 4.0101 RMSE: 2.0025
INFO:root:Validation: Loss: 8.8929 RMSE: 2.9821
INFO:root:Epoch complete in 2m 58s
INFO:root:Epoch 55/250
INFO:root:----------
INFO:root:Training:   Loss: 3.7296 RMSE: 1.9312
INFO:root:Validation: Loss: 9.1963 RMSE: 3.0325
INFO:root:Epoch complete in 2m 58s
INFO:root:Epoch 56/250
INFO:root:----------
INFO:root:Training:   Loss: 3.7733 RMSE: 1.9425
INFO:root:Validation: Loss: 9.1580 RMSE: 3.0262
INFO:root:Epoch complete in 2m 57s
INFO:root:Epoch 57/250
INFO:root:----------
INFO:root:Training:   Loss: 3.5145 RMSE: 1.8747
INFO:root:Validation: Loss: 10.1512 RMSE: 3.1861
INFO:root:Epoch complete in 2m 56s
INFO:root:Epoch 58/250
INFO:root:----------
INFO:root:Training:   Loss: 3.5530 RMSE: 1.8849
INFO:root:Validation: Loss: 10.0465 RMSE: 3.1696
INFO:root:Epoch complete in 2m 54s
INFO:root:Epoch 59/250
INFO:root:----------
INFO:root:Training:   Loss: 4.0624 RMSE: 2.0155
INFO:root:Validation: Loss: 9.2847 RMSE: 3.0471
INFO:root:Epoch complete in 2m 54s
INFO:root:Epoch 60/250
INFO:root:----------
INFO:root:Training:   Loss: 3.4050 RMSE: 1.8453
INFO:root:Validation: Loss: 7.7245 RMSE: 2.7793
INFO:root:Epoch complete in 2m 52s
INFO:root:Epoch 61/250
INFO:root:----------
INFO:root:Training:   Loss: 3.5925 RMSE: 1.8954
INFO:root:Validation: Loss: 9.1259 RMSE: 3.0209
INFO:root:Epoch complete in 2m 54s
INFO:root:Epoch 62/250
INFO:root:----------
INFO:root:Training:   Loss: 3.6755 RMSE: 1.9172
INFO:root:Validation: Loss: 8.8119 RMSE: 2.9685
INFO:root:Epoch complete in 2m 55s
INFO:root:Epoch 63/250
INFO:root:----------
INFO:root:Training:   Loss: 3.5053 RMSE: 1.8723
INFO:root:Validation: Loss: 8.1655 RMSE: 2.8575
INFO:root:Epoch complete in 2m 55s
INFO:root:Epoch 64/250
INFO:root:----------
INFO:root:Training:   Loss: 3.4234 RMSE: 1.8502
INFO:root:Validation: Loss: 8.2093 RMSE: 2.8652
INFO:root:Epoch complete in 2m 55s
INFO:root:Epoch 65/250
INFO:root:----------
INFO:root:Training:   Loss: 3.6026 RMSE: 1.8981
INFO:root:Validation: Loss: 7.6259 RMSE: 2.7615
INFO:root:Epoch complete in 2m 55s
INFO:root:Epoch 66/250
INFO:root:----------
INFO:root:Training:   Loss: 3.2779 RMSE: 1.8105
INFO:root:Validation: Loss: 10.0125 RMSE: 3.1643
INFO:root:Epoch complete in 2m 56s
INFO:root:Epoch 67/250
INFO:root:----------
INFO:root:Training:   Loss: 3.7677 RMSE: 1.9410
INFO:root:Validation: Loss: 9.1067 RMSE: 3.0177
INFO:root:Epoch complete in 2m 55s
INFO:root:Epoch 68/250
INFO:root:----------
INFO:root:Training:   Loss: 3.7852 RMSE: 1.9456
INFO:root:Validation: Loss: 9.5533 RMSE: 3.0908
INFO:root:Epoch complete in 2m 54s
INFO:root:Epoch 69/250
INFO:root:----------
INFO:root:Training:   Loss: 3.3947 RMSE: 1.8425
INFO:root:Validation: Loss: 9.2105 RMSE: 3.0349
INFO:root:Epoch complete in 2m 53s
INFO:root:Epoch 70/250
INFO:root:----------
INFO:root:Training:   Loss: 3.1172 RMSE: 1.7655
INFO:root:Validation: Loss: 8.4841 RMSE: 2.9127
INFO:root:Epoch complete in 2m 52s
INFO:root:Epoch 71/250
INFO:root:----------
INFO:root:Training:   Loss: 3.1327 RMSE: 1.7699
INFO:root:Validation: Loss: 8.9964 RMSE: 2.9994
INFO:root:Epoch complete in 2m 53s
INFO:root:Epoch 72/250
INFO:root:----------
INFO:root:Training:   Loss: 3.1741 RMSE: 1.7816
INFO:root:Validation: Loss: 8.2251 RMSE: 2.8679
INFO:root:Epoch complete in 2m 54s
INFO:root:Epoch 73/250
INFO:root:----------
INFO:root:Training:   Loss: 3.1454 RMSE: 1.7735
INFO:root:Validation: Loss: 9.4147 RMSE: 3.0683
INFO:root:Epoch complete in 2m 53s
INFO:root:Epoch 74/250
INFO:root:----------
INFO:root:Training:   Loss: 3.4340 RMSE: 1.8531
INFO:root:Validation: Loss: 7.9878 RMSE: 2.8263
INFO:root:Epoch complete in 2m 55s
INFO:root:Epoch 75/250
INFO:root:----------
INFO:root:Training:   Loss: 3.2189 RMSE: 1.7941
INFO:root:Validation: Loss: 7.9065 RMSE: 2.8118
INFO:root:Epoch complete in 2m 55s
INFO:root:Epoch 76/250
INFO:root:----------
INFO:root:Training:   Loss: 3.3052 RMSE: 1.8180
INFO:root:Validation: Loss: 7.7309 RMSE: 2.7804
INFO:root:Epoch complete in 2m 56s
INFO:root:Epoch 77/250
INFO:root:----------
INFO:root:Training:   Loss: 3.2739 RMSE: 1.8094
INFO:root:Validation: Loss: 8.2939 RMSE: 2.8799
INFO:root:Epoch complete in 2m 56s
INFO:root:Epoch 78/250
INFO:root:----------
INFO:root:Training:   Loss: 3.3784 RMSE: 1.8380
INFO:root:Validation: Loss: 8.7306 RMSE: 2.9548
INFO:root:Epoch complete in 2m 55s
INFO:root:Epoch 79/250
INFO:root:----------
INFO:root:Training:   Loss: 3.0699 RMSE: 1.7521
INFO:root:Validation: Loss: 7.6910 RMSE: 2.7733
INFO:root:Epoch complete in 2m 54s
INFO:root:Epoch 80/250
INFO:root:----------
INFO:root:Training:   Loss: 3.1104 RMSE: 1.7636
INFO:root:Validation: Loss: 9.7349 RMSE: 3.1201
INFO:root:Epoch complete in 2m 53s
INFO:root:Epoch 81/250
INFO:root:----------
INFO:root:Training:   Loss: 3.1887 RMSE: 1.7857
INFO:root:Validation: Loss: 8.2119 RMSE: 2.8656
INFO:root:Epoch complete in 2m 55s
INFO:root:Epoch 82/250
INFO:root:----------
INFO:root:Training:   Loss: 3.4083 RMSE: 1.8462
INFO:root:Validation: Loss: 8.0224 RMSE: 2.8324
INFO:root:Epoch complete in 2m 54s
INFO:root:Epoch 83/250
INFO:root:----------
INFO:root:Training:   Loss: 3.6216 RMSE: 1.9031
INFO:root:Validation: Loss: 9.6902 RMSE: 3.1129
INFO:root:Epoch complete in 2m 54s
INFO:root:Epoch 84/250
INFO:root:----------
INFO:root:Training:   Loss: 2.9700 RMSE: 1.7234
INFO:root:Validation: Loss: 8.5473 RMSE: 2.9236
INFO:root:Epoch complete in 2m 52s
INFO:root:Epoch 85/250
INFO:root:----------
INFO:root:Training:   Loss: 3.2300 RMSE: 1.7972
INFO:root:Validation: Loss: 8.1436 RMSE: 2.8537
INFO:root:Epoch complete in 2m 51s
INFO:root:Epoch 86/250
INFO:root:----------
INFO:root:Training:   Loss: 3.0883 RMSE: 1.7574
INFO:root:Validation: Loss: 8.8562 RMSE: 2.9759
INFO:root:Epoch complete in 2m 52s
INFO:root:Epoch 87/250
INFO:root:----------
INFO:root:Training:   Loss: 3.2801 RMSE: 1.8111
INFO:root:Validation: Loss: 9.1296 RMSE: 3.0215
INFO:root:Epoch complete in 2m 51s
INFO:root:Epoch 88/250
INFO:root:----------
INFO:root:Training:   Loss: 3.3419 RMSE: 1.8281
INFO:root:Validation: Loss: 8.0399 RMSE: 2.8355
INFO:root:Epoch complete in 2m 53s
INFO:root:Epoch 89/250
INFO:root:----------
INFO:root:Training:   Loss: 3.0942 RMSE: 1.7590
INFO:root:Validation: Loss: 8.0361 RMSE: 2.8348
INFO:root:Epoch complete in 2m 55s
INFO:root:Epoch 90/250
INFO:root:----------
INFO:root:Training:   Loss: 2.9725 RMSE: 1.7241
INFO:root:Validation: Loss: 8.4447 RMSE: 2.9060
INFO:root:Epoch complete in 2m 55s
INFO:root:Epoch 91/250
INFO:root:----------
INFO:root:Training:   Loss: 3.0893 RMSE: 1.7576
INFO:root:Validation: Loss: 8.2913 RMSE: 2.8795
INFO:root:Epoch complete in 2m 54s
INFO:root:Epoch 92/250
INFO:root:----------
INFO:root:Training:   Loss: 2.9445 RMSE: 1.7159
INFO:root:Validation: Loss: 7.7447 RMSE: 2.7829
INFO:root:Epoch complete in 2m 52s
INFO:root:Epoch 93/250
INFO:root:----------
INFO:root:Training:   Loss: 2.9469 RMSE: 1.7166
INFO:root:Validation: Loss: 8.4189 RMSE: 2.9015
INFO:root:Epoch complete in 2m 52s
INFO:root:Epoch 94/250
INFO:root:----------
INFO:root:Training:   Loss: 3.1907 RMSE: 1.7863
INFO:root:Validation: Loss: 8.0740 RMSE: 2.8415
INFO:root:Epoch complete in 2m 53s
INFO:root:Epoch 95/250
INFO:root:----------
INFO:root:Training:   Loss: 2.7461 RMSE: 1.6571
INFO:root:Validation: Loss: 9.6320 RMSE: 3.1036
INFO:root:Epoch complete in 2m 52s
INFO:root:Epoch 96/250
INFO:root:----------
INFO:root:Training:   Loss: 2.7076 RMSE: 1.6455
INFO:root:Validation: Loss: 8.2682 RMSE: 2.8754
INFO:root:Epoch complete in 2m 52s
INFO:root:Epoch 97/250
INFO:root:----------
INFO:root:Training:   Loss: 2.8074 RMSE: 1.6755
INFO:root:Validation: Loss: 8.5957 RMSE: 2.9318
INFO:root:Epoch complete in 2m 52s
INFO:root:Epoch 98/250
INFO:root:----------
INFO:root:Training:   Loss: 2.9707 RMSE: 1.7236
INFO:root:Validation: Loss: 8.8444 RMSE: 2.9740
INFO:root:Epoch complete in 2m 52s
INFO:root:Epoch 99/250
INFO:root:----------
INFO:root:Training:   Loss: 2.7707 RMSE: 1.6645
INFO:root:Validation: Loss: 8.6166 RMSE: 2.9354
INFO:root:Epoch complete in 2m 54s
INFO:root:Epoch 100/250
INFO:root:----------
INFO:root:Training:   Loss: 2.7393 RMSE: 1.6551
INFO:root:Validation: Loss: 7.6213 RMSE: 2.7607
INFO:root:Epoch complete in 2m 55s
INFO:root:Epoch 101/250
INFO:root:----------
INFO:root:Training:   Loss: 2.8028 RMSE: 1.6742
INFO:root:Validation: Loss: 8.7165 RMSE: 2.9524
INFO:root:Epoch complete in 2m 56s
INFO:root:Epoch 102/250
INFO:root:----------
INFO:root:Training:   Loss: 2.8982 RMSE: 1.7024
INFO:root:Validation: Loss: 9.2413 RMSE: 3.0399
INFO:root:Epoch complete in 2m 55s
INFO:root:Epoch 103/250
INFO:root:----------
INFO:root:Training:   Loss: 3.0621 RMSE: 1.7499
INFO:root:Validation: Loss: 8.1164 RMSE: 2.8489
INFO:root:Epoch complete in 2m 54s
INFO:root:Epoch 104/250
INFO:root:----------
INFO:root:Training:   Loss: 2.8230 RMSE: 1.6802
INFO:root:Validation: Loss: 10.4941 RMSE: 3.2395
INFO:root:Epoch complete in 2m 52s
INFO:root:Epoch 105/250
INFO:root:----------
INFO:root:Training:   Loss: 2.5211 RMSE: 1.5878
INFO:root:Validation: Loss: 9.0845 RMSE: 3.0141
INFO:root:Epoch complete in 2m 52s
INFO:root:Epoch 106/250
INFO:root:----------
INFO:root:Training:   Loss: 2.5850 RMSE: 1.6078
INFO:root:Validation: Loss: 8.2863 RMSE: 2.8786
INFO:root:Epoch complete in 2m 51s
INFO:root:Epoch 107/250
INFO:root:----------
INFO:root:Training:   Loss: 2.5121 RMSE: 1.5850
INFO:root:Validation: Loss: 7.4912 RMSE: 2.7370
INFO:root:Epoch complete in 2m 52s
INFO:root:Epoch 108/250
INFO:root:----------
INFO:root:Training:   Loss: 2.5992 RMSE: 1.6122
INFO:root:Validation: Loss: 9.0295 RMSE: 3.0049
INFO:root:Epoch complete in 2m 52s
INFO:root:Epoch 109/250
INFO:root:----------
INFO:root:Training:   Loss: 2.6766 RMSE: 1.6360
INFO:root:Validation: Loss: 7.8122 RMSE: 2.7950
INFO:root:Epoch complete in 2m 55s
INFO:root:Epoch 110/250
INFO:root:----------
INFO:root:Training:   Loss: 2.9336 RMSE: 1.7128
INFO:root:Validation: Loss: 10.7637 RMSE: 3.2808
INFO:root:Epoch complete in 2m 55s
INFO:root:Epoch 111/250
INFO:root:----------
INFO:root:Training:   Loss: 3.0680 RMSE: 1.7516
INFO:root:Validation: Loss: 8.0482 RMSE: 2.8369
INFO:root:Epoch complete in 2m 55s
INFO:root:Epoch 112/250
INFO:root:----------
INFO:root:Training:   Loss: 2.8920 RMSE: 1.7006
INFO:root:Validation: Loss: 7.9764 RMSE: 2.8242
INFO:root:Epoch complete in 2m 54s
INFO:root:Epoch 113/250
INFO:root:----------
INFO:root:Training:   Loss: 2.7749 RMSE: 1.6658
INFO:root:Validation: Loss: 7.7025 RMSE: 2.7753
INFO:root:Epoch complete in 2m 54s
INFO:root:Epoch 114/250
INFO:root:----------
INFO:root:Training:   Loss: 2.5984 RMSE: 1.6120
INFO:root:Validation: Loss: 7.5655 RMSE: 2.7505
INFO:root:Epoch complete in 2m 54s
INFO:root:Epoch 115/250
INFO:root:----------
INFO:root:Training:   Loss: 2.5970 RMSE: 1.6115
INFO:root:Validation: Loss: 7.8685 RMSE: 2.8051
INFO:root:Epoch complete in 2m 54s
INFO:root:Epoch 116/250
INFO:root:----------
INFO:root:Training:   Loss: 2.5134 RMSE: 1.5854
INFO:root:Validation: Loss: 7.8022 RMSE: 2.7932
INFO:root:Epoch complete in 2m 52s
INFO:root:Epoch 117/250
INFO:root:----------
INFO:root:Training:   Loss: 2.3979 RMSE: 1.5485
INFO:root:Validation: Loss: 7.8888 RMSE: 2.8087
INFO:root:Epoch complete in 2m 51s
INFO:root:Epoch 118/250
INFO:root:----------
INFO:root:Training:   Loss: 2.5643 RMSE: 1.6014
INFO:root:Validation: Loss: 8.1672 RMSE: 2.8578
INFO:root:Epoch complete in 2m 52s
INFO:root:Epoch 119/250
INFO:root:----------
INFO:root:Training:   Loss: 2.5385 RMSE: 1.5933
INFO:root:Validation: Loss: 8.3745 RMSE: 2.8939
INFO:root:Epoch complete in 2m 53s
INFO:root:Epoch 120/250
INFO:root:----------
INFO:root:Training:   Loss: 2.5665 RMSE: 1.6020
INFO:root:Validation: Loss: 9.8815 RMSE: 3.1435
INFO:root:Epoch complete in 2m 54s
INFO:root:Epoch 121/250
INFO:root:----------
INFO:root:Training:   Loss: 2.4972 RMSE: 1.5803
INFO:root:Validation: Loss: 13.5790 RMSE: 3.6850
INFO:root:Epoch complete in 2m 53s
INFO:root:Epoch 122/250
INFO:root:----------
INFO:root:Training:   Loss: 2.7992 RMSE: 1.6731
INFO:root:Validation: Loss: 7.8758 RMSE: 2.8064
INFO:root:Epoch complete in 2m 53s
INFO:root:Epoch 123/250
INFO:root:----------
INFO:root:Training:   Loss: 2.4596 RMSE: 1.5683
INFO:root:Validation: Loss: 8.1183 RMSE: 2.8493
INFO:root:Epoch complete in 2m 52s
INFO:root:Epoch 124/250
INFO:root:----------
INFO:root:Training:   Loss: 2.4452 RMSE: 1.5637
INFO:root:Validation: Loss: 8.4695 RMSE: 2.9102
INFO:root:Epoch complete in 2m 52s
INFO:root:Epoch 125/250
INFO:root:----------
INFO:root:Training:   Loss: 2.4591 RMSE: 1.5682
INFO:root:Validation: Loss: 7.7537 RMSE: 2.7845
INFO:root:Epoch complete in 2m 52s
INFO:root:Epoch 126/250
INFO:root:----------
INFO:root:Training:   Loss: 2.5214 RMSE: 1.5879
INFO:root:Validation: Loss: 7.9501 RMSE: 2.8196
INFO:root:Epoch complete in 2m 53s
INFO:root:Epoch 127/250
INFO:root:----------
INFO:root:Training:   Loss: 2.6429 RMSE: 1.6257
INFO:root:Validation: Loss: 8.7630 RMSE: 2.9602
INFO:root:Epoch complete in 2m 53s
INFO:root:Epoch 128/250
INFO:root:----------
INFO:root:Training:   Loss: 2.3987 RMSE: 1.5488
INFO:root:Validation: Loss: 8.5890 RMSE: 2.9307
INFO:root:Epoch complete in 2m 54s
INFO:root:Epoch 129/250
INFO:root:----------
INFO:root:Training:   Loss: 2.4942 RMSE: 1.5793
INFO:root:Validation: Loss: 8.0557 RMSE: 2.8383
INFO:root:Epoch complete in 2m 55s
INFO:root:Epoch 130/250
INFO:root:----------
INFO:root:Training:   Loss: 2.2696 RMSE: 1.5065
INFO:root:Validation: Loss: 9.9667 RMSE: 3.1570
INFO:root:Epoch complete in 2m 54s
INFO:root:Epoch 131/250
INFO:root:----------
INFO:root:Training:   Loss: 2.1543 RMSE: 1.4677
INFO:root:Validation: Loss: 8.1010 RMSE: 2.8462
INFO:root:Epoch complete in 2m 53s
INFO:root:Epoch 132/250
INFO:root:----------
INFO:root:Training:   Loss: 2.2963 RMSE: 1.5153
INFO:root:Validation: Loss: 8.4952 RMSE: 2.9146
INFO:root:Epoch complete in 2m 52s
INFO:root:Epoch 133/250
INFO:root:----------
INFO:root:Training:   Loss: 2.3344 RMSE: 1.5279
INFO:root:Validation: Loss: 8.5716 RMSE: 2.9277
INFO:root:Epoch complete in 2m 52s
INFO:root:Epoch 134/250
INFO:root:----------
INFO:root:Training:   Loss: 2.3932 RMSE: 1.5470
INFO:root:Validation: Loss: 8.1602 RMSE: 2.8566
INFO:root:Epoch complete in 2m 54s
INFO:root:Epoch 135/250
INFO:root:----------
INFO:root:Training:   Loss: 2.1752 RMSE: 1.4749
INFO:root:Validation: Loss: 8.3817 RMSE: 2.8951
INFO:root:Epoch complete in 2m 54s
INFO:root:Epoch 136/250
INFO:root:----------
INFO:root:Training:   Loss: 2.2250 RMSE: 1.4916
INFO:root:Validation: Loss: 7.7947 RMSE: 2.7919
INFO:root:Epoch complete in 2m 54s
INFO:root:Epoch 137/250
INFO:root:----------
INFO:root:Training:   Loss: 2.0925 RMSE: 1.4465
INFO:root:Validation: Loss: 8.3621 RMSE: 2.8917
INFO:root:Epoch complete in 2m 52s
INFO:root:Epoch 138/250
INFO:root:----------
INFO:root:Training:   Loss: 2.1196 RMSE: 1.4559
INFO:root:Validation: Loss: 8.2452 RMSE: 2.8714
INFO:root:Epoch complete in 2m 52s
INFO:root:Epoch 139/250
INFO:root:----------
INFO:root:Training:   Loss: 2.1641 RMSE: 1.4711
INFO:root:Validation: Loss: 7.9736 RMSE: 2.8238
INFO:root:Epoch complete in 2m 54s
INFO:root:Epoch 140/250
INFO:root:----------
INFO:root:Training:   Loss: 2.4765 RMSE: 1.5737
INFO:root:Validation: Loss: 8.2496 RMSE: 2.8722
INFO:root:Epoch complete in 2m 54s
INFO:root:Epoch 141/250
INFO:root:----------
INFO:root:Training:   Loss: 2.2861 RMSE: 1.5120
INFO:root:Validation: Loss: 8.1171 RMSE: 2.8491
INFO:root:Epoch complete in 2m 54s
INFO:root:Epoch 142/250
INFO:root:----------
INFO:root:Training:   Loss: 2.4072 RMSE: 1.5515
INFO:root:Validation: Loss: 7.8597 RMSE: 2.8035
INFO:root:Epoch complete in 2m 51s
INFO:root:Epoch 143/250
INFO:root:----------
INFO:root:Training:   Loss: 2.3113 RMSE: 1.5203
INFO:root:Validation: Loss: 7.7426 RMSE: 2.7825
INFO:root:Epoch complete in 2m 52s
INFO:root:Epoch 144/250
INFO:root:----------
INFO:root:Training:   Loss: 2.2469 RMSE: 1.4990
INFO:root:Validation: Loss: 8.0212 RMSE: 2.8322
INFO:root:Epoch complete in 2m 53s
INFO:root:Epoch 145/250
INFO:root:----------
INFO:root:Training:   Loss: 2.3429 RMSE: 1.5306
INFO:root:Validation: Loss: 8.4212 RMSE: 2.9019
INFO:root:Epoch complete in 2m 52s
INFO:root:Epoch 146/250
INFO:root:----------
INFO:root:Training:   Loss: 2.1266 RMSE: 1.4583
INFO:root:Validation: Loss: 7.3662 RMSE: 2.7141
INFO:root:Epoch complete in 2m 52s
INFO:root:Epoch 147/250
INFO:root:----------
INFO:root:Training:   Loss: 2.1006 RMSE: 1.4494
INFO:root:Validation: Loss: 8.2561 RMSE: 2.8733
INFO:root:Epoch complete in 2m 53s
INFO:root:Epoch 148/250
INFO:root:----------
INFO:root:Training:   Loss: 2.2596 RMSE: 1.5032
INFO:root:Validation: Loss: 8.9027 RMSE: 2.9837
INFO:root:Epoch complete in 2m 55s
INFO:root:Epoch 149/250
INFO:root:----------
INFO:root:Training:   Loss: 2.1412 RMSE: 1.4633
INFO:root:Validation: Loss: 8.8145 RMSE: 2.9689
INFO:root:Epoch complete in 2m 56s
INFO:root:Epoch 150/250
INFO:root:----------
INFO:root:Training:   Loss: 2.1214 RMSE: 1.4565
INFO:root:Validation: Loss: 8.3031 RMSE: 2.8815
INFO:root:Epoch complete in 2m 56s
INFO:root:Epoch 151/250
INFO:root:----------
INFO:root:Training:   Loss: 2.3238 RMSE: 1.5244
INFO:root:Validation: Loss: 8.0294 RMSE: 2.8336
INFO:root:Epoch complete in 2m 55s
INFO:root:Epoch 152/250
INFO:root:----------
INFO:root:Training:   Loss: 2.1125 RMSE: 1.4534
INFO:root:Validation: Loss: 7.0256 RMSE: 2.6506
INFO:root:Epoch complete in 2m 55s
INFO:root:Epoch 153/250
INFO:root:----------
INFO:root:Training:   Loss: 2.1931 RMSE: 1.4809
INFO:root:Validation: Loss: 8.3693 RMSE: 2.8930
INFO:root:Epoch complete in 2m 54s
INFO:root:Epoch 154/250
INFO:root:----------
INFO:root:Training:   Loss: 2.2584 RMSE: 1.5028
INFO:root:Validation: Loss: 7.5105 RMSE: 2.7405
INFO:root:Epoch complete in 2m 53s
INFO:root:Epoch 155/250
INFO:root:----------
INFO:root:Training:   Loss: 2.0774 RMSE: 1.4413
INFO:root:Validation: Loss: 7.5884 RMSE: 2.7547
INFO:root:Epoch complete in 2m 52s
INFO:root:Epoch 156/250
INFO:root:----------
INFO:root:Training:   Loss: 2.1659 RMSE: 1.4717
INFO:root:Validation: Loss: 7.5814 RMSE: 2.7534
INFO:root:Epoch complete in 2m 54s
INFO:root:Epoch 157/250
INFO:root:----------
INFO:root:Training:   Loss: 2.0266 RMSE: 1.4236
INFO:root:Validation: Loss: 7.4533 RMSE: 2.7301
INFO:root:Epoch complete in 2m 54s
INFO:root:Epoch 158/250
INFO:root:----------
INFO:root:Training:   Loss: 2.0220 RMSE: 1.4220
INFO:root:Validation: Loss: 8.1119 RMSE: 2.8481
INFO:root:Epoch complete in 2m 56s
INFO:root:Epoch 159/250
INFO:root:----------
INFO:root:Training:   Loss: 1.9320 RMSE: 1.3900
INFO:root:Validation: Loss: 7.1217 RMSE: 2.6687
INFO:root:Epoch complete in 2m 56s
INFO:root:Epoch 160/250
INFO:root:----------
INFO:root:Training:   Loss: 1.9663 RMSE: 1.4022
INFO:root:Validation: Loss: 8.3013 RMSE: 2.8812
INFO:root:Epoch complete in 2m 57s
INFO:root:Epoch 161/250
INFO:root:----------
INFO:root:Training:   Loss: 2.0425 RMSE: 1.4292
INFO:root:Validation: Loss: 9.2501 RMSE: 3.0414
INFO:root:Epoch complete in 2m 57s
INFO:root:Epoch 162/250
INFO:root:----------
INFO:root:Training:   Loss: 2.2142 RMSE: 1.4880
INFO:root:Validation: Loss: 7.1188 RMSE: 2.6681
INFO:root:Epoch complete in 2m 57s
INFO:root:Epoch 163/250
INFO:root:----------
INFO:root:Training:   Loss: 2.0571 RMSE: 1.4343
INFO:root:Validation: Loss: 8.5298 RMSE: 2.9206
INFO:root:Epoch complete in 2m 55s
INFO:root:Epoch 164/250
INFO:root:----------
INFO:root:Training:   Loss: 2.0501 RMSE: 1.4318
INFO:root:Validation: Loss: 7.5122 RMSE: 2.7408
INFO:root:Epoch complete in 2m 55s
INFO:root:Epoch 165/250
INFO:root:----------
INFO:root:Training:   Loss: 2.2093 RMSE: 1.4864
INFO:root:Validation: Loss: 7.8943 RMSE: 2.8097
INFO:root:Epoch complete in 2m 52s
INFO:root:Epoch 166/250
INFO:root:----------
INFO:root:Training:   Loss: 2.2040 RMSE: 1.4846
INFO:root:Validation: Loss: 7.9004 RMSE: 2.8108
INFO:root:Epoch complete in 2m 52s
INFO:root:Epoch 167/250
INFO:root:----------
INFO:root:Training:   Loss: 2.1321 RMSE: 1.4602
INFO:root:Validation: Loss: 7.0752 RMSE: 2.6599
INFO:root:Epoch complete in 2m 53s
INFO:root:Epoch 168/250
INFO:root:----------
INFO:root:Training:   Loss: 2.3724 RMSE: 1.5403
INFO:root:Validation: Loss: 6.9705 RMSE: 2.6402
INFO:root:Epoch complete in 2m 54s
INFO:root:Epoch 169/250
INFO:root:----------
INFO:root:Training:   Loss: 2.0756 RMSE: 1.4407
INFO:root:Validation: Loss: 6.9086 RMSE: 2.6284
INFO:root:Epoch complete in 2m 54s
INFO:root:Epoch 170/250
INFO:root:----------
INFO:root:Training:   Loss: 1.9068 RMSE: 1.3809
INFO:root:Validation: Loss: 7.5782 RMSE: 2.7529
INFO:root:Epoch complete in 2m 52s
INFO:root:Epoch 171/250
INFO:root:----------
INFO:root:Training:   Loss: 2.0842 RMSE: 1.4437
INFO:root:Validation: Loss: 7.2181 RMSE: 2.6866
INFO:root:Epoch complete in 2m 53s
INFO:root:Epoch 172/250
INFO:root:----------
INFO:root:Training:   Loss: 1.9845 RMSE: 1.4087
INFO:root:Validation: Loss: 8.1285 RMSE: 2.8511
INFO:root:Epoch complete in 2m 53s
INFO:root:Epoch 173/250
INFO:root:----------
INFO:root:Training:   Loss: 2.0251 RMSE: 1.4230
INFO:root:Validation: Loss: 7.3950 RMSE: 2.7194
INFO:root:Epoch complete in 2m 53s
INFO:root:Epoch 174/250
INFO:root:----------
INFO:root:Training:   Loss: 2.1881 RMSE: 1.4792
INFO:root:Validation: Loss: 7.8017 RMSE: 2.7931
INFO:root:Epoch complete in 2m 54s
INFO:root:Epoch 175/250
INFO:root:----------
INFO:root:Training:   Loss: 2.0895 RMSE: 1.4455
INFO:root:Validation: Loss: 8.5921 RMSE: 2.9312
INFO:root:Epoch complete in 2m 54s
INFO:root:Epoch 176/250
INFO:root:----------
INFO:root:Training:   Loss: 1.9779 RMSE: 1.4064
INFO:root:Validation: Loss: 8.4015 RMSE: 2.8985
INFO:root:Epoch complete in 2m 54s
INFO:root:Epoch 177/250
INFO:root:----------
INFO:root:Training:   Loss: 1.9341 RMSE: 1.3907
INFO:root:Validation: Loss: 7.1777 RMSE: 2.6791
INFO:root:Epoch complete in 2m 53s
INFO:root:Epoch 178/250
INFO:root:----------
INFO:root:Training:   Loss: 1.9001 RMSE: 1.3784
INFO:root:Validation: Loss: 7.0381 RMSE: 2.6529
INFO:root:Epoch complete in 2m 52s
INFO:root:Epoch 179/250
INFO:root:----------
INFO:root:Training:   Loss: 1.7976 RMSE: 1.3407
INFO:root:Validation: Loss: 8.7071 RMSE: 2.9508
INFO:root:Epoch complete in 2m 53s
INFO:root:Epoch 180/250
INFO:root:----------
INFO:root:Training:   Loss: 1.9908 RMSE: 1.4110
INFO:root:Validation: Loss: 7.9032 RMSE: 2.8113
INFO:root:Epoch complete in 2m 54s
INFO:root:Epoch 181/250
INFO:root:----------
INFO:root:Training:   Loss: 1.9900 RMSE: 1.4107
INFO:root:Validation: Loss: 7.6878 RMSE: 2.7727
INFO:root:Epoch complete in 2m 53s
INFO:root:Epoch 182/250
INFO:root:----------
INFO:root:Training:   Loss: 1.8183 RMSE: 1.3485
INFO:root:Validation: Loss: 7.1184 RMSE: 2.6680
INFO:root:Epoch complete in 2m 51s
INFO:root:Epoch 183/250
INFO:root:----------
INFO:root:Training:   Loss: 1.8115 RMSE: 1.3459
INFO:root:Validation: Loss: 7.4084 RMSE: 2.7218
INFO:root:Epoch complete in 2m 51s
INFO:root:Epoch 184/250
INFO:root:----------
INFO:root:Training:   Loss: 1.9399 RMSE: 1.3928
INFO:root:Validation: Loss: 7.5924 RMSE: 2.7554
INFO:root:Epoch complete in 2m 51s
INFO:root:Epoch 185/250
INFO:root:----------
INFO:root:Training:   Loss: 1.8789 RMSE: 1.3707
INFO:root:Validation: Loss: 7.6996 RMSE: 2.7748
INFO:root:Epoch complete in 2m 51s
INFO:root:Epoch 186/250
INFO:root:----------
INFO:root:Training:   Loss: 1.8598 RMSE: 1.3638
INFO:root:Validation: Loss: 9.4089 RMSE: 3.0674
INFO:root:Epoch complete in 2m 51s
INFO:root:Epoch 187/250
INFO:root:----------
INFO:root:Training:   Loss: 1.9439 RMSE: 1.3943
INFO:root:Validation: Loss: 7.3469 RMSE: 2.7105
INFO:root:Epoch complete in 2m 51s
INFO:root:Epoch 188/250
INFO:root:----------
INFO:root:Training:   Loss: 2.0430 RMSE: 1.4294
INFO:root:Validation: Loss: 7.8067 RMSE: 2.7940
INFO:root:Epoch complete in 2m 51s
INFO:root:Epoch 189/250
INFO:root:----------
INFO:root:Training:   Loss: 1.9897 RMSE: 1.4106
INFO:root:Validation: Loss: 8.7598 RMSE: 2.9597
INFO:root:Epoch complete in 2m 51s
INFO:root:Epoch 190/250
INFO:root:----------
INFO:root:Training:   Loss: 1.7986 RMSE: 1.3411
INFO:root:Validation: Loss: 8.2845 RMSE: 2.8783
INFO:root:Epoch complete in 2m 51s
INFO:root:Epoch 191/250
INFO:root:----------
INFO:root:Training:   Loss: 1.9165 RMSE: 1.3844
INFO:root:Validation: Loss: 7.8540 RMSE: 2.8025
INFO:root:Epoch complete in 2m 51s
INFO:root:Epoch 192/250
INFO:root:----------
INFO:root:Training:   Loss: 2.2427 RMSE: 1.4976
INFO:root:Validation: Loss: 11.0138 RMSE: 3.3187
INFO:root:Epoch complete in 2m 53s
INFO:root:Epoch 193/250
INFO:root:----------
INFO:root:Training:   Loss: 2.1266 RMSE: 1.4583
INFO:root:Validation: Loss: 9.0551 RMSE: 3.0092
INFO:root:Epoch complete in 2m 54s
INFO:root:Epoch 194/250
INFO:root:----------
INFO:root:Training:   Loss: 2.0196 RMSE: 1.4211
INFO:root:Validation: Loss: 8.2886 RMSE: 2.8790
INFO:root:Epoch complete in 2m 56s
INFO:root:Epoch 195/250
INFO:root:----------
INFO:root:Training:   Loss: 1.7577 RMSE: 1.3258
INFO:root:Validation: Loss: 7.7712 RMSE: 2.7877
INFO:root:Epoch complete in 2m 56s
INFO:root:Epoch 196/250
INFO:root:----------
INFO:root:Training:   Loss: 1.7160 RMSE: 1.3099
INFO:root:Validation: Loss: 9.5529 RMSE: 3.0908
INFO:root:Epoch complete in 2m 54s
INFO:root:Epoch 197/250
INFO:root:----------
INFO:root:Training:   Loss: 1.6620 RMSE: 1.2892
INFO:root:Validation: Loss: 7.3631 RMSE: 2.7135
INFO:root:Epoch complete in 2m 53s
INFO:root:Epoch 198/250
INFO:root:----------
INFO:root:Training:   Loss: 2.0284 RMSE: 1.4242
INFO:root:Validation: Loss: 7.2195 RMSE: 2.6869
INFO:root:Epoch complete in 2m 51s
INFO:root:Epoch 199/250
INFO:root:----------
INFO:root:Training:   Loss: 1.9552 RMSE: 1.3983
INFO:root:Validation: Loss: 8.8543 RMSE: 2.9756
INFO:root:Epoch complete in 2m 51s
INFO:root:Epoch 200/250
INFO:root:----------
INFO:root:Training:   Loss: 1.8277 RMSE: 1.3519
INFO:root:Validation: Loss: 10.0033 RMSE: 3.1628
INFO:root:Epoch complete in 2m 52s
INFO:root:Epoch 201/250
INFO:root:----------
INFO:root:Training:   Loss: 1.9322 RMSE: 1.3900
INFO:root:Validation: Loss: 8.9171 RMSE: 2.9861
INFO:root:Epoch complete in 2m 51s
INFO:root:Epoch 202/250
INFO:root:----------
INFO:root:Training:   Loss: 1.8257 RMSE: 1.3512
INFO:root:Validation: Loss: 8.3707 RMSE: 2.8932
INFO:root:Epoch complete in 2m 52s
INFO:root:Epoch 203/250
INFO:root:----------
INFO:root:Training:   Loss: 1.7491 RMSE: 1.3225
INFO:root:Validation: Loss: 7.6480 RMSE: 2.7655
INFO:root:Epoch complete in 2m 52s
INFO:root:Epoch 204/250
INFO:root:----------
INFO:root:Training:   Loss: 1.8871 RMSE: 1.3737
INFO:root:Validation: Loss: 7.5097 RMSE: 2.7404
INFO:root:Epoch complete in 2m 52s
INFO:root:Epoch 205/250
INFO:root:----------
INFO:root:Training:   Loss: 1.8317 RMSE: 1.3534
INFO:root:Validation: Loss: 7.3632 RMSE: 2.7135
INFO:root:Epoch complete in 2m 52s
INFO:root:Epoch 206/250
INFO:root:----------
INFO:root:Training:   Loss: 1.7316 RMSE: 1.3159
INFO:root:Validation: Loss: 7.7157 RMSE: 2.7777
INFO:root:Epoch complete in 2m 51s
INFO:root:Epoch 207/250
INFO:root:----------
INFO:root:Training:   Loss: 1.7766 RMSE: 1.3329
INFO:root:Validation: Loss: 7.8699 RMSE: 2.8053
INFO:root:Epoch complete in 2m 51s
INFO:root:Epoch 208/250
INFO:root:----------
INFO:root:Training:   Loss: 1.6386 RMSE: 1.2801
INFO:root:Validation: Loss: 8.3745 RMSE: 2.8939
INFO:root:Epoch complete in 2m 52s
INFO:root:Epoch 209/250
INFO:root:----------
INFO:root:Training:   Loss: 1.6523 RMSE: 1.2854
INFO:root:Validation: Loss: 8.5185 RMSE: 2.9187
INFO:root:Epoch complete in 2m 52s
INFO:root:Epoch 210/250
INFO:root:----------
INFO:root:Training:   Loss: 1.5765 RMSE: 1.2556
INFO:root:Validation: Loss: 8.9167 RMSE: 2.9861
INFO:root:Epoch complete in 2m 54s
INFO:root:Epoch 211/250
INFO:root:----------
INFO:root:Training:   Loss: 1.6763 RMSE: 1.2947
INFO:root:Validation: Loss: 7.7375 RMSE: 2.7816
INFO:root:Epoch complete in 2m 56s
INFO:root:Epoch 212/250
INFO:root:----------
INFO:root:Training:   Loss: 1.6488 RMSE: 1.2840
INFO:root:Validation: Loss: 6.8375 RMSE: 2.6149
INFO:root:Epoch complete in 2m 57s
INFO:root:Epoch 213/250
INFO:root:----------
INFO:root:Training:   Loss: 1.6613 RMSE: 1.2889
INFO:root:Validation: Loss: 7.5964 RMSE: 2.7562
INFO:root:Epoch complete in 2m 57s
INFO:root:Epoch 214/250
INFO:root:----------
INFO:root:Training:   Loss: 1.6757 RMSE: 1.2945
INFO:root:Validation: Loss: 9.9238 RMSE: 3.1502
INFO:root:Epoch complete in 2m 57s
INFO:root:Epoch 215/250
INFO:root:----------
INFO:root:Training:   Loss: 1.6222 RMSE: 1.2737
INFO:root:Validation: Loss: 9.0738 RMSE: 3.0123
INFO:root:Epoch complete in 2m 56s
INFO:root:Epoch 216/250
INFO:root:----------
INFO:root:Training:   Loss: 1.5546 RMSE: 1.2468
INFO:root:Validation: Loss: 7.8172 RMSE: 2.7959
INFO:root:Epoch complete in 2m 56s
INFO:root:Epoch 217/250
INFO:root:----------
INFO:root:Training:   Loss: 1.7159 RMSE: 1.3099
INFO:root:Validation: Loss: 7.9059 RMSE: 2.8117
INFO:root:Epoch complete in 2m 54s
INFO:root:Epoch 218/250
INFO:root:----------
INFO:root:Training:   Loss: 1.6408 RMSE: 1.2809
INFO:root:Validation: Loss: 7.4445 RMSE: 2.7285
INFO:root:Epoch complete in 2m 52s
INFO:root:Epoch 219/250
INFO:root:----------
INFO:root:Training:   Loss: 1.6836 RMSE: 1.2975
INFO:root:Validation: Loss: 8.2157 RMSE: 2.8663
INFO:root:Epoch complete in 2m 51s
INFO:root:Epoch 220/250
INFO:root:----------
INFO:root:Training:   Loss: 1.6249 RMSE: 1.2747
INFO:root:Validation: Loss: 8.2803 RMSE: 2.8776
INFO:root:Epoch complete in 2m 53s
INFO:root:Epoch 221/250
INFO:root:----------
INFO:root:Training:   Loss: 1.7925 RMSE: 1.3388
INFO:root:Validation: Loss: 8.1038 RMSE: 2.8467
INFO:root:Epoch complete in 2m 54s
INFO:root:Epoch 222/250
INFO:root:----------
INFO:root:Training:   Loss: 1.6893 RMSE: 1.2997
INFO:root:Validation: Loss: 8.3702 RMSE: 2.8931
INFO:root:Epoch complete in 2m 54s
INFO:root:Epoch 223/250
INFO:root:----------
INFO:root:Training:   Loss: 1.6435 RMSE: 1.2820
INFO:root:Validation: Loss: 8.5981 RMSE: 2.9323
INFO:root:Epoch complete in 2m 56s
INFO:root:Epoch 224/250
INFO:root:----------
INFO:root:Training:   Loss: 1.6398 RMSE: 1.2806
INFO:root:Validation: Loss: 9.4051 RMSE: 3.0668
INFO:root:Epoch complete in 2m 57s
INFO:root:Epoch 225/250
INFO:root:----------
INFO:root:Training:   Loss: 1.6637 RMSE: 1.2898
INFO:root:Validation: Loss: 8.5349 RMSE: 2.9215
INFO:root:Epoch complete in 2m 56s
INFO:root:Epoch 226/250
INFO:root:----------
INFO:root:Training:   Loss: 1.6610 RMSE: 1.2888
INFO:root:Validation: Loss: 8.7166 RMSE: 2.9524
INFO:root:Epoch complete in 2m 56s
INFO:root:Epoch 227/250
INFO:root:----------
INFO:root:Training:   Loss: 1.6812 RMSE: 1.2966
INFO:root:Validation: Loss: 10.4810 RMSE: 3.2374
INFO:root:Epoch complete in 2m 53s
INFO:root:Epoch 228/250
INFO:root:----------
INFO:root:Training:   Loss: 1.6989 RMSE: 1.3034
INFO:root:Validation: Loss: 10.3495 RMSE: 3.2171
INFO:root:Epoch complete in 2m 52s
INFO:root:Epoch 229/250
INFO:root:----------
INFO:root:Training:   Loss: 1.6598 RMSE: 1.2883
INFO:root:Validation: Loss: 11.0379 RMSE: 3.3223
INFO:root:Epoch complete in 2m 52s
INFO:root:Epoch 230/250
INFO:root:----------
INFO:root:Training:   Loss: 1.6584 RMSE: 1.2878
INFO:root:Validation: Loss: 8.0793 RMSE: 2.8424
INFO:root:Epoch complete in 2m 54s
INFO:root:Epoch 231/250
INFO:root:----------
INFO:root:Training:   Loss: 1.5266 RMSE: 1.2355
INFO:root:Validation: Loss: 7.8311 RMSE: 2.7984
INFO:root:Epoch complete in 2m 54s
INFO:root:Epoch 232/250
INFO:root:----------
INFO:root:Training:   Loss: 1.6213 RMSE: 1.2733
INFO:root:Validation: Loss: 8.7364 RMSE: 2.9557
INFO:root:Epoch complete in 2m 54s
INFO:root:Epoch 233/250
INFO:root:----------
INFO:root:Training:   Loss: 1.5187 RMSE: 1.2323
INFO:root:Validation: Loss: 9.7196 RMSE: 3.1176
INFO:root:Epoch complete in 2m 54s
INFO:root:Epoch 234/250
INFO:root:----------
INFO:root:Training:   Loss: 1.6092 RMSE: 1.2685
INFO:root:Validation: Loss: 8.2518 RMSE: 2.8726
INFO:root:Epoch complete in 2m 53s
INFO:root:Epoch 235/250
INFO:root:----------
INFO:root:Training:   Loss: 1.4277 RMSE: 1.1949
INFO:root:Validation: Loss: 7.8532 RMSE: 2.8024
INFO:root:Epoch complete in 2m 53s
INFO:root:Epoch 236/250
INFO:root:----------
INFO:root:Training:   Loss: 1.5377 RMSE: 1.2401
INFO:root:Validation: Loss: 8.5671 RMSE: 2.9270
INFO:root:Epoch complete in 2m 53s
INFO:root:Epoch 237/250
INFO:root:----------
INFO:root:Training:   Loss: 1.5358 RMSE: 1.2393
INFO:root:Validation: Loss: 8.2335 RMSE: 2.8694
INFO:root:Epoch complete in 2m 54s
INFO:root:Epoch 238/250
INFO:root:----------
INFO:root:Training:   Loss: 1.5325 RMSE: 1.2379
INFO:root:Validation: Loss: 7.7698 RMSE: 2.7874
INFO:root:Epoch complete in 2m 53s
INFO:root:Epoch 239/250
INFO:root:----------
INFO:root:Training:   Loss: 1.5817 RMSE: 1.2576
INFO:root:Validation: Loss: 8.2137 RMSE: 2.8660
INFO:root:Epoch complete in 2m 54s
INFO:root:Epoch 240/250
INFO:root:----------
INFO:root:Training:   Loss: 1.6149 RMSE: 1.2708
INFO:root:Validation: Loss: 8.0945 RMSE: 2.8451
INFO:root:Epoch complete in 2m 54s
INFO:root:Epoch 241/250
INFO:root:----------
INFO:root:Training:   Loss: 1.5587 RMSE: 1.2485
INFO:root:Validation: Loss: 10.0488 RMSE: 3.1700
INFO:root:Epoch complete in 2m 54s
INFO:root:Epoch 242/250
INFO:root:----------
INFO:root:Training:   Loss: 1.4899 RMSE: 1.2206
INFO:root:Validation: Loss: 9.3266 RMSE: 3.0540
INFO:root:Epoch complete in 2m 54s
INFO:root:Epoch 243/250
INFO:root:----------
INFO:root:Training:   Loss: 1.5090 RMSE: 1.2284
INFO:root:Validation: Loss: 7.8449 RMSE: 2.8009
INFO:root:Epoch complete in 2m 54s
INFO:root:Epoch 244/250
INFO:root:----------
INFO:root:Training:   Loss: 1.4857 RMSE: 1.2189
INFO:root:Validation: Loss: 8.7133 RMSE: 2.9518
INFO:root:Epoch complete in 2m 54s
INFO:root:Epoch 245/250
INFO:root:----------
INFO:root:Training:   Loss: 1.6259 RMSE: 1.2751
INFO:root:Validation: Loss: 7.9971 RMSE: 2.8279
INFO:root:Epoch complete in 2m 54s
INFO:root:Epoch 246/250
INFO:root:----------
INFO:root:Training:   Loss: 1.6575 RMSE: 1.2875
INFO:root:Validation: Loss: 8.3083 RMSE: 2.8824
INFO:root:Epoch complete in 2m 53s
INFO:root:Epoch 247/250
INFO:root:----------
INFO:root:Training:   Loss: 1.5800 RMSE: 1.2570
INFO:root:Validation: Loss: 9.4405 RMSE: 3.0725
INFO:root:Epoch complete in 2m 53s
INFO:root:Epoch 248/250
INFO:root:----------
INFO:root:Training:   Loss: 1.4796 RMSE: 1.2164
INFO:root:Validation: Loss: 7.9217 RMSE: 2.8146
INFO:root:Epoch complete in 2m 54s
INFO:root:Epoch 249/250
INFO:root:----------
INFO:root:Training:   Loss: 1.4469 RMSE: 1.2029
INFO:root:Validation: Loss: 7.5506 RMSE: 2.7478
INFO:root:Epoch complete in 2m 54s
INFO:root:Epoch 250/250
INFO:root:----------
INFO:root:Training:   Loss: 1.4326 RMSE: 1.1969
INFO:root:Validation: Loss: 7.6206 RMSE: 2.7605
INFO:root:Epoch complete in 2m 53s
INFO:root:Training complete in 12h 2m 39s
INFO:root:Best Val Loss: 6.8375 RMSE: 2.6149
