INFO:root:Epoch 1/200
INFO:root:----------
INFO:root:Training:   Loss: 7.8524 RMSE: 2.8022
INFO:root:Validation: Loss: 9.1330 RMSE: 3.0221
INFO:root:Epoch complete in 0m 49s
INFO:root:Epoch 2/200
INFO:root:----------
INFO:root:Training:   Loss: 2.2254 RMSE: 1.4918
INFO:root:Validation: Loss: 8.0599 RMSE: 2.8390
INFO:root:Epoch complete in 0m 50s
INFO:root:Epoch 3/200
INFO:root:----------
INFO:root:Training:   Loss: 1.5670 RMSE: 1.2518
INFO:root:Validation: Loss: 7.6128 RMSE: 2.7591
INFO:root:Epoch complete in 0m 49s
INFO:root:Epoch 4/200
INFO:root:----------
INFO:root:Training:   Loss: 1.1621 RMSE: 1.0780
INFO:root:Validation: Loss: 7.9696 RMSE: 2.8230
INFO:root:Epoch complete in 0m 49s
INFO:root:Epoch 5/200
INFO:root:----------
INFO:root:Training:   Loss: 0.9232 RMSE: 0.9608
INFO:root:Validation: Loss: 7.3593 RMSE: 2.7128
INFO:root:Epoch complete in 0m 50s
INFO:root:Epoch 6/200
INFO:root:----------
INFO:root:Training:   Loss: 0.7070 RMSE: 0.8408
INFO:root:Validation: Loss: 7.1818 RMSE: 2.6799
INFO:root:Epoch complete in 0m 50s
INFO:root:Epoch 7/200
INFO:root:----------
INFO:root:Training:   Loss: 0.5573 RMSE: 0.7465
INFO:root:Validation: Loss: 7.2327 RMSE: 2.6894
INFO:root:Epoch complete in 0m 49s
INFO:root:Epoch 8/200
INFO:root:----------
INFO:root:Training:   Loss: 0.4456 RMSE: 0.6676
INFO:root:Validation: Loss: 7.1184 RMSE: 2.6680
INFO:root:Epoch complete in 0m 49s
INFO:root:Epoch 9/200
INFO:root:----------
INFO:root:Training:   Loss: 0.3614 RMSE: 0.6011
INFO:root:Validation: Loss: 7.4206 RMSE: 2.7241
INFO:root:Epoch complete in 0m 50s
INFO:root:Epoch 10/200
INFO:root:----------
INFO:root:Training:   Loss: 0.3152 RMSE: 0.5615
INFO:root:Validation: Loss: 7.3175 RMSE: 2.7051
INFO:root:Epoch complete in 0m 49s
INFO:root:Epoch 11/200
INFO:root:----------
INFO:root:Training:   Loss: 0.2662 RMSE: 0.5159
INFO:root:Validation: Loss: 7.3056 RMSE: 2.7029
INFO:root:Epoch complete in 0m 49s
INFO:root:Epoch 12/200
INFO:root:----------
INFO:root:Training:   Loss: 0.2144 RMSE: 0.4630
INFO:root:Validation: Loss: 7.9240 RMSE: 2.8150
INFO:root:Epoch complete in 0m 50s
INFO:root:Epoch 13/200
INFO:root:----------
INFO:root:Training:   Loss: 0.1950 RMSE: 0.4416
INFO:root:Validation: Loss: 7.5699 RMSE: 2.7513
INFO:root:Epoch complete in 0m 49s
INFO:root:Epoch 14/200
INFO:root:----------
INFO:root:Training:   Loss: 0.1686 RMSE: 0.4106
INFO:root:Validation: Loss: 7.6689 RMSE: 2.7693
INFO:root:Epoch complete in 0m 49s
INFO:root:Epoch 15/200
INFO:root:----------
INFO:root:Training:   Loss: 0.2076 RMSE: 0.4556
INFO:root:Validation: Loss: 7.6926 RMSE: 2.7735
INFO:root:Epoch complete in 0m 50s
INFO:root:Epoch 16/200
INFO:root:----------
INFO:root:Training:   Loss: 0.1432 RMSE: 0.3785
INFO:root:Validation: Loss: 7.3092 RMSE: 2.7035
INFO:root:Epoch complete in 0m 49s
INFO:root:Epoch 17/200
INFO:root:----------
INFO:root:Training:   Loss: 0.1361 RMSE: 0.3689
INFO:root:Validation: Loss: 7.5307 RMSE: 2.7442
INFO:root:Epoch complete in 0m 49s
INFO:root:Epoch 18/200
INFO:root:----------
INFO:root:Training:   Loss: 0.1253 RMSE: 0.3540
INFO:root:Validation: Loss: 7.2624 RMSE: 2.6949
INFO:root:Early stopping...
INFO:root:Training complete in 0h 14m 48s
INFO:root:Best Val Loss: 7.1184 RMSE: 2.6680
