INFO:root:Epoch 1/200
INFO:root:----------
INFO:root:Training:   Loss: 9.0808 RMSE: 3.0134
INFO:root:Validation: Loss: 11.8126 RMSE: 3.4370
INFO:root:Epoch complete in 0m 49s
INFO:root:Epoch 2/200
INFO:root:----------
INFO:root:Training:   Loss: 3.9048 RMSE: 1.9761
INFO:root:Validation: Loss: 10.2813 RMSE: 3.2065
INFO:root:Epoch complete in 0m 50s
INFO:root:Epoch 3/200
INFO:root:----------
INFO:root:Training:   Loss: 2.9633 RMSE: 1.7214
INFO:root:Validation: Loss: 9.2933 RMSE: 3.0485
INFO:root:Epoch complete in 0m 50s
INFO:root:Epoch 4/200
INFO:root:----------
INFO:root:Training:   Loss: 2.4568 RMSE: 1.5674
INFO:root:Validation: Loss: 9.4558 RMSE: 3.0750
INFO:root:Epoch complete in 0m 49s
INFO:root:Epoch 5/200
INFO:root:----------
INFO:root:Training:   Loss: 2.1013 RMSE: 1.4496
INFO:root:Validation: Loss: 8.7780 RMSE: 2.9628
INFO:root:Epoch complete in 0m 50s
INFO:root:Epoch 6/200
INFO:root:----------
INFO:root:Training:   Loss: 1.8174 RMSE: 1.3481
INFO:root:Validation: Loss: 9.0129 RMSE: 3.0022
INFO:root:Epoch complete in 0m 49s
INFO:root:Epoch 7/200
INFO:root:----------
INFO:root:Training:   Loss: 1.6031 RMSE: 1.2661
INFO:root:Validation: Loss: 8.4913 RMSE: 2.9140
INFO:root:Epoch complete in 0m 50s
INFO:root:Epoch 8/200
INFO:root:----------
INFO:root:Training:   Loss: 1.4372 RMSE: 1.1989
INFO:root:Validation: Loss: 8.6792 RMSE: 2.9460
INFO:root:Epoch complete in 0m 50s
INFO:root:Epoch 9/200
INFO:root:----------
INFO:root:Training:   Loss: 1.2922 RMSE: 1.1367
INFO:root:Validation: Loss: 8.6269 RMSE: 2.9372
INFO:root:Epoch complete in 0m 50s
INFO:root:Epoch 10/200
INFO:root:----------
INFO:root:Training:   Loss: 1.1786 RMSE: 1.0856
INFO:root:Validation: Loss: 8.0133 RMSE: 2.8308
INFO:root:Epoch complete in 0m 49s
INFO:root:Epoch 11/200
INFO:root:----------
INFO:root:Training:   Loss: 1.0668 RMSE: 1.0328
INFO:root:Validation: Loss: 8.3127 RMSE: 2.8832
INFO:root:Epoch complete in 0m 49s
INFO:root:Epoch 12/200
INFO:root:----------
INFO:root:Training:   Loss: 0.9671 RMSE: 0.9834
INFO:root:Validation: Loss: 8.6714 RMSE: 2.9447
INFO:root:Epoch complete in 0m 50s
INFO:root:Epoch 13/200
INFO:root:----------
INFO:root:Training:   Loss: 0.8943 RMSE: 0.9457
INFO:root:Validation: Loss: 8.4499 RMSE: 2.9069
INFO:root:Epoch complete in 0m 49s
INFO:root:Epoch 14/200
INFO:root:----------
INFO:root:Training:   Loss: 0.8285 RMSE: 0.9102
INFO:root:Validation: Loss: 8.2039 RMSE: 2.8642
INFO:root:Epoch complete in 0m 50s
INFO:root:Epoch 15/200
INFO:root:----------
INFO:root:Training:   Loss: 0.7764 RMSE: 0.8811
INFO:root:Validation: Loss: 8.4192 RMSE: 2.9016
INFO:root:Epoch complete in 0m 50s
INFO:root:Epoch 16/200
INFO:root:----------
INFO:root:Training:   Loss: 0.7034 RMSE: 0.8387
INFO:root:Validation: Loss: 8.1333 RMSE: 2.8519
INFO:root:Epoch complete in 0m 49s
INFO:root:Epoch 17/200
INFO:root:----------
INFO:root:Training:   Loss: 0.6675 RMSE: 0.8170
INFO:root:Validation: Loss: 8.3744 RMSE: 2.8939
INFO:root:Epoch complete in 0m 50s
INFO:root:Epoch 18/200
INFO:root:----------
INFO:root:Training:   Loss: 0.6211 RMSE: 0.7881
INFO:root:Validation: Loss: 8.2035 RMSE: 2.8642
INFO:root:Epoch complete in 0m 49s
INFO:root:Epoch 19/200
INFO:root:----------
INFO:root:Training:   Loss: 0.5815 RMSE: 0.7626
INFO:root:Validation: Loss: 8.1518 RMSE: 2.8551
INFO:root:Epoch complete in 0m 49s
INFO:root:Epoch 20/200
INFO:root:----------
INFO:root:Training:   Loss: 0.5438 RMSE: 0.7374
INFO:root:Validation: Loss: 8.2613 RMSE: 2.8742
INFO:root:Epoch complete in 0m 50s
INFO:root:Epoch 21/200
INFO:root:----------
INFO:root:Training:   Loss: 0.5160 RMSE: 0.7183
INFO:root:Validation: Loss: 8.1944 RMSE: 2.8626
INFO:root:Epoch complete in 0m 49s
INFO:root:Epoch 22/200
INFO:root:----------
INFO:root:Training:   Loss: 0.4868 RMSE: 0.6977
INFO:root:Validation: Loss: 7.9917 RMSE: 2.8270
INFO:root:Epoch complete in 0m 50s
INFO:root:Epoch 23/200
INFO:root:----------
INFO:root:Training:   Loss: 0.4672 RMSE: 0.6835
INFO:root:Validation: Loss: 8.0444 RMSE: 2.8363
INFO:root:Epoch complete in 0m 49s
INFO:root:Epoch 24/200
INFO:root:----------
INFO:root:Training:   Loss: 0.4456 RMSE: 0.6675
INFO:root:Validation: Loss: 7.8542 RMSE: 2.8025
INFO:root:Epoch complete in 0m 49s
INFO:root:Epoch 25/200
INFO:root:----------
INFO:root:Training:   Loss: 0.4241 RMSE: 0.6512
INFO:root:Validation: Loss: 7.8966 RMSE: 2.8101
INFO:root:Epoch complete in 0m 49s
INFO:root:Epoch 26/200
INFO:root:----------
INFO:root:Training:   Loss: 0.4106 RMSE: 0.6408
INFO:root:Validation: Loss: 7.9381 RMSE: 2.8175
INFO:root:Epoch complete in 0m 49s
INFO:root:Epoch 27/200
INFO:root:----------
INFO:root:Training:   Loss: 0.3962 RMSE: 0.6294
INFO:root:Validation: Loss: 7.6628 RMSE: 2.7682
INFO:root:Epoch complete in 0m 50s
INFO:root:Epoch 28/200
INFO:root:----------
INFO:root:Training:   Loss: 0.3795 RMSE: 0.6160
INFO:root:Validation: Loss: 8.1236 RMSE: 2.8502
INFO:root:Epoch complete in 0m 49s
INFO:root:Epoch 29/200
INFO:root:----------
INFO:root:Training:   Loss: 0.3680 RMSE: 0.6067
INFO:root:Validation: Loss: 8.0012 RMSE: 2.8286
INFO:root:Epoch complete in 0m 49s
INFO:root:Epoch 30/200
INFO:root:----------
