INFO:root:Epoch 1/500
INFO:root:----------
INFO:root:Training:   Loss: 14.6933 RMSE: 3.8332
INFO:root:Validation: Loss: 12.1176 RMSE: 3.4810
INFO:root:Epoch complete in 1m 54s
INFO:root:Epoch 2/500
INFO:root:----------
INFO:root:Training:   Loss: 8.9236 RMSE: 2.9872
INFO:root:Validation: Loss: 11.4943 RMSE: 3.3903
INFO:root:Epoch complete in 1m 53s
INFO:root:Epoch 3/500
INFO:root:----------
INFO:root:Training:   Loss: 8.0173 RMSE: 2.8315
INFO:root:Validation: Loss: 12.1706 RMSE: 3.4886
INFO:root:Epoch complete in 1m 53s
INFO:root:Epoch 4/500
INFO:root:----------
INFO:root:Training:   Loss: 6.7433 RMSE: 2.5968
INFO:root:Validation: Loss: 10.0651 RMSE: 3.1726
INFO:root:Epoch complete in 1m 54s
INFO:root:Epoch 5/500
INFO:root:----------
INFO:root:Training:   Loss: 6.4493 RMSE: 2.5395
INFO:root:Validation: Loss: 8.8845 RMSE: 2.9807
INFO:root:Epoch complete in 1m 54s
INFO:root:Epoch 6/500
INFO:root:----------
INFO:root:Training:   Loss: 6.2098 RMSE: 2.4919
INFO:root:Validation: Loss: 8.7730 RMSE: 2.9619
INFO:root:Epoch complete in 1m 54s
INFO:root:Epoch 7/500
INFO:root:----------
INFO:root:Training:   Loss: 5.6755 RMSE: 2.3823
INFO:root:Validation: Loss: 8.7631 RMSE: 2.9602
INFO:root:Epoch complete in 1m 54s
INFO:root:Epoch 8/500
INFO:root:----------
INFO:root:Training:   Loss: 5.1077 RMSE: 2.2600
INFO:root:Validation: Loss: 10.2297 RMSE: 3.1984
INFO:root:Epoch complete in 1m 53s
INFO:root:Epoch 9/500
INFO:root:----------
INFO:root:Training:   Loss: 5.0019 RMSE: 2.2365
INFO:root:Validation: Loss: 8.5117 RMSE: 2.9175
INFO:root:Epoch complete in 1m 54s
INFO:root:Epoch 10/500
INFO:root:----------
INFO:root:Training:   Loss: 4.5828 RMSE: 2.1408
INFO:root:Validation: Loss: 8.2982 RMSE: 2.8807
INFO:root:Epoch complete in 1m 53s
INFO:root:Epoch 11/500
INFO:root:----------
INFO:root:Training:   Loss: 4.7662 RMSE: 2.1832
INFO:root:Validation: Loss: 8.5940 RMSE: 2.9315
INFO:root:Epoch complete in 1m 54s
INFO:root:Epoch 12/500
INFO:root:----------
INFO:root:Training:   Loss: 4.3206 RMSE: 2.0786
INFO:root:Validation: Loss: 8.1693 RMSE: 2.8582
INFO:root:Epoch complete in 1m 53s
INFO:root:Epoch 13/500
INFO:root:----------
INFO:root:Training:   Loss: 4.1021 RMSE: 2.0254
INFO:root:Validation: Loss: 8.6935 RMSE: 2.9485
INFO:root:Epoch complete in 1m 52s
INFO:root:Epoch 14/500
INFO:root:----------
INFO:root:Training:   Loss: 3.9100 RMSE: 1.9774
INFO:root:Validation: Loss: 6.9154 RMSE: 2.6297
INFO:root:Epoch complete in 1m 53s
INFO:root:Epoch 15/500
INFO:root:----------
INFO:root:Training:   Loss: 4.0996 RMSE: 2.0247
INFO:root:Validation: Loss: 8.6445 RMSE: 2.9402
INFO:root:Epoch complete in 1m 53s
INFO:root:Epoch 16/500
INFO:root:----------
INFO:root:Training:   Loss: 3.8758 RMSE: 1.9687
INFO:root:Validation: Loss: 6.9298 RMSE: 2.6324
INFO:root:Epoch complete in 1m 53s
INFO:root:Epoch 17/500
INFO:root:----------
INFO:root:Training:   Loss: 3.5704 RMSE: 1.8896
INFO:root:Validation: Loss: 7.2232 RMSE: 2.6876
INFO:root:Epoch complete in 1m 53s
INFO:root:Epoch 18/500
INFO:root:----------
INFO:root:Training:   Loss: 3.4418 RMSE: 1.8552
INFO:root:Validation: Loss: 6.7006 RMSE: 2.5886
INFO:root:Epoch complete in 1m 53s
INFO:root:Epoch 19/500
INFO:root:----------
INFO:root:Training:   Loss: 3.8080 RMSE: 1.9514
INFO:root:Validation: Loss: 6.6047 RMSE: 2.5700
INFO:root:Epoch complete in 1m 53s
INFO:root:Epoch 20/500
INFO:root:----------
INFO:root:Training:   Loss: 3.3903 RMSE: 1.8413
INFO:root:Validation: Loss: 6.8461 RMSE: 2.6165
INFO:root:Epoch complete in 1m 52s
INFO:root:Epoch 21/500
INFO:root:----------
INFO:root:Training:   Loss: 3.0799 RMSE: 1.7550
INFO:root:Validation: Loss: 6.9684 RMSE: 2.6398
INFO:root:Epoch complete in 1m 53s
INFO:root:Epoch 22/500
INFO:root:----------
INFO:root:Training:   Loss: 3.0068 RMSE: 1.7340
INFO:root:Validation: Loss: 6.5686 RMSE: 2.5629
INFO:root:Epoch complete in 1m 53s
INFO:root:Epoch 23/500
INFO:root:----------
INFO:root:Training:   Loss: 3.0315 RMSE: 1.7411
INFO:root:Validation: Loss: 7.1528 RMSE: 2.6745
INFO:root:Epoch complete in 1m 53s
INFO:root:Epoch 24/500
INFO:root:----------
INFO:root:Training:   Loss: 2.8852 RMSE: 1.6986
INFO:root:Validation: Loss: 6.6535 RMSE: 2.5794
INFO:root:Epoch complete in 1m 53s
INFO:root:Epoch 25/500
INFO:root:----------
INFO:root:Training:   Loss: 2.7633 RMSE: 1.6623
INFO:root:Validation: Loss: 8.0267 RMSE: 2.8331
INFO:root:Epoch complete in 1m 53s
INFO:root:Epoch 26/500
INFO:root:----------
INFO:root:Training:   Loss: 2.9671 RMSE: 1.7225
INFO:root:Validation: Loss: 6.5374 RMSE: 2.5568
INFO:root:Epoch complete in 1m 54s
INFO:root:Epoch 27/500
INFO:root:----------
INFO:root:Training:   Loss: 2.8942 RMSE: 1.7012
INFO:root:Validation: Loss: 6.7090 RMSE: 2.5902
INFO:root:Epoch complete in 1m 52s
INFO:root:Epoch 28/500
INFO:root:----------
INFO:root:Training:   Loss: 2.6829 RMSE: 1.6380
INFO:root:Validation: Loss: 6.2752 RMSE: 2.5050
INFO:root:Epoch complete in 1m 54s
INFO:root:Epoch 29/500
INFO:root:----------
INFO:root:Training:   Loss: 2.7214 RMSE: 1.6497
INFO:root:Validation: Loss: 6.6619 RMSE: 2.5811
INFO:root:Epoch complete in 1m 53s
INFO:root:Epoch 30/500
INFO:root:----------
INFO:root:Training:   Loss: 2.7613 RMSE: 1.6617
INFO:root:Validation: Loss: 6.3899 RMSE: 2.5278
INFO:root:Epoch complete in 1m 53s
INFO:root:Epoch 31/500
INFO:root:----------
INFO:root:Training:   Loss: 2.5653 RMSE: 1.6016
INFO:root:Validation: Loss: 6.3654 RMSE: 2.5230
INFO:root:Epoch complete in 1m 53s
INFO:root:Epoch 32/500
INFO:root:----------
INFO:root:Training:   Loss: 2.4740 RMSE: 1.5729
INFO:root:Validation: Loss: 7.1009 RMSE: 2.6647
INFO:root:Epoch complete in 1m 54s
INFO:root:Epoch 33/500
INFO:root:----------
INFO:root:Training:   Loss: 2.4697 RMSE: 1.5715
INFO:root:Validation: Loss: 6.8938 RMSE: 2.6256
INFO:root:Epoch complete in 1m 53s
INFO:root:Epoch 34/500
INFO:root:----------
INFO:root:Training:   Loss: 2.3897 RMSE: 1.5459
INFO:root:Validation: Loss: 8.5527 RMSE: 2.9245
INFO:root:Epoch complete in 1m 51s
INFO:root:Epoch 35/500
INFO:root:----------
INFO:root:Training:   Loss: 2.3597 RMSE: 1.5361
INFO:root:Validation: Loss: 6.7123 RMSE: 2.5908
INFO:root:Epoch complete in 1m 51s
INFO:root:Epoch 36/500
INFO:root:----------
INFO:root:Training:   Loss: 2.3672 RMSE: 1.5386
INFO:root:Validation: Loss: 6.1018 RMSE: 2.4702
INFO:root:Epoch complete in 1m 52s
INFO:root:Epoch 37/500
INFO:root:----------
INFO:root:Training:   Loss: 2.3809 RMSE: 1.5430
INFO:root:Validation: Loss: 6.3709 RMSE: 2.5241
INFO:root:Epoch complete in 1m 51s
INFO:root:Epoch 38/500
INFO:root:----------
INFO:root:Training:   Loss: 2.3024 RMSE: 1.5174
INFO:root:Validation: Loss: 6.5970 RMSE: 2.5685
INFO:root:Epoch complete in 1m 51s
INFO:root:Epoch 39/500
INFO:root:----------
INFO:root:Training:   Loss: 2.2777 RMSE: 1.5092
INFO:root:Validation: Loss: 6.6254 RMSE: 2.5740
INFO:root:Epoch complete in 1m 51s
INFO:root:Epoch 40/500
INFO:root:----------
INFO:root:Training:   Loss: 2.1762 RMSE: 1.4752
INFO:root:Validation: Loss: 6.1555 RMSE: 2.4810
INFO:root:Epoch complete in 1m 50s
INFO:root:Epoch 41/500
INFO:root:----------
INFO:root:Training:   Loss: 2.0690 RMSE: 1.4384
INFO:root:Validation: Loss: 6.8881 RMSE: 2.6245
INFO:root:Epoch complete in 1m 51s
INFO:root:Epoch 42/500
INFO:root:----------
INFO:root:Training:   Loss: 2.0893 RMSE: 1.4455
INFO:root:Validation: Loss: 6.5805 RMSE: 2.5653
INFO:root:Epoch complete in 1m 51s
INFO:root:Epoch 43/500
INFO:root:----------
INFO:root:Training:   Loss: 2.0875 RMSE: 1.4448
INFO:root:Validation: Loss: 7.8825 RMSE: 2.8076
INFO:root:Epoch complete in 1m 50s
INFO:root:Epoch 44/500
INFO:root:----------
INFO:root:Training:   Loss: 2.2631 RMSE: 1.5044
INFO:root:Validation: Loss: 6.6608 RMSE: 2.5809
INFO:root:Epoch complete in 1m 50s
INFO:root:Epoch 45/500
INFO:root:----------
INFO:root:Training:   Loss: 2.1403 RMSE: 1.4630
INFO:root:Validation: Loss: 7.9689 RMSE: 2.8229
INFO:root:Epoch complete in 1m 50s
INFO:root:Epoch 46/500
INFO:root:----------
INFO:root:Training:   Loss: 2.0776 RMSE: 1.4414
INFO:root:Validation: Loss: 7.1811 RMSE: 2.6798
INFO:root:Epoch complete in 1m 53s
INFO:root:Epoch 47/500
INFO:root:----------
INFO:root:Training:   Loss: 2.1949 RMSE: 1.4815
INFO:root:Validation: Loss: 6.6280 RMSE: 2.5745
INFO:root:Epoch complete in 1m 52s
INFO:root:Epoch 48/500
INFO:root:----------
INFO:root:Training:   Loss: 2.0924 RMSE: 1.4465
INFO:root:Validation: Loss: 7.0621 RMSE: 2.6575
INFO:root:Epoch complete in 1m 54s
INFO:root:Epoch 49/500
INFO:root:----------
INFO:root:Training:   Loss: 1.9178 RMSE: 1.3848
INFO:root:Validation: Loss: 6.2655 RMSE: 2.5031
INFO:root:Epoch complete in 1m 54s
INFO:root:Epoch 50/500
INFO:root:----------
INFO:root:Training:   Loss: 1.8537 RMSE: 1.3615
INFO:root:Validation: Loss: 6.2437 RMSE: 2.4987
INFO:root:Epoch complete in 1m 53s
INFO:root:Epoch 51/500
INFO:root:----------
INFO:root:Training:   Loss: 1.7513 RMSE: 1.3234
INFO:root:Validation: Loss: 5.9641 RMSE: 2.4421
INFO:root:Epoch complete in 1m 53s
INFO:root:Epoch 52/500
INFO:root:----------
INFO:root:Training:   Loss: 1.7794 RMSE: 1.3339
INFO:root:Validation: Loss: 7.8405 RMSE: 2.8001
INFO:root:Epoch complete in 1m 53s
INFO:root:Epoch 53/500
INFO:root:----------
INFO:root:Training:   Loss: 1.8555 RMSE: 1.3622
INFO:root:Validation: Loss: 6.1515 RMSE: 2.4802
INFO:root:Epoch complete in 1m 53s
INFO:root:Epoch 54/500
INFO:root:----------
INFO:root:Training:   Loss: 1.6773 RMSE: 1.2951
INFO:root:Validation: Loss: 5.8259 RMSE: 2.4137
INFO:root:Epoch complete in 1m 54s
INFO:root:Epoch 55/500
INFO:root:----------
INFO:root:Training:   Loss: 1.7807 RMSE: 1.3344
INFO:root:Validation: Loss: 6.2627 RMSE: 2.5025
INFO:root:Epoch complete in 1m 53s
INFO:root:Epoch 56/500
INFO:root:----------
INFO:root:Training:   Loss: 1.6703 RMSE: 1.2924
INFO:root:Validation: Loss: 6.4731 RMSE: 2.5442
INFO:root:Epoch complete in 1m 53s
INFO:root:Epoch 57/500
INFO:root:----------
INFO:root:Training:   Loss: 1.5975 RMSE: 1.2639
INFO:root:Validation: Loss: 5.8706 RMSE: 2.4229
INFO:root:Epoch complete in 1m 53s
INFO:root:Epoch 58/500
INFO:root:----------
INFO:root:Training:   Loss: 1.6064 RMSE: 1.2675
INFO:root:Validation: Loss: 6.6351 RMSE: 2.5759
INFO:root:Epoch complete in 1m 53s
INFO:root:Epoch 59/500
INFO:root:----------
INFO:root:Training:   Loss: 1.6634 RMSE: 1.2897
INFO:root:Validation: Loss: 6.0956 RMSE: 2.4689
INFO:root:Epoch complete in 1m 53s
INFO:root:Epoch 60/500
INFO:root:----------
INFO:root:Training:   Loss: 1.7055 RMSE: 1.3059
INFO:root:Validation: Loss: 6.7243 RMSE: 2.5931
INFO:root:Epoch complete in 1m 53s
INFO:root:Epoch 61/500
INFO:root:----------
INFO:root:Training:   Loss: 1.5851 RMSE: 1.2590
INFO:root:Validation: Loss: 6.3198 RMSE: 2.5139
INFO:root:Epoch complete in 1m 54s
INFO:root:Epoch 62/500
INFO:root:----------
INFO:root:Training:   Loss: 1.5552 RMSE: 1.2471
INFO:root:Validation: Loss: 5.7979 RMSE: 2.4079
INFO:root:Epoch complete in 1m 54s
INFO:root:Epoch 63/500
INFO:root:----------
INFO:root:Training:   Loss: 1.5251 RMSE: 1.2349
INFO:root:Validation: Loss: 5.7239 RMSE: 2.3925
INFO:root:Epoch complete in 1m 54s
INFO:root:Epoch 64/500
INFO:root:----------
INFO:root:Training:   Loss: 1.5860 RMSE: 1.2594
INFO:root:Validation: Loss: 6.4636 RMSE: 2.5424
INFO:root:Epoch complete in 1m 53s
INFO:root:Epoch 65/500
INFO:root:----------
INFO:root:Training:   Loss: 1.6265 RMSE: 1.2753
INFO:root:Validation: Loss: 6.1038 RMSE: 2.4706
INFO:root:Epoch complete in 1m 53s
INFO:root:Epoch 66/500
INFO:root:----------
INFO:root:Training:   Loss: 1.5716 RMSE: 1.2537
INFO:root:Validation: Loss: 6.0474 RMSE: 2.4591
INFO:root:Epoch complete in 1m 53s
INFO:root:Epoch 67/500
INFO:root:----------
INFO:root:Training:   Loss: 1.5196 RMSE: 1.2327
INFO:root:Validation: Loss: 6.2239 RMSE: 2.4948
INFO:root:Epoch complete in 1m 53s
INFO:root:Epoch 68/500
INFO:root:----------
INFO:root:Training:   Loss: 1.4722 RMSE: 1.2133
INFO:root:Validation: Loss: 5.9699 RMSE: 2.4433
INFO:root:Epoch complete in 1m 53s
INFO:root:Epoch 69/500
INFO:root:----------
INFO:root:Training:   Loss: 1.4293 RMSE: 1.1955
INFO:root:Validation: Loss: 6.8023 RMSE: 2.6081
INFO:root:Epoch complete in 1m 53s
INFO:root:Epoch 70/500
INFO:root:----------
INFO:root:Training:   Loss: 1.4409 RMSE: 1.2004
INFO:root:Validation: Loss: 7.8421 RMSE: 2.8004
INFO:root:Epoch complete in 1m 53s
INFO:root:Epoch 71/500
INFO:root:----------
INFO:root:Training:   Loss: 1.4315 RMSE: 1.1965
INFO:root:Validation: Loss: 6.9273 RMSE: 2.6320
INFO:root:Epoch complete in 1m 52s
INFO:root:Epoch 72/500
INFO:root:----------
INFO:root:Training:   Loss: 1.4309 RMSE: 1.1962
INFO:root:Validation: Loss: 6.6904 RMSE: 2.5866
INFO:root:Epoch complete in 1m 51s
INFO:root:Epoch 73/500
INFO:root:----------
INFO:root:Training:   Loss: 1.4028 RMSE: 1.1844
INFO:root:Validation: Loss: 6.4524 RMSE: 2.5402
INFO:root:Epoch complete in 1m 51s
INFO:root:Epoch 74/500
INFO:root:----------
INFO:root:Training:   Loss: 1.3903 RMSE: 1.1791
INFO:root:Validation: Loss: 6.6992 RMSE: 2.5883
INFO:root:Epoch complete in 1m 51s
INFO:root:Epoch 75/500
INFO:root:----------
INFO:root:Training:   Loss: 1.3932 RMSE: 1.1803
INFO:root:Validation: Loss: 6.0888 RMSE: 2.4676
INFO:root:Epoch complete in 1m 51s
INFO:root:Epoch 76/500
INFO:root:----------
INFO:root:Training:   Loss: 1.3740 RMSE: 1.1722
INFO:root:Validation: Loss: 6.1159 RMSE: 2.4730
INFO:root:Epoch complete in 1m 51s
INFO:root:Epoch 77/500
INFO:root:----------
INFO:root:Training:   Loss: 1.3729 RMSE: 1.1717
INFO:root:Validation: Loss: 5.8947 RMSE: 2.4279
INFO:root:Epoch complete in 1m 51s
INFO:root:Epoch 78/500
INFO:root:----------
INFO:root:Training:   Loss: 1.2653 RMSE: 1.1248
INFO:root:Validation: Loss: 6.0262 RMSE: 2.4548
INFO:root:Epoch complete in 1m 51s
INFO:root:Epoch 79/500
INFO:root:----------
INFO:root:Training:   Loss: 1.2939 RMSE: 1.1375
INFO:root:Validation: Loss: 5.9235 RMSE: 2.4338
INFO:root:Epoch complete in 1m 51s
INFO:root:Epoch 80/500
INFO:root:----------
INFO:root:Training:   Loss: 1.3225 RMSE: 1.1500
INFO:root:Validation: Loss: 5.8977 RMSE: 2.4285
INFO:root:Epoch complete in 1m 50s
INFO:root:Epoch 81/500
INFO:root:----------
INFO:root:Training:   Loss: 1.3241 RMSE: 1.1507
INFO:root:Validation: Loss: 5.7262 RMSE: 2.3929
INFO:root:Epoch complete in 1m 51s
INFO:root:Epoch 82/500
INFO:root:----------
INFO:root:Training:   Loss: 1.3007 RMSE: 1.1405
INFO:root:Validation: Loss: 7.5798 RMSE: 2.7531
INFO:root:Epoch complete in 1m 52s
INFO:root:Epoch 83/500
INFO:root:----------
INFO:root:Training:   Loss: 1.3779 RMSE: 1.1738
INFO:root:Validation: Loss: 5.9818 RMSE: 2.4458
INFO:root:Epoch complete in 1m 52s
INFO:root:Epoch 84/500
INFO:root:----------
INFO:root:Training:   Loss: 1.1820 RMSE: 1.0872
INFO:root:Validation: Loss: 5.7601 RMSE: 2.4000
INFO:root:Epoch complete in 1m 51s
INFO:root:Epoch 85/500
INFO:root:----------
INFO:root:Training:   Loss: 1.2127 RMSE: 1.1012
INFO:root:Validation: Loss: 6.6782 RMSE: 2.5842
INFO:root:Epoch complete in 1m 51s
INFO:root:Epoch 86/500
INFO:root:----------
INFO:root:Training:   Loss: 1.2133 RMSE: 1.1015
INFO:root:Validation: Loss: 5.9518 RMSE: 2.4396
INFO:root:Epoch complete in 1m 51s
INFO:root:Epoch 87/500
INFO:root:----------
INFO:root:Training:   Loss: 1.1560 RMSE: 1.0752
INFO:root:Validation: Loss: 6.4863 RMSE: 2.5468
INFO:root:Epoch complete in 1m 51s
INFO:root:Epoch 88/500
INFO:root:----------
INFO:root:Training:   Loss: 1.1409 RMSE: 1.0681
INFO:root:Validation: Loss: 6.1034 RMSE: 2.4705
INFO:root:Epoch complete in 1m 51s
INFO:root:Epoch 89/500
INFO:root:----------
INFO:root:Training:   Loss: 1.1714 RMSE: 1.0823
INFO:root:Validation: Loss: 6.3819 RMSE: 2.5262
INFO:root:Epoch complete in 1m 51s
INFO:root:Epoch 90/500
INFO:root:----------
INFO:root:Training:   Loss: 1.1984 RMSE: 1.0947
INFO:root:Validation: Loss: 5.8253 RMSE: 2.4136
INFO:root:Epoch complete in 1m 51s
INFO:root:Epoch 91/500
INFO:root:----------
INFO:root:Training:   Loss: 1.1474 RMSE: 1.0711
INFO:root:Validation: Loss: 6.1713 RMSE: 2.4842
INFO:root:Epoch complete in 1m 51s
INFO:root:Epoch 92/500
INFO:root:----------
INFO:root:Training:   Loss: 1.2303 RMSE: 1.1092
INFO:root:Validation: Loss: 5.4241 RMSE: 2.3290
INFO:root:Epoch complete in 1m 51s
INFO:root:Epoch 93/500
INFO:root:----------
INFO:root:Training:   Loss: 1.1472 RMSE: 1.0711
INFO:root:Validation: Loss: 6.9190 RMSE: 2.6304
INFO:root:Epoch complete in 1m 51s
INFO:root:Epoch 94/500
INFO:root:----------
INFO:root:Training:   Loss: 1.1603 RMSE: 1.0772
INFO:root:Validation: Loss: 5.4921 RMSE: 2.3435
INFO:root:Epoch complete in 1m 51s
INFO:root:Epoch 95/500
INFO:root:----------
INFO:root:Training:   Loss: 1.1193 RMSE: 1.0580
INFO:root:Validation: Loss: 6.1493 RMSE: 2.4798
INFO:root:Epoch complete in 1m 51s
INFO:root:Epoch 96/500
INFO:root:----------
INFO:root:Training:   Loss: 1.0958 RMSE: 1.0468
INFO:root:Validation: Loss: 5.4343 RMSE: 2.3312
INFO:root:Epoch complete in 1m 51s
INFO:root:Epoch 97/500
INFO:root:----------
INFO:root:Training:   Loss: 1.0520 RMSE: 1.0257
INFO:root:Validation: Loss: 5.5231 RMSE: 2.3501
INFO:root:Epoch complete in 1m 51s
INFO:root:Epoch 98/500
INFO:root:----------
INFO:root:Training:   Loss: 1.0841 RMSE: 1.0412
INFO:root:Validation: Loss: 6.1544 RMSE: 2.4808
INFO:root:Epoch complete in 1m 51s
INFO:root:Epoch 99/500
INFO:root:----------
INFO:root:Training:   Loss: 1.0480 RMSE: 1.0237
INFO:root:Validation: Loss: 6.4996 RMSE: 2.5494
INFO:root:Epoch complete in 1m 51s
INFO:root:Epoch 100/500
INFO:root:----------
INFO:root:Training:   Loss: 1.0032 RMSE: 1.0016
INFO:root:Validation: Loss: 7.1056 RMSE: 2.6656
INFO:root:Epoch complete in 1m 51s
INFO:root:Epoch 101/500
INFO:root:----------
INFO:root:Training:   Loss: 1.0685 RMSE: 1.0337
INFO:root:Validation: Loss: 6.7975 RMSE: 2.6072
INFO:root:Epoch complete in 1m 51s
INFO:root:Epoch 102/500
INFO:root:----------
INFO:root:Training:   Loss: 1.0491 RMSE: 1.0243
INFO:root:Validation: Loss: 6.5724 RMSE: 2.5637
INFO:root:Epoch complete in 1m 51s
INFO:root:Epoch 103/500
INFO:root:----------
INFO:root:Training:   Loss: 1.0426 RMSE: 1.0211
INFO:root:Validation: Loss: 5.9615 RMSE: 2.4416
INFO:root:Epoch complete in 1m 51s
INFO:root:Epoch 104/500
INFO:root:----------
INFO:root:Training:   Loss: 1.0738 RMSE: 1.0363
INFO:root:Validation: Loss: 7.0453 RMSE: 2.6543
INFO:root:Epoch complete in 1m 51s
INFO:root:Epoch 105/500
INFO:root:----------
INFO:root:Training:   Loss: 1.0478 RMSE: 1.0236
INFO:root:Validation: Loss: 6.3606 RMSE: 2.5220
INFO:root:Epoch complete in 1m 51s
INFO:root:Epoch 106/500
INFO:root:----------
INFO:root:Training:   Loss: 1.0114 RMSE: 1.0057
INFO:root:Validation: Loss: 6.1047 RMSE: 2.4708
INFO:root:Epoch complete in 1m 51s
INFO:root:Epoch 107/500
INFO:root:----------
INFO:root:Training:   Loss: 1.0019 RMSE: 1.0009
INFO:root:Validation: Loss: 5.8761 RMSE: 2.4241
INFO:root:Epoch complete in 1m 51s
INFO:root:Epoch 108/500
INFO:root:----------
INFO:root:Training:   Loss: 0.9795 RMSE: 0.9897
INFO:root:Validation: Loss: 6.4870 RMSE: 2.5470
INFO:root:Epoch complete in 1m 51s
INFO:root:Epoch 109/500
INFO:root:----------
INFO:root:Training:   Loss: 0.9529 RMSE: 0.9762
INFO:root:Validation: Loss: 5.9149 RMSE: 2.4321
INFO:root:Epoch complete in 1m 51s
INFO:root:Epoch 110/500
INFO:root:----------
INFO:root:Training:   Loss: 0.9534 RMSE: 0.9764
INFO:root:Validation: Loss: 6.7304 RMSE: 2.5943
INFO:root:Epoch complete in 1m 52s
INFO:root:Epoch 111/500
INFO:root:----------
INFO:root:Training:   Loss: 0.9167 RMSE: 0.9575
INFO:root:Validation: Loss: 6.2973 RMSE: 2.5094
INFO:root:Epoch complete in 1m 51s
INFO:root:Epoch 112/500
INFO:root:----------
INFO:root:Training:   Loss: 0.9719 RMSE: 0.9858
INFO:root:Validation: Loss: 6.9635 RMSE: 2.6388
INFO:root:Epoch complete in 1m 51s
INFO:root:Epoch 113/500
INFO:root:----------
INFO:root:Training:   Loss: 0.9461 RMSE: 0.9727
INFO:root:Validation: Loss: 6.5709 RMSE: 2.5634
INFO:root:Epoch complete in 1m 51s
INFO:root:Epoch 114/500
INFO:root:----------
INFO:root:Training:   Loss: 0.9210 RMSE: 0.9597
INFO:root:Validation: Loss: 5.8412 RMSE: 2.4169
INFO:root:Epoch complete in 1m 51s
INFO:root:Epoch 115/500
INFO:root:----------
INFO:root:Training:   Loss: 0.9845 RMSE: 0.9922
INFO:root:Validation: Loss: 6.4412 RMSE: 2.5380
INFO:root:Epoch complete in 1m 52s
INFO:root:Epoch 116/500
INFO:root:----------
INFO:root:Training:   Loss: 0.9383 RMSE: 0.9687
INFO:root:Validation: Loss: 5.6789 RMSE: 2.3830
INFO:root:Epoch complete in 1m 51s
INFO:root:Epoch 117/500
INFO:root:----------
INFO:root:Training:   Loss: 0.9392 RMSE: 0.9691
INFO:root:Validation: Loss: 6.7953 RMSE: 2.6068
INFO:root:Epoch complete in 1m 51s
INFO:root:Epoch 118/500
INFO:root:----------
INFO:root:Training:   Loss: 0.8794 RMSE: 0.9378
INFO:root:Validation: Loss: 6.6346 RMSE: 2.5758
INFO:root:Epoch complete in 1m 51s
INFO:root:Epoch 119/500
INFO:root:----------
INFO:root:Training:   Loss: 0.8959 RMSE: 0.9465
INFO:root:Validation: Loss: 6.6677 RMSE: 2.5822
INFO:root:Epoch complete in 1m 51s
INFO:root:Epoch 120/500
INFO:root:----------
INFO:root:Training:   Loss: 0.8856 RMSE: 0.9411
INFO:root:Validation: Loss: 7.6919 RMSE: 2.7734
INFO:root:Epoch complete in 1m 51s
INFO:root:Epoch 121/500
INFO:root:----------
INFO:root:Training:   Loss: 0.8974 RMSE: 0.9473
INFO:root:Validation: Loss: 6.1858 RMSE: 2.4871
INFO:root:Epoch complete in 1m 51s
INFO:root:Epoch 122/500
INFO:root:----------
INFO:root:Training:   Loss: 0.8955 RMSE: 0.9463
INFO:root:Validation: Loss: 6.5413 RMSE: 2.5576
INFO:root:Epoch complete in 1m 51s
INFO:root:Epoch 123/500
INFO:root:----------
INFO:root:Training:   Loss: 0.8609 RMSE: 0.9278
INFO:root:Validation: Loss: 5.7035 RMSE: 2.3882
INFO:root:Epoch complete in 1m 51s
INFO:root:Epoch 124/500
INFO:root:----------
INFO:root:Training:   Loss: 0.8485 RMSE: 0.9211
INFO:root:Validation: Loss: 5.7965 RMSE: 2.4076
INFO:root:Epoch complete in 1m 51s
INFO:root:Epoch 125/500
INFO:root:----------
INFO:root:Training:   Loss: 0.8274 RMSE: 0.9096
INFO:root:Validation: Loss: 6.1614 RMSE: 2.4822
INFO:root:Epoch complete in 1m 51s
INFO:root:Epoch 126/500
INFO:root:----------
INFO:root:Training:   Loss: 0.8070 RMSE: 0.8983
INFO:root:Validation: Loss: 5.8671 RMSE: 2.4222
INFO:root:Epoch complete in 1m 51s
INFO:root:Epoch 127/500
INFO:root:----------
INFO:root:Training:   Loss: 0.8434 RMSE: 0.9184
INFO:root:Validation: Loss: 6.2987 RMSE: 2.5097
INFO:root:Epoch complete in 1m 52s
INFO:root:Epoch 128/500
INFO:root:----------
INFO:root:Training:   Loss: 0.8396 RMSE: 0.9163
INFO:root:Validation: Loss: 6.5265 RMSE: 2.5547
INFO:root:Epoch complete in 1m 51s
INFO:root:Epoch 129/500
INFO:root:----------
INFO:root:Training:   Loss: 0.8836 RMSE: 0.9400
INFO:root:Validation: Loss: 6.2701 RMSE: 2.5040
INFO:root:Epoch complete in 1m 51s
INFO:root:Epoch 130/500
INFO:root:----------
INFO:root:Training:   Loss: 0.8674 RMSE: 0.9313
INFO:root:Validation: Loss: 5.8623 RMSE: 2.4212
INFO:root:Epoch complete in 1m 51s
INFO:root:Epoch 131/500
INFO:root:----------
INFO:root:Training:   Loss: 0.8294 RMSE: 0.9107
INFO:root:Validation: Loss: 6.4058 RMSE: 2.5310
INFO:root:Epoch complete in 1m 52s
INFO:root:Epoch 132/500
INFO:root:----------
INFO:root:Training:   Loss: 0.8204 RMSE: 0.9058
INFO:root:Validation: Loss: 7.0123 RMSE: 2.6481
INFO:root:Epoch complete in 1m 50s
INFO:root:Epoch 133/500
INFO:root:----------
INFO:root:Training:   Loss: 0.8207 RMSE: 0.9059
INFO:root:Validation: Loss: 5.6528 RMSE: 2.3776
INFO:root:Epoch complete in 1m 50s
INFO:root:Epoch 134/500
INFO:root:----------
INFO:root:Training:   Loss: 0.7834 RMSE: 0.8851
INFO:root:Validation: Loss: 6.2237 RMSE: 2.4947
INFO:root:Epoch complete in 1m 50s
INFO:root:Epoch 135/500
INFO:root:----------
INFO:root:Training:   Loss: 0.7946 RMSE: 0.8914
INFO:root:Validation: Loss: 5.6731 RMSE: 2.3818
INFO:root:Epoch complete in 1m 50s
INFO:root:Epoch 136/500
INFO:root:----------
INFO:root:Training:   Loss: 0.7819 RMSE: 0.8843
