INFO:root:Epoch 1/200
INFO:root:----------
INFO:root:Training:   Loss: 8.5577 RMSE: 2.9254
INFO:root:Validation: Loss: 11.2533 RMSE: 3.3546
INFO:root:Epoch complete in 0m 48s
INFO:root:Epoch 2/200
INFO:root:----------
INFO:root:Training:   Loss: 3.3717 RMSE: 1.8362
INFO:root:Validation: Loss: 9.9227 RMSE: 3.1500
INFO:root:Epoch complete in 0m 50s
INFO:root:Epoch 3/200
INFO:root:----------
INFO:root:Training:   Loss: 2.5469 RMSE: 1.5959
INFO:root:Validation: Loss: 9.0274 RMSE: 3.0046
INFO:root:Epoch complete in 0m 49s
INFO:root:Epoch 4/200
INFO:root:----------
INFO:root:Training:   Loss: 2.0960 RMSE: 1.4478
INFO:root:Validation: Loss: 9.1316 RMSE: 3.0218
INFO:root:Epoch complete in 0m 49s
INFO:root:Epoch 5/200
INFO:root:----------
INFO:root:Training:   Loss: 1.7947 RMSE: 1.3397
INFO:root:Validation: Loss: 8.6017 RMSE: 2.9329
INFO:root:Epoch complete in 0m 49s
INFO:root:Epoch 6/200
INFO:root:----------
INFO:root:Training:   Loss: 1.5609 RMSE: 1.2494
INFO:root:Validation: Loss: 8.6132 RMSE: 2.9348
INFO:root:Epoch complete in 0m 49s
INFO:root:Epoch 7/200
INFO:root:----------
INFO:root:Training:   Loss: 1.3758 RMSE: 1.1730
INFO:root:Validation: Loss: 8.2089 RMSE: 2.8651
INFO:root:Epoch complete in 0m 51s
INFO:root:Epoch 8/200
INFO:root:----------
INFO:root:Training:   Loss: 1.2498 RMSE: 1.1179
INFO:root:Validation: Loss: 8.4597 RMSE: 2.9086
INFO:root:Epoch complete in 0m 49s
INFO:root:Epoch 9/200
INFO:root:----------
INFO:root:Training:   Loss: 1.1321 RMSE: 1.0640
INFO:root:Validation: Loss: 8.5138 RMSE: 2.9178
INFO:root:Epoch complete in 0m 50s
INFO:root:Epoch 10/200
INFO:root:----------
INFO:root:Training:   Loss: 1.0293 RMSE: 1.0146
INFO:root:Validation: Loss: 7.8879 RMSE: 2.8085
INFO:root:Epoch complete in 0m 49s
INFO:root:Epoch 11/200
INFO:root:----------
INFO:root:Training:   Loss: 0.9304 RMSE: 0.9646
INFO:root:Validation: Loss: 8.0579 RMSE: 2.8386
INFO:root:Epoch complete in 0m 49s
INFO:root:Epoch 12/200
INFO:root:----------
INFO:root:Training:   Loss: 0.8529 RMSE: 0.9235
INFO:root:Validation: Loss: 8.5241 RMSE: 2.9196
INFO:root:Epoch complete in 0m 49s
INFO:root:Epoch 13/200
INFO:root:----------
INFO:root:Training:   Loss: 0.7882 RMSE: 0.8878
INFO:root:Validation: Loss: 8.3024 RMSE: 2.8814
INFO:root:Epoch complete in 0m 50s
INFO:root:Epoch 14/200
INFO:root:----------
INFO:root:Training:   Loss: 0.7343 RMSE: 0.8569
INFO:root:Validation: Loss: 8.2670 RMSE: 2.8752
INFO:root:Epoch complete in 0m 49s
INFO:root:Epoch 15/200
INFO:root:----------
INFO:root:Training:   Loss: 0.6877 RMSE: 0.8293
INFO:root:Validation: Loss: 8.1887 RMSE: 2.8616
INFO:root:Epoch complete in 0m 49s
INFO:root:Epoch 16/200
INFO:root:----------
INFO:root:Training:   Loss: 0.6223 RMSE: 0.7889
INFO:root:Validation: Loss: 7.9879 RMSE: 2.8263
INFO:root:Epoch complete in 0m 49s
INFO:root:Epoch 17/200
INFO:root:----------
INFO:root:Training:   Loss: 0.5937 RMSE: 0.7705
INFO:root:Validation: Loss: 8.1945 RMSE: 2.8626
INFO:root:Epoch complete in 0m 49s
INFO:root:Epoch 18/200
INFO:root:----------
INFO:root:Training:   Loss: 0.5505 RMSE: 0.7419
INFO:root:Validation: Loss: 8.1097 RMSE: 2.8478
INFO:root:Epoch complete in 0m 49s
INFO:root:Epoch 19/200
INFO:root:----------
INFO:root:Training:   Loss: 0.5178 RMSE: 0.7196
INFO:root:Validation: Loss: 7.9931 RMSE: 2.8272
INFO:root:Epoch complete in 0m 50s
INFO:root:Epoch 20/200
INFO:root:----------
INFO:root:Training:   Loss: 0.4866 RMSE: 0.6975
INFO:root:Validation: Loss: 8.0527 RMSE: 2.8377
INFO:root:Epoch complete in 0m 49s
INFO:root:Epoch 21/200
INFO:root:----------
INFO:root:Training:   Loss: 0.4664 RMSE: 0.6830
INFO:root:Validation: Loss: 8.0716 RMSE: 2.8411
INFO:root:Epoch complete in 0m 50s
INFO:root:Epoch 22/200
INFO:root:----------
INFO:root:Training:   Loss: 0.4374 RMSE: 0.6613
INFO:root:Validation: Loss: 7.9425 RMSE: 2.8182
INFO:root:Epoch complete in 0m 49s
INFO:root:Epoch 23/200
INFO:root:----------
