INFO:root:Epoch 1/500
INFO:root:----------
INFO:root:Training:   Loss: 18.8592 RMSE: 4.3427
INFO:root:Validation: Loss: 18.9757 RMSE: 4.3561
INFO:root:Epoch complete in 2m 0s
INFO:root:Epoch 2/500
INFO:root:----------
INFO:root:Training:   Loss: 12.7683 RMSE: 3.5733
INFO:root:Validation: Loss: 16.0376 RMSE: 4.0047
INFO:root:Epoch complete in 1m 41s
INFO:root:Epoch 3/500
INFO:root:----------
INFO:root:Training:   Loss: 13.4113 RMSE: 3.6621
INFO:root:Validation: Loss: 13.4733 RMSE: 3.6706
INFO:root:Epoch complete in 1m 42s
INFO:root:Epoch 4/500
INFO:root:----------
INFO:root:Training:   Loss: 12.6746 RMSE: 3.5601
INFO:root:Validation: Loss: 25.3869 RMSE: 5.0385
INFO:root:Epoch complete in 1m 42s
INFO:root:Epoch 5/500
INFO:root:----------
INFO:root:Training:   Loss: 13.9432 RMSE: 3.7341
INFO:root:Validation: Loss: 16.2577 RMSE: 4.0321
INFO:root:Epoch complete in 1m 41s
INFO:root:Epoch 6/500
INFO:root:----------
INFO:root:Training:   Loss: 13.0481 RMSE: 3.6122
INFO:root:Validation: Loss: 18.7116 RMSE: 4.3257
INFO:root:Epoch complete in 1m 42s
INFO:root:Epoch 7/500
INFO:root:----------
INFO:root:Training:   Loss: 13.5411 RMSE: 3.6798
INFO:root:Validation: Loss: 19.8858 RMSE: 4.4593
INFO:root:Epoch complete in 1m 42s
INFO:root:Epoch 8/500
INFO:root:----------
INFO:root:Training:   Loss: 14.1244 RMSE: 3.7582
INFO:root:Validation: Loss: 21.1010 RMSE: 4.5936
INFO:root:Epoch complete in 1m 41s
INFO:root:Epoch 9/500
INFO:root:----------
INFO:root:Training:   Loss: 12.9999 RMSE: 3.6055
INFO:root:Validation: Loss: 16.1177 RMSE: 4.0147
INFO:root:Epoch complete in 1m 41s
INFO:root:Epoch 10/500
INFO:root:----------
INFO:root:Training:   Loss: 12.9346 RMSE: 3.5965
INFO:root:Validation: Loss: 17.9194 RMSE: 4.2331
INFO:root:Epoch complete in 1m 42s
INFO:root:Epoch 11/500
INFO:root:----------
INFO:root:Training:   Loss: 13.4429 RMSE: 3.6665
INFO:root:Validation: Loss: 18.3659 RMSE: 4.2855
INFO:root:Epoch complete in 1m 41s
INFO:root:Epoch 12/500
INFO:root:----------
INFO:root:Training:   Loss: 13.0493 RMSE: 3.6124
INFO:root:Validation: Loss: 17.7829 RMSE: 4.2170
INFO:root:Epoch complete in 1m 41s
INFO:root:Epoch 13/500
INFO:root:----------
INFO:root:Training:   Loss: 13.0586 RMSE: 3.6137
INFO:root:Validation: Loss: 21.4025 RMSE: 4.6263
INFO:root:Epoch complete in 1m 41s
INFO:root:Epoch 14/500
INFO:root:----------
INFO:root:Training:   Loss: 13.3159 RMSE: 3.6491
INFO:root:Validation: Loss: 18.0328 RMSE: 4.2465
INFO:root:Epoch complete in 1m 41s
INFO:root:Epoch 15/500
INFO:root:----------
INFO:root:Training:   Loss: 12.8800 RMSE: 3.5889
INFO:root:Validation: Loss: 17.8951 RMSE: 4.2303
INFO:root:Epoch complete in 1m 41s
INFO:root:Epoch 16/500
INFO:root:----------
INFO:root:Training:   Loss: 12.3466 RMSE: 3.5138
INFO:root:Validation: Loss: 16.5326 RMSE: 4.0660
INFO:root:Epoch complete in 1m 41s
INFO:root:Epoch 17/500
INFO:root:----------
INFO:root:Training:   Loss: 12.1580 RMSE: 3.4868
INFO:root:Validation: Loss: 16.4420 RMSE: 4.0549
INFO:root:Epoch complete in 1m 41s
INFO:root:Epoch 18/500
INFO:root:----------
INFO:root:Training:   Loss: 12.9401 RMSE: 3.5972
INFO:root:Validation: Loss: 19.5375 RMSE: 4.4201
INFO:root:Epoch complete in 1m 42s
INFO:root:Epoch 19/500
INFO:root:----------
INFO:root:Training:   Loss: 12.1796 RMSE: 3.4899
INFO:root:Validation: Loss: 18.9784 RMSE: 4.3564
INFO:root:Epoch complete in 1m 42s
INFO:root:Epoch 20/500
INFO:root:----------
INFO:root:Training:   Loss: 11.5302 RMSE: 3.3956
INFO:root:Validation: Loss: 21.1250 RMSE: 4.5962
INFO:root:Epoch complete in 1m 42s
INFO:root:Epoch 21/500
INFO:root:----------
INFO:root:Training:   Loss: 12.3846 RMSE: 3.5192
INFO:root:Validation: Loss: 16.8166 RMSE: 4.1008
INFO:root:Epoch complete in 1m 41s
INFO:root:Epoch 22/500
INFO:root:----------
INFO:root:Training:   Loss: 12.6008 RMSE: 3.5498
INFO:root:Validation: Loss: 20.0708 RMSE: 4.4800
INFO:root:Epoch complete in 1m 41s
INFO:root:Epoch 23/500
INFO:root:----------
INFO:root:Training:   Loss: 11.4746 RMSE: 3.3874
INFO:root:Validation: Loss: 16.2019 RMSE: 4.0252
INFO:root:Epoch complete in 1m 41s
INFO:root:Epoch 24/500
INFO:root:----------
INFO:root:Training:   Loss: 12.4581 RMSE: 3.5296
INFO:root:Validation: Loss: 16.4004 RMSE: 4.0497
INFO:root:Epoch complete in 1m 42s
INFO:root:Epoch 25/500
INFO:root:----------
INFO:root:Training:   Loss: 12.7661 RMSE: 3.5730
INFO:root:Validation: Loss: 17.5643 RMSE: 4.1910
INFO:root:Epoch complete in 1m 42s
INFO:root:Epoch 26/500
INFO:root:----------
INFO:root:Training:   Loss: 13.1392 RMSE: 3.6248
INFO:root:Validation: Loss: 18.6792 RMSE: 4.3219
INFO:root:Epoch complete in 1m 42s
INFO:root:Epoch 27/500
INFO:root:----------
INFO:root:Training:   Loss: 12.5104 RMSE: 3.5370
INFO:root:Validation: Loss: 27.3926 RMSE: 5.2338
INFO:root:Epoch complete in 1m 41s
INFO:root:Epoch 28/500
INFO:root:----------
INFO:root:Training:   Loss: 11.7216 RMSE: 3.4237
INFO:root:Validation: Loss: 14.9280 RMSE: 3.8637
INFO:root:Epoch complete in 1m 41s
INFO:root:Epoch 29/500
INFO:root:----------
INFO:root:Training:   Loss: 12.3061 RMSE: 3.5080
INFO:root:Validation: Loss: 16.9243 RMSE: 4.1139
INFO:root:Epoch complete in 1m 42s
INFO:root:Epoch 30/500
INFO:root:----------
INFO:root:Training:   Loss: 11.9435 RMSE: 3.4559
INFO:root:Validation: Loss: 16.4357 RMSE: 4.0541
INFO:root:Epoch complete in 1m 42s
INFO:root:Epoch 31/500
INFO:root:----------
INFO:root:Training:   Loss: 11.8294 RMSE: 3.4394
INFO:root:Validation: Loss: 18.2032 RMSE: 4.2665
INFO:root:Epoch complete in 1m 42s
INFO:root:Epoch 32/500
INFO:root:----------
INFO:root:Training:   Loss: 11.9866 RMSE: 3.4622
INFO:root:Validation: Loss: 17.1706 RMSE: 4.1437
INFO:root:Epoch complete in 1m 41s
INFO:root:Epoch 33/500
INFO:root:----------
INFO:root:Training:   Loss: 11.7820 RMSE: 3.4325
INFO:root:Validation: Loss: 17.0725 RMSE: 4.1319
INFO:root:Epoch complete in 1m 42s
INFO:root:Epoch 34/500
INFO:root:----------
