INFO:root:Epoch 1/500
INFO:root:----------
INFO:root:Training:   Loss: 17.4703 RMSE: 4.1797
INFO:root:Validation: Loss: 9.3644 RMSE: 3.0601
INFO:root:Epoch complete in 1m 28s
INFO:root:Epoch 2/500
INFO:root:----------
INFO:root:Training:   Loss: 7.8689 RMSE: 2.8052
INFO:root:Validation: Loss: 9.0178 RMSE: 3.0030
INFO:root:Epoch complete in 1m 29s
INFO:root:Epoch 3/500
INFO:root:----------
INFO:root:Training:   Loss: 5.5324 RMSE: 2.3521
INFO:root:Validation: Loss: 7.5425 RMSE: 2.7464
INFO:root:Epoch complete in 1m 29s
INFO:root:Epoch 4/500
INFO:root:----------
INFO:root:Training:   Loss: 4.1555 RMSE: 2.0385
INFO:root:Validation: Loss: 8.1648 RMSE: 2.8574
INFO:root:Epoch complete in 1m 28s
INFO:root:Epoch 5/500
INFO:root:----------
INFO:root:Training:   Loss: 3.2115 RMSE: 1.7921
INFO:root:Validation: Loss: 6.6926 RMSE: 2.5870
INFO:root:Epoch complete in 1m 29s
INFO:root:Epoch 6/500
INFO:root:----------
INFO:root:Training:   Loss: 2.5748 RMSE: 1.6046
INFO:root:Validation: Loss: 7.7002 RMSE: 2.7749
INFO:root:Epoch complete in 1m 28s
INFO:root:Epoch 7/500
INFO:root:----------
INFO:root:Training:   Loss: 2.1365 RMSE: 1.4617
INFO:root:Validation: Loss: 6.5245 RMSE: 2.5543
INFO:root:Epoch complete in 1m 28s
INFO:root:Epoch 8/500
INFO:root:----------
INFO:root:Training:   Loss: 1.8810 RMSE: 1.3715
INFO:root:Validation: Loss: 7.2095 RMSE: 2.6851
INFO:root:Epoch complete in 1m 29s
INFO:root:Epoch 9/500
INFO:root:----------
INFO:root:Training:   Loss: 1.7041 RMSE: 1.3054
INFO:root:Validation: Loss: 6.3769 RMSE: 2.5253
INFO:root:Epoch complete in 1m 29s
INFO:root:Epoch 10/500
INFO:root:----------
INFO:root:Training:   Loss: 1.5160 RMSE: 1.2312
INFO:root:Validation: Loss: 6.8649 RMSE: 2.6201
INFO:root:Epoch complete in 1m 28s
INFO:root:Epoch 11/500
INFO:root:----------
INFO:root:Training:   Loss: 1.3837 RMSE: 1.1763
INFO:root:Validation: Loss: 6.2837 RMSE: 2.5067
INFO:root:Epoch complete in 1m 28s
INFO:root:Epoch 12/500
INFO:root:----------
INFO:root:Training:   Loss: 1.2983 RMSE: 1.1394
INFO:root:Validation: Loss: 6.1798 RMSE: 2.4859
INFO:root:Epoch complete in 1m 29s
INFO:root:Epoch 13/500
INFO:root:----------
INFO:root:Training:   Loss: 1.2627 RMSE: 1.1237
INFO:root:Validation: Loss: 6.4797 RMSE: 2.5455
INFO:root:Epoch complete in 1m 28s
INFO:root:Epoch 14/500
INFO:root:----------
INFO:root:Training:   Loss: 1.2333 RMSE: 1.1106
INFO:root:Validation: Loss: 6.1291 RMSE: 2.4757
INFO:root:Epoch complete in 1m 28s
INFO:root:Epoch 15/500
INFO:root:----------
INFO:root:Training:   Loss: 1.2083 RMSE: 1.0992
INFO:root:Validation: Loss: 6.1054 RMSE: 2.4709
INFO:root:Epoch complete in 1m 28s
INFO:root:Epoch 16/500
INFO:root:----------
INFO:root:Training:   Loss: 1.1925 RMSE: 1.0920
INFO:root:Validation: Loss: 6.0169 RMSE: 2.4529
INFO:root:Epoch complete in 1m 29s
INFO:root:Epoch 17/500
INFO:root:----------
INFO:root:Training:   Loss: 1.1533 RMSE: 1.0739
INFO:root:Validation: Loss: 5.7896 RMSE: 2.4062
INFO:root:Epoch complete in 1m 29s
INFO:root:Epoch 18/500
INFO:root:----------
INFO:root:Training:   Loss: 1.1380 RMSE: 1.0668
INFO:root:Validation: Loss: 6.0019 RMSE: 2.4499
INFO:root:Epoch complete in 1m 28s
INFO:root:Epoch 19/500
INFO:root:----------
INFO:root:Training:   Loss: 1.1296 RMSE: 1.0628
INFO:root:Validation: Loss: 6.0787 RMSE: 2.4655
INFO:root:Epoch complete in 1m 28s
INFO:root:Epoch 20/500
INFO:root:----------
INFO:root:Training:   Loss: 1.1231 RMSE: 1.0598
INFO:root:Validation: Loss: 6.0727 RMSE: 2.4643
INFO:root:Epoch complete in 1m 28s
INFO:root:Epoch 21/500
INFO:root:----------
INFO:root:Training:   Loss: 1.1172 RMSE: 1.0570
INFO:root:Validation: Loss: 5.8732 RMSE: 2.4235
INFO:root:Epoch complete in 1m 28s
INFO:root:Epoch 22/500
INFO:root:----------
INFO:root:Training:   Loss: 1.1106 RMSE: 1.0538
INFO:root:Validation: Loss: 6.0614 RMSE: 2.4620
INFO:root:Epoch complete in 1m 28s
INFO:root:Epoch 23/500
INFO:root:----------
INFO:root:Training:   Loss: 1.0859 RMSE: 1.0421
INFO:root:Validation: Loss: 5.9682 RMSE: 2.4430
INFO:root:Epoch complete in 1m 28s
INFO:root:Epoch 24/500
INFO:root:----------
INFO:root:Training:   Loss: 1.1182 RMSE: 1.0575
INFO:root:Validation: Loss: 5.8959 RMSE: 2.4281
INFO:root:Epoch complete in 1m 29s
INFO:root:Epoch 25/500
INFO:root:----------
INFO:root:Training:   Loss: 1.0618 RMSE: 1.0304
INFO:root:Validation: Loss: 5.8164 RMSE: 2.4117
INFO:root:Epoch complete in 1m 28s
INFO:root:Epoch 26/500
INFO:root:----------
INFO:root:Training:   Loss: 1.1073 RMSE: 1.0523
INFO:root:Validation: Loss: 6.1825 RMSE: 2.4865
INFO:root:Epoch complete in 1m 28s
INFO:root:Epoch 27/500
INFO:root:----------
INFO:root:Training:   Loss: 1.0794 RMSE: 1.0389
INFO:root:Validation: Loss: 6.0783 RMSE: 2.4654
INFO:root:Epoch complete in 1m 28s
INFO:root:Epoch 28/500
INFO:root:----------
INFO:root:Training:   Loss: 1.0800 RMSE: 1.0392
INFO:root:Validation: Loss: 6.0210 RMSE: 2.4538
INFO:root:Epoch complete in 1m 28s
INFO:root:Epoch 29/500
INFO:root:----------
INFO:root:Training:   Loss: 1.0876 RMSE: 1.0429
INFO:root:Validation: Loss: 6.0759 RMSE: 2.4649
INFO:root:Epoch complete in 1m 28s
INFO:root:Epoch 30/500
INFO:root:----------
INFO:root:Training:   Loss: 1.0622 RMSE: 1.0306
INFO:root:Validation: Loss: 5.9359 RMSE: 2.4364
INFO:root:Epoch complete in 1m 28s
INFO:root:Epoch 31/500
INFO:root:----------
INFO:root:Training:   Loss: 1.1031 RMSE: 1.0503
INFO:root:Validation: Loss: 6.0081 RMSE: 2.4511
INFO:root:Epoch complete in 1m 28s
INFO:root:Epoch 32/500
INFO:root:----------
INFO:root:Training:   Loss: 1.0427 RMSE: 1.0211
INFO:root:Validation: Loss: 5.8569 RMSE: 2.4201
INFO:root:Epoch complete in 1m 29s
INFO:root:Epoch 33/500
INFO:root:----------
INFO:root:Training:   Loss: 1.0794 RMSE: 1.0389
INFO:root:Validation: Loss: 6.0721 RMSE: 2.4642
INFO:root:Epoch complete in 1m 28s
INFO:root:Epoch 34/500
INFO:root:----------
INFO:root:Training:   Loss: 1.0696 RMSE: 1.0342
INFO:root:Validation: Loss: 5.7126 RMSE: 2.3901
INFO:root:Epoch complete in 1m 29s
INFO:root:Epoch 35/500
INFO:root:----------
INFO:root:Training:   Loss: 1.0876 RMSE: 1.0429
INFO:root:Validation: Loss: 6.4501 RMSE: 2.5397
INFO:root:Epoch complete in 1m 28s
INFO:root:Epoch 36/500
INFO:root:----------
INFO:root:Training:   Loss: 1.0422 RMSE: 1.0209
INFO:root:Validation: Loss: 5.6954 RMSE: 2.3865
INFO:root:Epoch complete in 1m 28s
INFO:root:Epoch 37/500
INFO:root:----------
INFO:root:Training:   Loss: 1.0411 RMSE: 1.0203
INFO:root:Validation: Loss: 6.1900 RMSE: 2.4880
INFO:root:Epoch complete in 1m 28s
INFO:root:Epoch 38/500
INFO:root:----------
INFO:root:Training:   Loss: 1.0431 RMSE: 1.0213
INFO:root:Validation: Loss: 5.9852 RMSE: 2.4465
INFO:root:Epoch complete in 1m 28s
INFO:root:Epoch 39/500
INFO:root:----------
INFO:root:Training:   Loss: 1.0569 RMSE: 1.0280
INFO:root:Validation: Loss: 6.1096 RMSE: 2.4718
INFO:root:Epoch complete in 1m 28s
INFO:root:Epoch 40/500
INFO:root:----------
INFO:root:Training:   Loss: 1.0376 RMSE: 1.0186
INFO:root:Validation: Loss: 5.9806 RMSE: 2.4455
INFO:root:Epoch complete in 1m 28s
INFO:root:Epoch 41/500
INFO:root:----------
INFO:root:Training:   Loss: 1.0545 RMSE: 1.0269
INFO:root:Validation: Loss: 5.8713 RMSE: 2.4231
INFO:root:Epoch complete in 1m 28s
INFO:root:Epoch 42/500
INFO:root:----------
INFO:root:Training:   Loss: 1.0365 RMSE: 1.0181
INFO:root:Validation: Loss: 5.8807 RMSE: 2.4250
INFO:root:Epoch complete in 1m 29s
INFO:root:Epoch 43/500
INFO:root:----------
INFO:root:Training:   Loss: 1.0452 RMSE: 1.0224
INFO:root:Validation: Loss: 5.8785 RMSE: 2.4246
INFO:root:Epoch complete in 1m 28s
INFO:root:Epoch 44/500
INFO:root:----------
INFO:root:Training:   Loss: 1.0336 RMSE: 1.0167
INFO:root:Validation: Loss: 6.1294 RMSE: 2.4758
INFO:root:Epoch complete in 1m 28s
INFO:root:Epoch 45/500
INFO:root:----------
INFO:root:Training:   Loss: 1.0549 RMSE: 1.0271
INFO:root:Validation: Loss: 5.8285 RMSE: 2.4142
INFO:root:Epoch complete in 1m 29s
INFO:root:Epoch 46/500
INFO:root:----------
INFO:root:Training:   Loss: 1.0409 RMSE: 1.0202
INFO:root:Validation: Loss: 5.6963 RMSE: 2.3867
INFO:root:Epoch complete in 1m 28s
INFO:root:Epoch 47/500
INFO:root:----------
INFO:root:Training:   Loss: 1.0152 RMSE: 1.0076
INFO:root:Validation: Loss: 5.9984 RMSE: 2.4492
INFO:root:Epoch complete in 1m 28s
INFO:root:Epoch 48/500
INFO:root:----------
INFO:root:Training:   Loss: 1.0417 RMSE: 1.0207
INFO:root:Validation: Loss: 5.8412 RMSE: 2.4169
INFO:root:Epoch complete in 1m 28s
INFO:root:Epoch 49/500
INFO:root:----------
INFO:root:Training:   Loss: 1.0291 RMSE: 1.0145
INFO:root:Validation: Loss: 6.1799 RMSE: 2.4859
INFO:root:Epoch complete in 1m 29s
INFO:root:Epoch 50/500
INFO:root:----------
INFO:root:Training:   Loss: 1.0203 RMSE: 1.0101
INFO:root:Validation: Loss: 6.2703 RMSE: 2.5041
INFO:root:Epoch complete in 1m 28s
INFO:root:Epoch 51/500
INFO:root:----------
INFO:root:Training:   Loss: 1.0345 RMSE: 1.0171
INFO:root:Validation: Loss: 6.2560 RMSE: 2.5012
INFO:root:Epoch complete in 1m 28s
INFO:root:Epoch 52/500
INFO:root:----------
INFO:root:Training:   Loss: 1.0270 RMSE: 1.0134
INFO:root:Validation: Loss: 5.9876 RMSE: 2.4470
INFO:root:Epoch complete in 1m 28s
INFO:root:Epoch 53/500
INFO:root:----------
INFO:root:Training:   Loss: 1.0140 RMSE: 1.0070
INFO:root:Validation: Loss: 6.2179 RMSE: 2.4936
INFO:root:Epoch complete in 1m 28s
INFO:root:Epoch 54/500
INFO:root:----------
INFO:root:Training:   Loss: 1.0277 RMSE: 1.0137
INFO:root:Validation: Loss: 6.1307 RMSE: 2.4760
INFO:root:Epoch complete in 1m 28s
INFO:root:Epoch 55/500
INFO:root:----------
INFO:root:Training:   Loss: 1.0250 RMSE: 1.0124
INFO:root:Validation: Loss: 5.9257 RMSE: 2.4343
INFO:root:Epoch complete in 1m 29s
INFO:root:Epoch 56/500
INFO:root:----------
INFO:root:Training:   Loss: 0.9975 RMSE: 0.9987
INFO:root:Validation: Loss: 6.1027 RMSE: 2.4704
INFO:root:Epoch complete in 1m 27s
INFO:root:Epoch 57/500
INFO:root:----------
INFO:root:Training:   Loss: 1.0158 RMSE: 1.0079
INFO:root:Validation: Loss: 6.1179 RMSE: 2.4734
INFO:root:Epoch complete in 1m 28s
INFO:root:Epoch 58/500
INFO:root:----------
INFO:root:Training:   Loss: 1.0088 RMSE: 1.0044
INFO:root:Validation: Loss: 5.8222 RMSE: 2.4129
INFO:root:Epoch complete in 1m 28s
INFO:root:Epoch 59/500
INFO:root:----------
INFO:root:Training:   Loss: 1.0212 RMSE: 1.0105
INFO:root:Validation: Loss: 5.9264 RMSE: 2.4344
INFO:root:Epoch complete in 1m 28s
INFO:root:Epoch 60/500
INFO:root:----------
INFO:root:Training:   Loss: 1.0145 RMSE: 1.0072
INFO:root:Validation: Loss: 5.7641 RMSE: 2.4008
INFO:root:Epoch complete in 1m 28s
INFO:root:Epoch 61/500
INFO:root:----------
INFO:root:Training:   Loss: 1.0011 RMSE: 1.0005
INFO:root:Validation: Loss: 6.1240 RMSE: 2.4747
INFO:root:Epoch complete in 1m 28s
INFO:root:Epoch 62/500
INFO:root:----------
INFO:root:Training:   Loss: 1.0196 RMSE: 1.0098
INFO:root:Validation: Loss: 5.9525 RMSE: 2.4398
INFO:root:Epoch complete in 1m 28s
INFO:root:Epoch 63/500
INFO:root:----------
INFO:root:Training:   Loss: 0.9981 RMSE: 0.9991
INFO:root:Validation: Loss: 6.2051 RMSE: 2.4910
INFO:root:Epoch complete in 1m 28s
INFO:root:Epoch 64/500
INFO:root:----------
INFO:root:Training:   Loss: 1.0021 RMSE: 1.0011
INFO:root:Validation: Loss: 6.2192 RMSE: 2.4938
INFO:root:Epoch complete in 1m 28s
INFO:root:Epoch 65/500
INFO:root:----------
INFO:root:Training:   Loss: 1.0113 RMSE: 1.0056
INFO:root:Validation: Loss: 6.0044 RMSE: 2.4504
INFO:root:Epoch complete in 1m 28s
INFO:root:Epoch 66/500
INFO:root:----------
INFO:root:Training:   Loss: 1.0365 RMSE: 1.0181
INFO:root:Validation: Loss: 5.8107 RMSE: 2.4105
INFO:root:Epoch complete in 1m 29s
INFO:root:Epoch 67/500
INFO:root:----------
INFO:root:Training:   Loss: 1.0025 RMSE: 1.0013
INFO:root:Validation: Loss: 6.1030 RMSE: 2.4704
INFO:root:Epoch complete in 1m 28s
INFO:root:Epoch 68/500
INFO:root:----------
INFO:root:Training:   Loss: 1.0037 RMSE: 1.0019
INFO:root:Validation: Loss: 6.1446 RMSE: 2.4788
INFO:root:Epoch complete in 1m 28s
INFO:root:Epoch 69/500
INFO:root:----------
INFO:root:Training:   Loss: 0.9932 RMSE: 0.9966
INFO:root:Validation: Loss: 6.0845 RMSE: 2.4667
INFO:root:Epoch complete in 1m 28s
INFO:root:Epoch 70/500
INFO:root:----------
INFO:root:Training:   Loss: 1.0132 RMSE: 1.0066
INFO:root:Validation: Loss: 5.8587 RMSE: 2.4205
INFO:root:Epoch complete in 1m 28s
INFO:root:Epoch 71/500
INFO:root:----------
INFO:root:Training:   Loss: 0.9891 RMSE: 0.9945
INFO:root:Validation: Loss: 6.2111 RMSE: 2.4922
INFO:root:Epoch complete in 1m 28s
INFO:root:Epoch 72/500
INFO:root:----------
INFO:root:Training:   Loss: 0.9912 RMSE: 0.9956
INFO:root:Validation: Loss: 5.8649 RMSE: 2.4218
INFO:root:Epoch complete in 1m 29s
INFO:root:Epoch 73/500
INFO:root:----------
INFO:root:Training:   Loss: 0.9817 RMSE: 0.9908
INFO:root:Validation: Loss: 5.9411 RMSE: 2.4374
INFO:root:Epoch complete in 1m 28s
INFO:root:Epoch 74/500
INFO:root:----------
INFO:root:Training:   Loss: 0.9838 RMSE: 0.9919
INFO:root:Validation: Loss: 6.1526 RMSE: 2.4804
INFO:root:Epoch complete in 1m 28s
INFO:root:Epoch 75/500
INFO:root:----------
INFO:root:Training:   Loss: 0.9718 RMSE: 0.9858
INFO:root:Validation: Loss: 6.1321 RMSE: 2.4763
INFO:root:Epoch complete in 1m 28s
INFO:root:Epoch 76/500
INFO:root:----------
INFO:root:Training:   Loss: 1.0041 RMSE: 1.0020
INFO:root:Validation: Loss: 5.9826 RMSE: 2.4459
INFO:root:Epoch complete in 1m 27s
INFO:root:Epoch 77/500
INFO:root:----------
INFO:root:Training:   Loss: 0.9747 RMSE: 0.9873
INFO:root:Validation: Loss: 6.0783 RMSE: 2.4654
INFO:root:Epoch complete in 1m 28s
INFO:root:Epoch 78/500
INFO:root:----------
INFO:root:Training:   Loss: 0.9803 RMSE: 0.9901
INFO:root:Validation: Loss: 5.9730 RMSE: 2.4440
INFO:root:Epoch complete in 1m 28s
INFO:root:Epoch 79/500
INFO:root:----------
INFO:root:Training:   Loss: 0.9788 RMSE: 0.9893
INFO:root:Validation: Loss: 6.0749 RMSE: 2.4647
INFO:root:Epoch complete in 1m 29s
INFO:root:Epoch 80/500
INFO:root:----------
INFO:root:Training:   Loss: 0.9834 RMSE: 0.9917
INFO:root:Validation: Loss: 6.2259 RMSE: 2.4952
INFO:root:Epoch complete in 1m 29s
INFO:root:Epoch 81/500
INFO:root:----------
INFO:root:Training:   Loss: 0.9911 RMSE: 0.9955
INFO:root:Validation: Loss: 5.8626 RMSE: 2.4213
INFO:root:Epoch complete in 1m 28s
INFO:root:Epoch 82/500
INFO:root:----------
INFO:root:Training:   Loss: 0.9640 RMSE: 0.9818
INFO:root:Validation: Loss: 5.9208 RMSE: 2.4333
INFO:root:Epoch complete in 1m 28s
INFO:root:Epoch 83/500
INFO:root:----------
INFO:root:Training:   Loss: 0.9964 RMSE: 0.9982
INFO:root:Validation: Loss: 6.1297 RMSE: 2.4758
INFO:root:Epoch complete in 1m 28s
INFO:root:Epoch 84/500
INFO:root:----------
INFO:root:Training:   Loss: 1.0035 RMSE: 1.0017
INFO:root:Validation: Loss: 6.2937 RMSE: 2.5087
INFO:root:Epoch complete in 1m 29s
INFO:root:Epoch 85/500
INFO:root:----------
INFO:root:Training:   Loss: 1.0134 RMSE: 1.0067
INFO:root:Validation: Loss: 6.1799 RMSE: 2.4859
INFO:root:Epoch complete in 1m 28s
INFO:root:Epoch 86/500
INFO:root:----------
INFO:root:Training:   Loss: 0.9719 RMSE: 0.9858
INFO:root:Validation: Loss: 6.2930 RMSE: 2.5086
INFO:root:Early stopping...
INFO:root:Training complete in 2h 6m 28s
INFO:root:Best Val Loss: 5.6954 RMSE: 2.3865
