INFO:root:Epoch 1/240
INFO:root:----------
INFO:root:Training:   Loss: 36.5817 RMSE: 6.0483
INFO:root:Validation: Loss: 32.1715 RMSE: 5.6720
INFO:root:Epoch complete in 0m 44s
INFO:root:Epoch 2/240
INFO:root:----------
INFO:root:Training:   Loss: 22.4171 RMSE: 4.7347
INFO:root:Validation: Loss: 26.7380 RMSE: 5.1709
INFO:root:Epoch complete in 0m 44s
INFO:root:Epoch 3/240
INFO:root:----------
INFO:root:Training:   Loss: 18.4870 RMSE: 4.2997
INFO:root:Validation: Loss: 24.6378 RMSE: 4.9636
INFO:root:Epoch complete in 0m 44s
INFO:root:Epoch 4/240
INFO:root:----------
INFO:root:Training:   Loss: 15.3106 RMSE: 3.9129
INFO:root:Validation: Loss: 22.0919 RMSE: 4.7002
INFO:root:Epoch complete in 0m 44s
INFO:root:Epoch 5/240
INFO:root:----------
INFO:root:Training:   Loss: 13.7095 RMSE: 3.7026
INFO:root:Validation: Loss: 20.2387 RMSE: 4.4987
INFO:root:Epoch complete in 0m 44s
INFO:root:Epoch 6/240
INFO:root:----------
INFO:root:Training:   Loss: 13.1091 RMSE: 3.6207
INFO:root:Validation: Loss: 19.2217 RMSE: 4.3843
INFO:root:Epoch complete in 0m 44s
INFO:root:Epoch 7/240
INFO:root:----------
INFO:root:Training:   Loss: 11.9059 RMSE: 3.4505
INFO:root:Validation: Loss: 19.7790 RMSE: 4.4474
INFO:root:Epoch complete in 0m 43s
INFO:root:Epoch 8/240
INFO:root:----------
INFO:root:Training:   Loss: 11.3699 RMSE: 3.3719
INFO:root:Validation: Loss: 18.6734 RMSE: 4.3213
INFO:root:Epoch complete in 0m 43s
INFO:root:Epoch 9/240
INFO:root:----------
INFO:root:Training:   Loss: 10.9450 RMSE: 3.3083
INFO:root:Validation: Loss: 17.3616 RMSE: 4.1667
INFO:root:Epoch complete in 0m 43s
INFO:root:Epoch 10/240
INFO:root:----------
INFO:root:Training:   Loss: 10.4435 RMSE: 3.2316
INFO:root:Validation: Loss: 16.5045 RMSE: 4.0626
INFO:root:Epoch complete in 0m 43s
INFO:root:Epoch 11/240
INFO:root:----------
INFO:root:Training:   Loss: 10.3083 RMSE: 3.2107
INFO:root:Validation: Loss: 20.1066 RMSE: 4.4840
INFO:root:Epoch complete in 0m 43s
INFO:root:Epoch 12/240
INFO:root:----------
INFO:root:Training:   Loss: 9.8311 RMSE: 3.1355
INFO:root:Validation: Loss: 17.1338 RMSE: 4.1393
INFO:root:Epoch complete in 0m 43s
INFO:root:Epoch 13/240
INFO:root:----------
INFO:root:Training:   Loss: 9.5665 RMSE: 3.0930
INFO:root:Validation: Loss: 16.2780 RMSE: 4.0346
INFO:root:Epoch complete in 0m 43s
INFO:root:Epoch 14/240
INFO:root:----------
INFO:root:Training:   Loss: 9.3800 RMSE: 3.0627
INFO:root:Validation: Loss: 16.2853 RMSE: 4.0355
INFO:root:Epoch complete in 0m 43s
INFO:root:Epoch 15/240
INFO:root:----------
INFO:root:Training:   Loss: 9.3843 RMSE: 3.0634
INFO:root:Validation: Loss: 15.9576 RMSE: 3.9947
INFO:root:Epoch complete in 0m 43s
INFO:root:Epoch 16/240
INFO:root:----------
INFO:root:Training:   Loss: 9.3961 RMSE: 3.0653
INFO:root:Validation: Loss: 15.4630 RMSE: 3.9323
INFO:root:Epoch complete in 0m 44s
INFO:root:Epoch 17/240
INFO:root:----------
INFO:root:Training:   Loss: 9.0173 RMSE: 3.0029
INFO:root:Validation: Loss: 15.9300 RMSE: 3.9912
INFO:root:Epoch complete in 0m 43s
INFO:root:Epoch 18/240
INFO:root:----------
INFO:root:Training:   Loss: 8.9381 RMSE: 2.9897
INFO:root:Validation: Loss: 15.2244 RMSE: 3.9018
INFO:root:Epoch complete in 0m 44s
INFO:root:Epoch 19/240
INFO:root:----------
INFO:root:Training:   Loss: 8.8575 RMSE: 2.9762
INFO:root:Validation: Loss: 16.2490 RMSE: 4.0310
INFO:root:Epoch complete in 0m 43s
INFO:root:Epoch 20/240
INFO:root:----------
INFO:root:Training:   Loss: 8.5640 RMSE: 2.9264
INFO:root:Validation: Loss: 15.3037 RMSE: 3.9120
INFO:root:Epoch complete in 0m 43s
INFO:root:Epoch 21/240
INFO:root:----------
INFO:root:Training:   Loss: 8.4634 RMSE: 2.9092
INFO:root:Validation: Loss: 17.2110 RMSE: 4.1486
INFO:root:Epoch complete in 0m 43s
INFO:root:Epoch 22/240
INFO:root:----------
INFO:root:Training:   Loss: 8.7914 RMSE: 2.9650
INFO:root:Validation: Loss: 16.2222 RMSE: 4.0277
INFO:root:Epoch complete in 0m 43s
INFO:root:Epoch 23/240
INFO:root:----------
INFO:root:Training:   Loss: 8.2166 RMSE: 2.8665
INFO:root:Validation: Loss: 14.8869 RMSE: 3.8584
INFO:root:Epoch complete in 0m 43s
INFO:root:Epoch 24/240
INFO:root:----------
INFO:root:Training:   Loss: 8.1212 RMSE: 2.8498
INFO:root:Validation: Loss: 16.2733 RMSE: 4.0340
INFO:root:Epoch complete in 0m 43s
INFO:root:Epoch 25/240
INFO:root:----------
INFO:root:Training:   Loss: 8.2763 RMSE: 2.8769
INFO:root:Validation: Loss: 14.9657 RMSE: 3.8685
INFO:root:Epoch complete in 0m 43s
INFO:root:Epoch 26/240
INFO:root:----------
INFO:root:Training:   Loss: 8.4215 RMSE: 2.9020
INFO:root:Validation: Loss: 14.8452 RMSE: 3.8530
INFO:root:Epoch complete in 0m 43s
INFO:root:Epoch 27/240
INFO:root:----------
INFO:root:Training:   Loss: 8.0299 RMSE: 2.8337
INFO:root:Validation: Loss: 15.5566 RMSE: 3.9442
INFO:root:Epoch complete in 0m 43s
INFO:root:Epoch 28/240
INFO:root:----------
INFO:root:Training:   Loss: 7.6287 RMSE: 2.7620
INFO:root:Validation: Loss: 15.0370 RMSE: 3.8778
INFO:root:Epoch complete in 0m 43s
INFO:root:Epoch 29/240
INFO:root:----------
INFO:root:Training:   Loss: 7.7222 RMSE: 2.7789
INFO:root:Validation: Loss: 16.3277 RMSE: 4.0408
INFO:root:Epoch complete in 0m 43s
INFO:root:Epoch 30/240
INFO:root:----------
INFO:root:Training:   Loss: 7.7570 RMSE: 2.7851
INFO:root:Validation: Loss: 14.2599 RMSE: 3.7762
INFO:root:Epoch complete in 0m 43s
INFO:root:Epoch 31/240
INFO:root:----------
INFO:root:Training:   Loss: 7.8978 RMSE: 2.8103
INFO:root:Validation: Loss: 17.4619 RMSE: 4.1787
INFO:root:Epoch complete in 0m 43s
INFO:root:Epoch 32/240
INFO:root:----------
INFO:root:Training:   Loss: 7.5827 RMSE: 2.7537
INFO:root:Validation: Loss: 14.4450 RMSE: 3.8007
INFO:root:Epoch complete in 0m 43s
INFO:root:Epoch 33/240
INFO:root:----------
INFO:root:Training:   Loss: 7.8944 RMSE: 2.8097
INFO:root:Validation: Loss: 14.6696 RMSE: 3.8301
INFO:root:Epoch complete in 0m 43s
INFO:root:Epoch 34/240
INFO:root:----------
INFO:root:Training:   Loss: 7.6461 RMSE: 2.7652
INFO:root:Validation: Loss: 15.3293 RMSE: 3.9153
INFO:root:Epoch complete in 0m 43s
INFO:root:Epoch 35/240
INFO:root:----------
INFO:root:Training:   Loss: 8.1746 RMSE: 2.8591
INFO:root:Validation: Loss: 19.3260 RMSE: 4.3961
INFO:root:Epoch complete in 0m 43s
INFO:root:Epoch 36/240
INFO:root:----------
INFO:root:Training:   Loss: 7.5049 RMSE: 2.7395
INFO:root:Validation: Loss: 14.4083 RMSE: 3.7958
INFO:root:Epoch complete in 0m 43s
INFO:root:Epoch 37/240
INFO:root:----------
INFO:root:Training:   Loss: 7.3156 RMSE: 2.7047
INFO:root:Validation: Loss: 14.4048 RMSE: 3.7954
INFO:root:Epoch complete in 0m 43s
INFO:root:Epoch 38/240
INFO:root:----------
INFO:root:Training:   Loss: 7.3401 RMSE: 2.7093
INFO:root:Validation: Loss: 15.2165 RMSE: 3.9008
INFO:root:Epoch complete in 0m 43s
INFO:root:Epoch 39/240
INFO:root:----------
INFO:root:Training:   Loss: 7.1936 RMSE: 2.6821
INFO:root:Validation: Loss: 14.7686 RMSE: 3.8430
INFO:root:Epoch complete in 0m 43s
INFO:root:Epoch 40/240
INFO:root:----------
INFO:root:Training:   Loss: 7.2923 RMSE: 2.7004
INFO:root:Validation: Loss: 14.5524 RMSE: 3.8148
INFO:root:Epoch complete in 0m 43s
INFO:root:Epoch 41/240
INFO:root:----------
INFO:root:Training:   Loss: 7.0376 RMSE: 2.6529
INFO:root:Validation: Loss: 16.5111 RMSE: 4.0634
INFO:root:Epoch complete in 0m 43s
INFO:root:Epoch 42/240
INFO:root:----------
INFO:root:Training:   Loss: 7.1398 RMSE: 2.6720
INFO:root:Validation: Loss: 15.6043 RMSE: 3.9502
INFO:root:Epoch complete in 0m 43s
INFO:root:Epoch 43/240
INFO:root:----------
INFO:root:Training:   Loss: 7.4307 RMSE: 2.7259
INFO:root:Validation: Loss: 14.7694 RMSE: 3.8431
INFO:root:Epoch complete in 0m 43s
INFO:root:Epoch 44/240
INFO:root:----------
INFO:root:Training:   Loss: 7.4213 RMSE: 2.7242
INFO:root:Validation: Loss: 14.2643 RMSE: 3.7768
INFO:root:Epoch complete in 0m 43s
INFO:root:Epoch 45/240
INFO:root:----------
INFO:root:Training:   Loss: 6.7937 RMSE: 2.6065
INFO:root:Validation: Loss: 15.6644 RMSE: 3.9578
INFO:root:Epoch complete in 0m 43s
INFO:root:Epoch 46/240
INFO:root:----------
INFO:root:Training:   Loss: 6.8343 RMSE: 2.6142
INFO:root:Validation: Loss: 15.0290 RMSE: 3.8767
INFO:root:Epoch complete in 0m 43s
INFO:root:Epoch 47/240
INFO:root:----------
INFO:root:Training:   Loss: 7.0322 RMSE: 2.6518
INFO:root:Validation: Loss: 19.5026 RMSE: 4.4162
INFO:root:Epoch complete in 0m 43s
INFO:root:Epoch 48/240
INFO:root:----------
INFO:root:Training:   Loss: 7.2784 RMSE: 2.6979
INFO:root:Validation: Loss: 16.4864 RMSE: 4.0603
INFO:root:Epoch complete in 0m 43s
INFO:root:Epoch 49/240
INFO:root:----------
INFO:root:Training:   Loss: 6.8192 RMSE: 2.6114
INFO:root:Validation: Loss: 15.9033 RMSE: 3.9879
INFO:root:Epoch complete in 0m 43s
INFO:root:Epoch 50/240
INFO:root:----------
INFO:root:Training:   Loss: 6.7575 RMSE: 2.5995
INFO:root:Validation: Loss: 16.5181 RMSE: 4.0642
INFO:root:Epoch complete in 0m 43s
INFO:root:Epoch 51/240
INFO:root:----------
INFO:root:Training:   Loss: 6.6232 RMSE: 2.5736
INFO:root:Validation: Loss: 14.3597 RMSE: 3.7894
INFO:root:Epoch complete in 0m 43s
INFO:root:Epoch 52/240
INFO:root:----------
INFO:root:Training:   Loss: 7.0750 RMSE: 2.6599
INFO:root:Validation: Loss: 14.6860 RMSE: 3.8322
INFO:root:Epoch complete in 0m 43s
INFO:root:Epoch 53/240
INFO:root:----------
INFO:root:Training:   Loss: 6.8184 RMSE: 2.6112
INFO:root:Validation: Loss: 14.4256 RMSE: 3.7981
INFO:root:Epoch complete in 0m 43s
INFO:root:Epoch 54/240
INFO:root:----------
INFO:root:Training:   Loss: 6.8952 RMSE: 2.6259
INFO:root:Validation: Loss: 14.6330 RMSE: 3.8253
INFO:root:Epoch complete in 0m 43s
INFO:root:Epoch 55/240
INFO:root:----------
INFO:root:Training:   Loss: 6.7117 RMSE: 2.5907
INFO:root:Validation: Loss: 15.7357 RMSE: 3.9668
INFO:root:Epoch complete in 0m 43s
INFO:root:Epoch 56/240
INFO:root:----------
INFO:root:Training:   Loss: 6.7912 RMSE: 2.6060
INFO:root:Validation: Loss: 13.9867 RMSE: 3.7399
INFO:root:Epoch complete in 0m 44s
INFO:root:Epoch 57/240
INFO:root:----------
INFO:root:Training:   Loss: 6.6999 RMSE: 2.5884
INFO:root:Validation: Loss: 14.3406 RMSE: 3.7869
INFO:root:Epoch complete in 0m 43s
INFO:root:Epoch 58/240
INFO:root:----------
INFO:root:Training:   Loss: 6.7616 RMSE: 2.6003
INFO:root:Validation: Loss: 14.3413 RMSE: 3.7870
INFO:root:Epoch complete in 0m 43s
INFO:root:Epoch 59/240
INFO:root:----------
INFO:root:Training:   Loss: 6.8376 RMSE: 2.6149
INFO:root:Validation: Loss: 13.9828 RMSE: 3.7394
INFO:root:Epoch complete in 0m 44s
INFO:root:Epoch 60/240
INFO:root:----------
INFO:root:Training:   Loss: 6.4905 RMSE: 2.5477
INFO:root:Validation: Loss: 14.6736 RMSE: 3.8306
INFO:root:Epoch complete in 0m 43s
INFO:root:Epoch 61/240
INFO:root:----------
INFO:root:Training:   Loss: 6.7006 RMSE: 2.5886
INFO:root:Validation: Loss: 14.2418 RMSE: 3.7738
INFO:root:Epoch complete in 0m 43s
INFO:root:Epoch 62/240
INFO:root:----------
INFO:root:Training:   Loss: 6.5212 RMSE: 2.5537
INFO:root:Validation: Loss: 14.5263 RMSE: 3.8113
INFO:root:Epoch complete in 0m 43s
INFO:root:Epoch 63/240
INFO:root:----------
INFO:root:Training:   Loss: 6.3632 RMSE: 2.5225
INFO:root:Validation: Loss: 15.1878 RMSE: 3.8972
INFO:root:Epoch complete in 0m 43s
INFO:root:Epoch 64/240
INFO:root:----------
INFO:root:Training:   Loss: 6.6938 RMSE: 2.5872
INFO:root:Validation: Loss: 14.7233 RMSE: 3.8371
INFO:root:Epoch complete in 0m 43s
INFO:root:Epoch 65/240
INFO:root:----------
INFO:root:Training:   Loss: 6.6850 RMSE: 2.5855
INFO:root:Validation: Loss: 15.7854 RMSE: 3.9731
INFO:root:Epoch complete in 0m 43s
INFO:root:Epoch 66/240
INFO:root:----------
INFO:root:Training:   Loss: 6.5916 RMSE: 2.5674
INFO:root:Validation: Loss: 14.2074 RMSE: 3.7693
INFO:root:Epoch complete in 0m 43s
INFO:root:Epoch 67/240
INFO:root:----------
INFO:root:Training:   Loss: 6.3494 RMSE: 2.5198
INFO:root:Validation: Loss: 16.5663 RMSE: 4.0702
INFO:root:Epoch complete in 0m 43s
INFO:root:Epoch 68/240
INFO:root:----------
INFO:root:Training:   Loss: 6.2684 RMSE: 2.5037
INFO:root:Validation: Loss: 14.4763 RMSE: 3.8048
INFO:root:Epoch complete in 0m 43s
INFO:root:Epoch 69/240
INFO:root:----------
INFO:root:Training:   Loss: 6.6977 RMSE: 2.5880
INFO:root:Validation: Loss: 14.7055 RMSE: 3.8348
INFO:root:Epoch complete in 0m 43s
INFO:root:Epoch 70/240
INFO:root:----------
INFO:root:Training:   Loss: 6.1415 RMSE: 2.4782
INFO:root:Validation: Loss: 13.9279 RMSE: 3.7320
INFO:root:Epoch complete in 0m 44s
INFO:root:Epoch 71/240
INFO:root:----------
INFO:root:Training:   Loss: 6.0557 RMSE: 2.4608
INFO:root:Validation: Loss: 15.1716 RMSE: 3.8951
INFO:root:Epoch complete in 0m 43s
INFO:root:Epoch 72/240
INFO:root:----------
INFO:root:Training:   Loss: 6.1606 RMSE: 2.4821
INFO:root:Validation: Loss: 15.9178 RMSE: 3.9897
INFO:root:Epoch complete in 0m 43s
INFO:root:Epoch 73/240
INFO:root:----------
INFO:root:Training:   Loss: 6.1507 RMSE: 2.4801
INFO:root:Validation: Loss: 14.6082 RMSE: 3.8221
INFO:root:Epoch complete in 0m 43s
INFO:root:Epoch 74/240
INFO:root:----------
INFO:root:Training:   Loss: 6.0824 RMSE: 2.4663
INFO:root:Validation: Loss: 14.1766 RMSE: 3.7652
INFO:root:Epoch complete in 0m 43s
INFO:root:Epoch 75/240
INFO:root:----------
INFO:root:Training:   Loss: 6.4553 RMSE: 2.5407
INFO:root:Validation: Loss: 14.7058 RMSE: 3.8348
INFO:root:Epoch complete in 0m 43s
INFO:root:Epoch 76/240
INFO:root:----------
INFO:root:Training:   Loss: 6.2689 RMSE: 2.5038
INFO:root:Validation: Loss: 14.4610 RMSE: 3.8028
INFO:root:Epoch complete in 0m 43s
INFO:root:Epoch 77/240
INFO:root:----------
INFO:root:Training:   Loss: 5.9881 RMSE: 2.4471
INFO:root:Validation: Loss: 14.0204 RMSE: 3.7444
INFO:root:Epoch complete in 0m 43s
INFO:root:Epoch 78/240
INFO:root:----------
INFO:root:Training:   Loss: 6.0483 RMSE: 2.4593
INFO:root:Validation: Loss: 14.4070 RMSE: 3.7957
INFO:root:Epoch complete in 0m 43s
INFO:root:Epoch 79/240
INFO:root:----------
INFO:root:Training:   Loss: 6.2630 RMSE: 2.5026
INFO:root:Validation: Loss: 15.2693 RMSE: 3.9076
INFO:root:Epoch complete in 0m 43s
INFO:root:Epoch 80/240
INFO:root:----------
INFO:root:Training:   Loss: 5.8986 RMSE: 2.4287
INFO:root:Validation: Loss: 15.9300 RMSE: 3.9912
INFO:root:Epoch complete in 0m 43s
INFO:root:Epoch 81/240
INFO:root:----------
INFO:root:Training:   Loss: 5.9045 RMSE: 2.4299
INFO:root:Validation: Loss: 15.7233 RMSE: 3.9653
INFO:root:Epoch complete in 0m 43s
INFO:root:Epoch 82/240
INFO:root:----------
INFO:root:Training:   Loss: 6.2473 RMSE: 2.4995
INFO:root:Validation: Loss: 14.3226 RMSE: 3.7845
INFO:root:Epoch complete in 0m 43s
INFO:root:Epoch 83/240
INFO:root:----------
INFO:root:Training:   Loss: 6.0838 RMSE: 2.4665
INFO:root:Validation: Loss: 14.7944 RMSE: 3.8463
INFO:root:Epoch complete in 0m 43s
INFO:root:Epoch 84/240
INFO:root:----------
INFO:root:Training:   Loss: 5.8938 RMSE: 2.4277
INFO:root:Validation: Loss: 13.8949 RMSE: 3.7276
INFO:root:Epoch complete in 0m 43s
INFO:root:Epoch 85/240
INFO:root:----------
INFO:root:Training:   Loss: 6.3340 RMSE: 2.5167
INFO:root:Validation: Loss: 13.8409 RMSE: 3.7203
INFO:root:Epoch complete in 0m 44s
INFO:root:Epoch 86/240
INFO:root:----------
INFO:root:Training:   Loss: 5.9647 RMSE: 2.4423
INFO:root:Validation: Loss: 13.6023 RMSE: 3.6881
INFO:root:Epoch complete in 0m 44s
INFO:root:Epoch 87/240
INFO:root:----------
INFO:root:Training:   Loss: 5.6496 RMSE: 2.3769
INFO:root:Validation: Loss: 13.8835 RMSE: 3.7261
INFO:root:Epoch complete in 0m 43s
INFO:root:Epoch 88/240
INFO:root:----------
INFO:root:Training:   Loss: 5.8075 RMSE: 2.4099
INFO:root:Validation: Loss: 17.2158 RMSE: 4.1492
INFO:root:Epoch complete in 0m 43s
INFO:root:Epoch 89/240
INFO:root:----------
INFO:root:Training:   Loss: 6.0417 RMSE: 2.4580
INFO:root:Validation: Loss: 14.5938 RMSE: 3.8202
INFO:root:Epoch complete in 0m 43s
INFO:root:Epoch 90/240
INFO:root:----------
INFO:root:Training:   Loss: 6.0491 RMSE: 2.4595
INFO:root:Validation: Loss: 15.0614 RMSE: 3.8809
INFO:root:Epoch complete in 0m 43s
INFO:root:Epoch 91/240
INFO:root:----------
INFO:root:Training:   Loss: 5.8708 RMSE: 2.4230
INFO:root:Validation: Loss: 16.1706 RMSE: 4.0213
INFO:root:Epoch complete in 0m 43s
INFO:root:Epoch 92/240
INFO:root:----------
INFO:root:Training:   Loss: 5.7389 RMSE: 2.3956
INFO:root:Validation: Loss: 15.6468 RMSE: 3.9556
INFO:root:Epoch complete in 0m 43s
INFO:root:Epoch 93/240
INFO:root:----------
INFO:root:Training:   Loss: 5.8397 RMSE: 2.4166
INFO:root:Validation: Loss: 15.5209 RMSE: 3.9397
INFO:root:Epoch complete in 0m 43s
INFO:root:Epoch 94/240
INFO:root:----------
INFO:root:Training:   Loss: 6.0987 RMSE: 2.4695
INFO:root:Validation: Loss: 15.9155 RMSE: 3.9894
INFO:root:Epoch complete in 0m 43s
INFO:root:Epoch 95/240
INFO:root:----------
INFO:root:Training:   Loss: 5.5467 RMSE: 2.3551
INFO:root:Validation: Loss: 14.7441 RMSE: 3.8398
INFO:root:Epoch complete in 0m 43s
INFO:root:Epoch 96/240
INFO:root:----------
INFO:root:Training:   Loss: 5.5555 RMSE: 2.3570
INFO:root:Validation: Loss: 13.9865 RMSE: 3.7399
INFO:root:Epoch complete in 0m 43s
INFO:root:Epoch 97/240
INFO:root:----------
INFO:root:Training:   Loss: 5.7254 RMSE: 2.3928
INFO:root:Validation: Loss: 17.6309 RMSE: 4.1989
INFO:root:Epoch complete in 0m 43s
INFO:root:Epoch 98/240
INFO:root:----------
INFO:root:Training:   Loss: 5.7988 RMSE: 2.4081
INFO:root:Validation: Loss: 16.1913 RMSE: 4.0238
INFO:root:Epoch complete in 0m 43s
INFO:root:Epoch 99/240
INFO:root:----------
INFO:root:Training:   Loss: 5.6606 RMSE: 2.3792
INFO:root:Validation: Loss: 15.3052 RMSE: 3.9122
INFO:root:Epoch complete in 0m 43s
INFO:root:Epoch 100/240
INFO:root:----------
INFO:root:Training:   Loss: 5.2130 RMSE: 2.2832
INFO:root:Validation: Loss: 14.3859 RMSE: 3.7929
INFO:root:Epoch complete in 0m 43s
INFO:root:Epoch 101/240
INFO:root:----------
INFO:root:Training:   Loss: 5.8688 RMSE: 2.4226
INFO:root:Validation: Loss: 17.6498 RMSE: 4.2012
INFO:root:Epoch complete in 0m 43s
INFO:root:Epoch 102/240
INFO:root:----------
INFO:root:Training:   Loss: 5.8740 RMSE: 2.4236
INFO:root:Validation: Loss: 16.8846 RMSE: 4.1091
INFO:root:Epoch complete in 0m 43s
INFO:root:Epoch 103/240
INFO:root:----------
INFO:root:Training:   Loss: 5.7222 RMSE: 2.3921
INFO:root:Validation: Loss: 16.1598 RMSE: 4.0199
INFO:root:Epoch complete in 0m 43s
INFO:root:Epoch 104/240
INFO:root:----------
INFO:root:Training:   Loss: 5.8219 RMSE: 2.4129
INFO:root:Validation: Loss: 15.6221 RMSE: 3.9525
INFO:root:Epoch complete in 0m 43s
INFO:root:Epoch 105/240
INFO:root:----------
INFO:root:Training:   Loss: 5.6055 RMSE: 2.3676
INFO:root:Validation: Loss: 15.4412 RMSE: 3.9295
INFO:root:Epoch complete in 0m 43s
INFO:root:Epoch 106/240
INFO:root:----------
INFO:root:Training:   Loss: 5.6823 RMSE: 2.3838
INFO:root:Validation: Loss: 16.1416 RMSE: 4.0177
INFO:root:Epoch complete in 0m 43s
INFO:root:Epoch 107/240
INFO:root:----------
INFO:root:Training:   Loss: 5.6348 RMSE: 2.3738
INFO:root:Validation: Loss: 16.8923 RMSE: 4.1100
INFO:root:Epoch complete in 0m 43s
INFO:root:Epoch 108/240
INFO:root:----------
INFO:root:Training:   Loss: 5.3692 RMSE: 2.3171
INFO:root:Validation: Loss: 14.4796 RMSE: 3.8052
INFO:root:Epoch complete in 0m 43s
INFO:root:Epoch 109/240
INFO:root:----------
INFO:root:Training:   Loss: 5.3665 RMSE: 2.3166
INFO:root:Validation: Loss: 13.9997 RMSE: 3.7416
INFO:root:Epoch complete in 0m 43s
INFO:root:Epoch 110/240
INFO:root:----------
INFO:root:Training:   Loss: 5.5659 RMSE: 2.3592
INFO:root:Validation: Loss: 15.0831 RMSE: 3.8837
INFO:root:Epoch complete in 0m 43s
INFO:root:Epoch 111/240
INFO:root:----------
INFO:root:Training:   Loss: 5.5862 RMSE: 2.3635
INFO:root:Validation: Loss: 14.5025 RMSE: 3.8082
INFO:root:Epoch complete in 0m 43s
INFO:root:Epoch 112/240
INFO:root:----------
INFO:root:Training:   Loss: 5.8376 RMSE: 2.4161
INFO:root:Validation: Loss: 13.9206 RMSE: 3.7310
INFO:root:Epoch complete in 0m 43s
INFO:root:Epoch 113/240
INFO:root:----------
INFO:root:Training:   Loss: 5.2243 RMSE: 2.2857
INFO:root:Validation: Loss: 14.5736 RMSE: 3.8175
INFO:root:Epoch complete in 0m 43s
INFO:root:Epoch 114/240
INFO:root:----------
INFO:root:Training:   Loss: 5.9081 RMSE: 2.4307
INFO:root:Validation: Loss: 14.4414 RMSE: 3.8002
INFO:root:Epoch complete in 0m 43s
INFO:root:Epoch 115/240
INFO:root:----------
INFO:root:Training:   Loss: 5.5532 RMSE: 2.3565
INFO:root:Validation: Loss: 14.3154 RMSE: 3.7836
INFO:root:Epoch complete in 0m 43s
INFO:root:Epoch 116/240
INFO:root:----------
INFO:root:Training:   Loss: 5.4175 RMSE: 2.3276
INFO:root:Validation: Loss: 15.8732 RMSE: 3.9841
INFO:root:Epoch complete in 0m 43s
INFO:root:Epoch 117/240
INFO:root:----------
INFO:root:Training:   Loss: 5.3257 RMSE: 2.3077
INFO:root:Validation: Loss: 17.7652 RMSE: 4.2149
INFO:root:Epoch complete in 0m 43s
INFO:root:Epoch 118/240
INFO:root:----------
INFO:root:Training:   Loss: 5.2362 RMSE: 2.2883
INFO:root:Validation: Loss: 14.5521 RMSE: 3.8147
INFO:root:Epoch complete in 0m 43s
INFO:root:Epoch 119/240
INFO:root:----------
INFO:root:Training:   Loss: 5.3825 RMSE: 2.3200
INFO:root:Validation: Loss: 18.7000 RMSE: 4.3243
INFO:root:Epoch complete in 0m 43s
INFO:root:Epoch 120/240
INFO:root:----------
INFO:root:Training:   Loss: 5.3856 RMSE: 2.3207
INFO:root:Validation: Loss: 14.5699 RMSE: 3.8171
INFO:root:Epoch complete in 0m 43s
INFO:root:Epoch 121/240
INFO:root:----------
INFO:root:Training:   Loss: 5.4986 RMSE: 2.3449
INFO:root:Validation: Loss: 17.3042 RMSE: 4.1598
INFO:root:Epoch complete in 0m 43s
INFO:root:Epoch 122/240
INFO:root:----------
INFO:root:Training:   Loss: 5.3227 RMSE: 2.3071
INFO:root:Validation: Loss: 14.1417 RMSE: 3.7605
INFO:root:Epoch complete in 0m 43s
INFO:root:Epoch 123/240
INFO:root:----------
INFO:root:Training:   Loss: 5.1471 RMSE: 2.2687
INFO:root:Validation: Loss: 15.3366 RMSE: 3.9162
INFO:root:Epoch complete in 0m 43s
INFO:root:Epoch 124/240
INFO:root:----------
INFO:root:Training:   Loss: 5.3081 RMSE: 2.3039
INFO:root:Validation: Loss: 14.6771 RMSE: 3.8311
INFO:root:Epoch complete in 0m 43s
INFO:root:Epoch 125/240
INFO:root:----------
INFO:root:Training:   Loss: 5.1152 RMSE: 2.2617
INFO:root:Validation: Loss: 15.4095 RMSE: 3.9255
INFO:root:Epoch complete in 0m 43s
INFO:root:Epoch 126/240
INFO:root:----------
INFO:root:Training:   Loss: 5.1956 RMSE: 2.2794
INFO:root:Validation: Loss: 14.7577 RMSE: 3.8416
INFO:root:Epoch complete in 0m 43s
INFO:root:Epoch 127/240
INFO:root:----------
INFO:root:Training:   Loss: 5.4940 RMSE: 2.3439
INFO:root:Validation: Loss: 13.9622 RMSE: 3.7366
INFO:root:Epoch complete in 0m 43s
INFO:root:Epoch 128/240
INFO:root:----------
INFO:root:Training:   Loss: 5.2128 RMSE: 2.2832
INFO:root:Validation: Loss: 13.8787 RMSE: 3.7254
INFO:root:Epoch complete in 0m 43s
INFO:root:Epoch 129/240
INFO:root:----------
INFO:root:Training:   Loss: 5.1091 RMSE: 2.2603
INFO:root:Validation: Loss: 14.3461 RMSE: 3.7876
INFO:root:Epoch complete in 0m 43s
INFO:root:Epoch 130/240
INFO:root:----------
INFO:root:Training:   Loss: 5.5269 RMSE: 2.3509
INFO:root:Validation: Loss: 14.6414 RMSE: 3.8264
INFO:root:Epoch complete in 0m 43s
INFO:root:Epoch 131/240
INFO:root:----------
INFO:root:Training:   Loss: 5.1387 RMSE: 2.2669
INFO:root:Validation: Loss: 16.5052 RMSE: 4.0627
INFO:root:Epoch complete in 0m 43s
INFO:root:Epoch 132/240
INFO:root:----------
INFO:root:Training:   Loss: 5.6282 RMSE: 2.3724
INFO:root:Validation: Loss: 13.8334 RMSE: 3.7193
INFO:root:Epoch complete in 0m 43s
INFO:root:Epoch 133/240
INFO:root:----------
INFO:root:Training:   Loss: 5.3313 RMSE: 2.3090
INFO:root:Validation: Loss: 17.3210 RMSE: 4.1619
INFO:root:Epoch complete in 0m 43s
INFO:root:Epoch 134/240
INFO:root:----------
INFO:root:Training:   Loss: 5.4639 RMSE: 2.3375
INFO:root:Validation: Loss: 13.8152 RMSE: 3.7169
INFO:root:Epoch complete in 0m 43s
INFO:root:Epoch 135/240
INFO:root:----------
INFO:root:Training:   Loss: 5.0378 RMSE: 2.2445
INFO:root:Validation: Loss: 15.0070 RMSE: 3.8739
INFO:root:Epoch complete in 0m 43s
INFO:root:Epoch 136/240
INFO:root:----------
INFO:root:Training:   Loss: 4.9395 RMSE: 2.2225
INFO:root:Validation: Loss: 15.4207 RMSE: 3.9269
INFO:root:Epoch complete in 0m 43s
INFO:root:Epoch 137/240
INFO:root:----------
INFO:root:Training:   Loss: 5.0384 RMSE: 2.2446
INFO:root:Validation: Loss: 14.1885 RMSE: 3.7668
INFO:root:Epoch complete in 0m 43s
INFO:root:Epoch 138/240
INFO:root:----------
INFO:root:Training:   Loss: 5.1337 RMSE: 2.2658
INFO:root:Validation: Loss: 14.5379 RMSE: 3.8129
INFO:root:Epoch complete in 0m 43s
INFO:root:Epoch 139/240
INFO:root:----------
INFO:root:Training:   Loss: 4.9184 RMSE: 2.2178
INFO:root:Validation: Loss: 13.8189 RMSE: 3.7174
INFO:root:Epoch complete in 0m 43s
INFO:root:Epoch 140/240
INFO:root:----------
INFO:root:Training:   Loss: 5.6347 RMSE: 2.3737
INFO:root:Validation: Loss: 15.1725 RMSE: 3.8952
INFO:root:Epoch complete in 0m 43s
INFO:root:Epoch 141/240
INFO:root:----------
INFO:root:Training:   Loss: 5.2915 RMSE: 2.3003
INFO:root:Validation: Loss: 14.0703 RMSE: 3.7510
INFO:root:Epoch complete in 0m 43s
INFO:root:Epoch 142/240
INFO:root:----------
INFO:root:Training:   Loss: 5.0588 RMSE: 2.2492
INFO:root:Validation: Loss: 13.8567 RMSE: 3.7225
INFO:root:Epoch complete in 0m 43s
INFO:root:Epoch 143/240
INFO:root:----------
INFO:root:Training:   Loss: 5.2708 RMSE: 2.2958
INFO:root:Validation: Loss: 16.5562 RMSE: 4.0689
INFO:root:Epoch complete in 0m 43s
INFO:root:Epoch 144/240
INFO:root:----------
INFO:root:Training:   Loss: 5.0105 RMSE: 2.2384
INFO:root:Validation: Loss: 15.6180 RMSE: 3.9520
INFO:root:Epoch complete in 0m 43s
INFO:root:Epoch 145/240
INFO:root:----------
INFO:root:Training:   Loss: 5.3429 RMSE: 2.3115
INFO:root:Validation: Loss: 13.9458 RMSE: 3.7344
INFO:root:Epoch complete in 0m 43s
INFO:root:Epoch 146/240
INFO:root:----------
INFO:root:Training:   Loss: 5.4113 RMSE: 2.3262
INFO:root:Validation: Loss: 14.3508 RMSE: 3.7882
INFO:root:Epoch complete in 0m 43s
INFO:root:Epoch 147/240
INFO:root:----------
INFO:root:Training:   Loss: 5.1983 RMSE: 2.2800
INFO:root:Validation: Loss: 14.0147 RMSE: 3.7436
INFO:root:Epoch complete in 0m 43s
INFO:root:Epoch 148/240
INFO:root:----------
INFO:root:Training:   Loss: 4.8779 RMSE: 2.2086
INFO:root:Validation: Loss: 13.9636 RMSE: 3.7368
INFO:root:Epoch complete in 0m 43s
INFO:root:Epoch 149/240
INFO:root:----------
INFO:root:Training:   Loss: 4.9010 RMSE: 2.2138
INFO:root:Validation: Loss: 14.5407 RMSE: 3.8132
INFO:root:Epoch complete in 0m 43s
INFO:root:Epoch 150/240
INFO:root:----------
INFO:root:Training:   Loss: 5.0337 RMSE: 2.2436
INFO:root:Validation: Loss: 15.2098 RMSE: 3.9000
INFO:root:Epoch complete in 0m 43s
INFO:root:Epoch 151/240
INFO:root:----------
INFO:root:Training:   Loss: 5.4182 RMSE: 2.3277
INFO:root:Validation: Loss: 17.9434 RMSE: 4.2360
INFO:root:Epoch complete in 0m 43s
INFO:root:Epoch 152/240
INFO:root:----------
INFO:root:Training:   Loss: 5.0446 RMSE: 2.2460
INFO:root:Validation: Loss: 14.2095 RMSE: 3.7696
INFO:root:Epoch complete in 0m 43s
INFO:root:Epoch 153/240
INFO:root:----------
INFO:root:Training:   Loss: 4.9595 RMSE: 2.2270
INFO:root:Validation: Loss: 13.8336 RMSE: 3.7194
INFO:root:Epoch complete in 0m 43s
INFO:root:Epoch 154/240
INFO:root:----------
INFO:root:Training:   Loss: 5.1443 RMSE: 2.2681
INFO:root:Validation: Loss: 14.2832 RMSE: 3.7793
INFO:root:Epoch complete in 0m 43s
INFO:root:Epoch 155/240
INFO:root:----------
INFO:root:Training:   Loss: 4.7826 RMSE: 2.1869
INFO:root:Validation: Loss: 14.0460 RMSE: 3.7478
INFO:root:Epoch complete in 0m 43s
INFO:root:Epoch 156/240
INFO:root:----------
INFO:root:Training:   Loss: 5.1746 RMSE: 2.2748
INFO:root:Validation: Loss: 13.8512 RMSE: 3.7217
INFO:root:Epoch complete in 0m 43s
INFO:root:Epoch 157/240
INFO:root:----------
INFO:root:Training:   Loss: 4.8178 RMSE: 2.1950
INFO:root:Validation: Loss: 14.8691 RMSE: 3.8560
INFO:root:Epoch complete in 0m 43s
INFO:root:Epoch 158/240
INFO:root:----------
INFO:root:Training:   Loss: 4.9823 RMSE: 2.2321
INFO:root:Validation: Loss: 14.2531 RMSE: 3.7753
INFO:root:Epoch complete in 0m 43s
INFO:root:Epoch 159/240
INFO:root:----------
INFO:root:Training:   Loss: 4.9055 RMSE: 2.2148
INFO:root:Validation: Loss: 13.9982 RMSE: 3.7414
INFO:root:Epoch complete in 0m 43s
INFO:root:Epoch 160/240
INFO:root:----------
INFO:root:Training:   Loss: 4.7981 RMSE: 2.1905
INFO:root:Validation: Loss: 13.9559 RMSE: 3.7358
INFO:root:Epoch complete in 0m 43s
INFO:root:Epoch 161/240
INFO:root:----------
INFO:root:Training:   Loss: 5.1617 RMSE: 2.2719
INFO:root:Validation: Loss: 15.2389 RMSE: 3.9037
INFO:root:Epoch complete in 0m 43s
INFO:root:Epoch 162/240
INFO:root:----------
INFO:root:Training:   Loss: 4.9041 RMSE: 2.2145
INFO:root:Validation: Loss: 15.9685 RMSE: 3.9961
INFO:root:Epoch complete in 0m 43s
INFO:root:Epoch 163/240
INFO:root:----------
INFO:root:Training:   Loss: 4.9129 RMSE: 2.2165
INFO:root:Validation: Loss: 14.5814 RMSE: 3.8186
INFO:root:Epoch complete in 0m 43s
INFO:root:Epoch 164/240
INFO:root:----------
INFO:root:Training:   Loss: 4.7470 RMSE: 2.1788
INFO:root:Validation: Loss: 14.1851 RMSE: 3.7663
INFO:root:Epoch complete in 0m 43s
INFO:root:Epoch 165/240
INFO:root:----------
INFO:root:Training:   Loss: 5.0791 RMSE: 2.2537
INFO:root:Validation: Loss: 14.6827 RMSE: 3.8318
INFO:root:Epoch complete in 0m 43s
INFO:root:Epoch 166/240
INFO:root:----------
INFO:root:Training:   Loss: 4.6535 RMSE: 2.1572
INFO:root:Validation: Loss: 13.7341 RMSE: 3.7060
INFO:root:Epoch complete in 0m 43s
INFO:root:Epoch 167/240
INFO:root:----------
INFO:root:Training:   Loss: 4.8195 RMSE: 2.1953
INFO:root:Validation: Loss: 13.6774 RMSE: 3.6983
INFO:root:Epoch complete in 0m 43s
INFO:root:Epoch 168/240
INFO:root:----------
INFO:root:Training:   Loss: 5.7659 RMSE: 2.4012
INFO:root:Validation: Loss: 14.1922 RMSE: 3.7672
INFO:root:Epoch complete in 0m 43s
INFO:root:Epoch 169/240
INFO:root:----------
INFO:root:Training:   Loss: 5.0628 RMSE: 2.2501
INFO:root:Validation: Loss: 15.1700 RMSE: 3.8949
INFO:root:Epoch complete in 0m 43s
INFO:root:Epoch 170/240
INFO:root:----------
INFO:root:Training:   Loss: 4.8824 RMSE: 2.2096
INFO:root:Validation: Loss: 15.0488 RMSE: 3.8793
INFO:root:Epoch complete in 0m 43s
INFO:root:Epoch 171/240
INFO:root:----------
INFO:root:Training:   Loss: 4.8269 RMSE: 2.1970
INFO:root:Validation: Loss: 14.8425 RMSE: 3.8526
INFO:root:Epoch complete in 0m 43s
INFO:root:Epoch 172/240
INFO:root:----------
INFO:root:Training:   Loss: 4.4363 RMSE: 2.1062
INFO:root:Validation: Loss: 17.6634 RMSE: 4.2028
INFO:root:Epoch complete in 0m 43s
INFO:root:Epoch 173/240
INFO:root:----------
INFO:root:Training:   Loss: 4.8826 RMSE: 2.2097
INFO:root:Validation: Loss: 14.0884 RMSE: 3.7535
INFO:root:Epoch complete in 0m 43s
INFO:root:Epoch 174/240
INFO:root:----------
INFO:root:Training:   Loss: 4.9128 RMSE: 2.2165
INFO:root:Validation: Loss: 16.1964 RMSE: 4.0245
INFO:root:Epoch complete in 0m 43s
INFO:root:Epoch 175/240
INFO:root:----------
INFO:root:Training:   Loss: 4.8125 RMSE: 2.1937
INFO:root:Validation: Loss: 16.0738 RMSE: 4.0092
INFO:root:Epoch complete in 0m 43s
INFO:root:Epoch 176/240
INFO:root:----------
INFO:root:Training:   Loss: 4.8951 RMSE: 2.2125
INFO:root:Validation: Loss: 15.9325 RMSE: 3.9915
INFO:root:Epoch complete in 0m 43s
INFO:root:Epoch 177/240
INFO:root:----------
INFO:root:Training:   Loss: 4.7511 RMSE: 2.1797
INFO:root:Validation: Loss: 14.3185 RMSE: 3.7840
INFO:root:Epoch complete in 0m 43s
INFO:root:Epoch 178/240
INFO:root:----------
INFO:root:Training:   Loss: 5.1995 RMSE: 2.2802
INFO:root:Validation: Loss: 14.0353 RMSE: 3.7464
INFO:root:Epoch complete in 0m 43s
INFO:root:Epoch 179/240
INFO:root:----------
INFO:root:Training:   Loss: 4.7048 RMSE: 2.1691
INFO:root:Validation: Loss: 14.9156 RMSE: 3.8621
INFO:root:Epoch complete in 0m 43s
INFO:root:Epoch 180/240
INFO:root:----------
INFO:root:Training:   Loss: 4.6212 RMSE: 2.1497
INFO:root:Validation: Loss: 15.9920 RMSE: 3.9990
INFO:root:Epoch complete in 0m 43s
INFO:root:Epoch 181/240
INFO:root:----------
INFO:root:Training:   Loss: 4.4628 RMSE: 2.1125
INFO:root:Validation: Loss: 16.6450 RMSE: 4.0798
INFO:root:Epoch complete in 0m 43s
INFO:root:Epoch 182/240
INFO:root:----------
INFO:root:Training:   Loss: 4.7671 RMSE: 2.1834
INFO:root:Validation: Loss: 14.3188 RMSE: 3.7840
INFO:root:Epoch complete in 0m 43s
INFO:root:Epoch 183/240
INFO:root:----------
INFO:root:Training:   Loss: 4.7449 RMSE: 2.1783
INFO:root:Validation: Loss: 15.0497 RMSE: 3.8794
INFO:root:Epoch complete in 0m 43s
INFO:root:Epoch 184/240
INFO:root:----------
INFO:root:Training:   Loss: 4.6348 RMSE: 2.1529
INFO:root:Validation: Loss: 14.3047 RMSE: 3.7822
INFO:root:Epoch complete in 0m 43s
INFO:root:Epoch 185/240
INFO:root:----------
INFO:root:Training:   Loss: 4.4746 RMSE: 2.1153
INFO:root:Validation: Loss: 14.5613 RMSE: 3.8159
INFO:root:Epoch complete in 0m 43s
INFO:root:Epoch 186/240
INFO:root:----------
INFO:root:Training:   Loss: 4.4982 RMSE: 2.1209
INFO:root:Validation: Loss: 15.3457 RMSE: 3.9174
INFO:root:Epoch complete in 0m 43s
INFO:root:Epoch 187/240
INFO:root:----------
INFO:root:Training:   Loss: 4.8398 RMSE: 2.1999
INFO:root:Validation: Loss: 14.0139 RMSE: 3.7435
INFO:root:Epoch complete in 0m 43s
INFO:root:Epoch 188/240
INFO:root:----------
INFO:root:Training:   Loss: 4.7923 RMSE: 2.1891
INFO:root:Validation: Loss: 14.3769 RMSE: 3.7917
INFO:root:Epoch complete in 0m 43s
INFO:root:Epoch 189/240
INFO:root:----------
INFO:root:Training:   Loss: 4.5309 RMSE: 2.1286
INFO:root:Validation: Loss: 14.7456 RMSE: 3.8400
INFO:root:Epoch complete in 0m 43s
INFO:root:Epoch 190/240
INFO:root:----------
INFO:root:Training:   Loss: 4.6041 RMSE: 2.1457
INFO:root:Validation: Loss: 15.2737 RMSE: 3.9082
INFO:root:Epoch complete in 0m 43s
INFO:root:Epoch 191/240
INFO:root:----------
INFO:root:Training:   Loss: 4.2712 RMSE: 2.0667
INFO:root:Validation: Loss: 14.8260 RMSE: 3.8505
INFO:root:Epoch complete in 0m 43s
INFO:root:Epoch 192/240
INFO:root:----------
INFO:root:Training:   Loss: 4.7813 RMSE: 2.1866
INFO:root:Validation: Loss: 14.1687 RMSE: 3.7641
INFO:root:Epoch complete in 0m 43s
INFO:root:Epoch 193/240
INFO:root:----------
INFO:root:Training:   Loss: 4.9676 RMSE: 2.2288
INFO:root:Validation: Loss: 14.8587 RMSE: 3.8547
INFO:root:Epoch complete in 0m 43s
INFO:root:Epoch 194/240
INFO:root:----------
INFO:root:Training:   Loss: 4.5405 RMSE: 2.1309
INFO:root:Validation: Loss: 14.7268 RMSE: 3.8375
INFO:root:Epoch complete in 0m 43s
INFO:root:Epoch 195/240
INFO:root:----------
INFO:root:Training:   Loss: 4.6899 RMSE: 2.1656
INFO:root:Validation: Loss: 14.8458 RMSE: 3.8530
INFO:root:Epoch complete in 0m 43s
INFO:root:Epoch 196/240
INFO:root:----------
INFO:root:Training:   Loss: 4.7231 RMSE: 2.1733
INFO:root:Validation: Loss: 14.4959 RMSE: 3.8074
INFO:root:Epoch complete in 0m 43s
INFO:root:Epoch 197/240
INFO:root:----------
INFO:root:Training:   Loss: 4.6928 RMSE: 2.1663
INFO:root:Validation: Loss: 15.2643 RMSE: 3.9070
INFO:root:Epoch complete in 0m 43s
INFO:root:Epoch 198/240
INFO:root:----------
INFO:root:Training:   Loss: 5.2878 RMSE: 2.2995
INFO:root:Validation: Loss: 14.4170 RMSE: 3.7970
INFO:root:Epoch complete in 0m 43s
INFO:root:Epoch 199/240
INFO:root:----------
INFO:root:Training:   Loss: 4.4238 RMSE: 2.1033
INFO:root:Validation: Loss: 15.7698 RMSE: 3.9711
INFO:root:Epoch complete in 0m 43s
INFO:root:Epoch 200/240
INFO:root:----------
INFO:root:Training:   Loss: 4.4730 RMSE: 2.1150
INFO:root:Validation: Loss: 14.9036 RMSE: 3.8605
INFO:root:Epoch complete in 0m 43s
INFO:root:Epoch 201/240
INFO:root:----------
INFO:root:Training:   Loss: 4.6003 RMSE: 2.1448
INFO:root:Validation: Loss: 14.9469 RMSE: 3.8661
INFO:root:Epoch complete in 0m 43s
INFO:root:Epoch 202/240
INFO:root:----------
INFO:root:Training:   Loss: 5.1968 RMSE: 2.2796
INFO:root:Validation: Loss: 14.5665 RMSE: 3.8166
INFO:root:Epoch complete in 0m 43s
INFO:root:Epoch 203/240
INFO:root:----------
INFO:root:Training:   Loss: 4.4552 RMSE: 2.1107
INFO:root:Validation: Loss: 13.8697 RMSE: 3.7242
INFO:root:Epoch complete in 0m 43s
INFO:root:Epoch 204/240
INFO:root:----------
INFO:root:Training:   Loss: 4.2886 RMSE: 2.0709
INFO:root:Validation: Loss: 14.4273 RMSE: 3.7983
INFO:root:Epoch complete in 0m 43s
INFO:root:Epoch 205/240
INFO:root:----------
INFO:root:Training:   Loss: 4.4211 RMSE: 2.1026
INFO:root:Validation: Loss: 14.5301 RMSE: 3.8118
INFO:root:Epoch complete in 0m 43s
INFO:root:Epoch 206/240
INFO:root:----------
INFO:root:Training:   Loss: 4.4922 RMSE: 2.1195
INFO:root:Validation: Loss: 15.5975 RMSE: 3.9494
INFO:root:Epoch complete in 0m 43s
INFO:root:Epoch 207/240
INFO:root:----------
INFO:root:Training:   Loss: 4.4889 RMSE: 2.1187
INFO:root:Validation: Loss: 14.0740 RMSE: 3.7515
INFO:root:Epoch complete in 0m 43s
INFO:root:Epoch 208/240
INFO:root:----------
INFO:root:Training:   Loss: 4.8223 RMSE: 2.1960
INFO:root:Validation: Loss: 13.8542 RMSE: 3.7221
INFO:root:Epoch complete in 0m 43s
INFO:root:Epoch 209/240
INFO:root:----------
INFO:root:Training:   Loss: 4.5320 RMSE: 2.1289
INFO:root:Validation: Loss: 13.8758 RMSE: 3.7250
INFO:root:Epoch complete in 0m 43s
INFO:root:Epoch 210/240
INFO:root:----------
INFO:root:Training:   Loss: 4.4128 RMSE: 2.1007
INFO:root:Validation: Loss: 14.7085 RMSE: 3.8352
INFO:root:Epoch complete in 0m 43s
INFO:root:Epoch 211/240
INFO:root:----------
INFO:root:Training:   Loss: 4.4340 RMSE: 2.1057
INFO:root:Validation: Loss: 15.1169 RMSE: 3.8880
INFO:root:Epoch complete in 0m 43s
INFO:root:Epoch 212/240
INFO:root:----------
INFO:root:Training:   Loss: 4.4158 RMSE: 2.1014
INFO:root:Validation: Loss: 13.8903 RMSE: 3.7270
INFO:root:Epoch complete in 0m 43s
INFO:root:Epoch 213/240
INFO:root:----------
INFO:root:Training:   Loss: 4.4165 RMSE: 2.1016
INFO:root:Validation: Loss: 13.7925 RMSE: 3.7138
INFO:root:Epoch complete in 0m 43s
INFO:root:Epoch 214/240
INFO:root:----------
INFO:root:Training:   Loss: 4.4384 RMSE: 2.1067
INFO:root:Validation: Loss: 15.6956 RMSE: 3.9618
INFO:root:Epoch complete in 0m 43s
INFO:root:Epoch 215/240
INFO:root:----------
INFO:root:Training:   Loss: 4.7064 RMSE: 2.1694
INFO:root:Validation: Loss: 13.9916 RMSE: 3.7405
INFO:root:Epoch complete in 0m 43s
INFO:root:Epoch 216/240
INFO:root:----------
INFO:root:Training:   Loss: 5.0841 RMSE: 2.2548
INFO:root:Validation: Loss: 14.9831 RMSE: 3.8708
INFO:root:Epoch complete in 0m 43s
INFO:root:Epoch 217/240
INFO:root:----------
INFO:root:Training:   Loss: 4.2381 RMSE: 2.0587
INFO:root:Validation: Loss: 14.2747 RMSE: 3.7782
INFO:root:Epoch complete in 0m 43s
INFO:root:Epoch 218/240
INFO:root:----------
INFO:root:Training:   Loss: 4.3781 RMSE: 2.0924
INFO:root:Validation: Loss: 15.3186 RMSE: 3.9139
INFO:root:Epoch complete in 0m 43s
INFO:root:Epoch 219/240
INFO:root:----------
INFO:root:Training:   Loss: 4.4020 RMSE: 2.0981
INFO:root:Validation: Loss: 14.7265 RMSE: 3.8375
INFO:root:Epoch complete in 0m 43s
INFO:root:Epoch 220/240
INFO:root:----------
INFO:root:Training:   Loss: 4.4240 RMSE: 2.1033
INFO:root:Validation: Loss: 18.1894 RMSE: 4.2649
INFO:root:Epoch complete in 0m 43s
INFO:root:Epoch 221/240
INFO:root:----------
INFO:root:Training:   Loss: 4.6436 RMSE: 2.1549
INFO:root:Validation: Loss: 14.2994 RMSE: 3.7815
INFO:root:Epoch complete in 0m 43s
INFO:root:Epoch 222/240
INFO:root:----------
INFO:root:Training:   Loss: 4.5586 RMSE: 2.1351
INFO:root:Validation: Loss: 14.2702 RMSE: 3.7776
INFO:root:Epoch complete in 0m 43s
INFO:root:Epoch 223/240
INFO:root:----------
INFO:root:Training:   Loss: 4.3517 RMSE: 2.0861
INFO:root:Validation: Loss: 15.9585 RMSE: 3.9948
INFO:root:Epoch complete in 0m 43s
INFO:root:Epoch 224/240
INFO:root:----------
INFO:root:Training:   Loss: 4.2000 RMSE: 2.0494
INFO:root:Validation: Loss: 16.6738 RMSE: 4.0834
INFO:root:Epoch complete in 0m 43s
INFO:root:Epoch 225/240
INFO:root:----------
INFO:root:Training:   Loss: 4.4245 RMSE: 2.1035
INFO:root:Validation: Loss: 15.2688 RMSE: 3.9075
INFO:root:Epoch complete in 0m 43s
INFO:root:Epoch 226/240
INFO:root:----------
INFO:root:Training:   Loss: 4.6543 RMSE: 2.1574
INFO:root:Validation: Loss: 14.1206 RMSE: 3.7577
INFO:root:Epoch complete in 0m 43s
INFO:root:Epoch 227/240
INFO:root:----------
INFO:root:Training:   Loss: 4.3947 RMSE: 2.0963
INFO:root:Validation: Loss: 14.1515 RMSE: 3.7618
INFO:root:Epoch complete in 0m 43s
INFO:root:Epoch 228/240
INFO:root:----------
INFO:root:Training:   Loss: 5.1134 RMSE: 2.2613
INFO:root:Validation: Loss: 16.5028 RMSE: 4.0624
INFO:root:Epoch complete in 0m 43s
INFO:root:Epoch 229/240
INFO:root:----------
INFO:root:Training:   Loss: 4.6474 RMSE: 2.1558
INFO:root:Validation: Loss: 14.1273 RMSE: 3.7586
INFO:root:Epoch complete in 0m 43s
INFO:root:Epoch 230/240
INFO:root:----------
INFO:root:Training:   Loss: 4.1379 RMSE: 2.0342
INFO:root:Validation: Loss: 15.7630 RMSE: 3.9703
INFO:root:Epoch complete in 0m 43s
INFO:root:Epoch 231/240
INFO:root:----------
INFO:root:Training:   Loss: 4.2265 RMSE: 2.0559
INFO:root:Validation: Loss: 18.5032 RMSE: 4.3015
INFO:root:Epoch complete in 0m 43s
INFO:root:Epoch 232/240
INFO:root:----------
INFO:root:Training:   Loss: 4.2470 RMSE: 2.0608
INFO:root:Validation: Loss: 15.1754 RMSE: 3.8956
INFO:root:Epoch complete in 0m 43s
INFO:root:Epoch 233/240
INFO:root:----------
INFO:root:Training:   Loss: 4.3708 RMSE: 2.0906
INFO:root:Validation: Loss: 14.2552 RMSE: 3.7756
INFO:root:Epoch complete in 0m 43s
INFO:root:Epoch 234/240
INFO:root:----------
INFO:root:Training:   Loss: 4.6083 RMSE: 2.1467
INFO:root:Validation: Loss: 13.7564 RMSE: 3.7090
INFO:root:Epoch complete in 0m 43s
INFO:root:Epoch 235/240
INFO:root:----------
INFO:root:Training:   Loss: 4.4834 RMSE: 2.1174
INFO:root:Validation: Loss: 13.9338 RMSE: 3.7328
INFO:root:Epoch complete in 0m 43s
INFO:root:Epoch 236/240
INFO:root:----------
INFO:root:Training:   Loss: 4.7506 RMSE: 2.1796
INFO:root:Validation: Loss: 14.4725 RMSE: 3.8043
INFO:root:Epoch complete in 0m 43s
INFO:root:Epoch 237/240
INFO:root:----------
INFO:root:Training:   Loss: 4.4196 RMSE: 2.1023
INFO:root:Validation: Loss: 17.4551 RMSE: 4.1779
INFO:root:Epoch complete in 0m 43s
INFO:root:Epoch 238/240
INFO:root:----------
INFO:root:Training:   Loss: 4.3391 RMSE: 2.0831
INFO:root:Validation: Loss: 13.8217 RMSE: 3.7177
INFO:root:Epoch complete in 0m 43s
INFO:root:Epoch 239/240
INFO:root:----------
INFO:root:Training:   Loss: 4.4252 RMSE: 2.1036
INFO:root:Validation: Loss: 14.2807 RMSE: 3.7790
INFO:root:Epoch complete in 0m 43s
INFO:root:Epoch 240/240
INFO:root:----------
INFO:root:Training:   Loss: 4.4039 RMSE: 2.0986
INFO:root:Validation: Loss: 14.2223 RMSE: 3.7712
INFO:root:Epoch complete in 0m 43s
INFO:root:Training complete in 172m 40s
INFO:root:Best val loss: 13.602332
